<?xml version="1.0" encoding="UTF-8"?>
<testsuites name="New Test Suite" time="2" tests="0" failures="0" errors="1">
   <testsuite name="New Test Suite" tests="0" failures="0" errors="1" time="2" timestamp="2018-09-06 08:42:18" hostname="Agato - 172.20.13.209" id="Test Suites/New Test Suite">
      <properties>
         <property name="deviceName" value=""/>
         <property name="devicePlatform" value=""/>
         <property name="logFolder" value="C:\\Users\\Agato\\git\\Circutor\\Circutor\\Reports\\New Test Suite\\20180906_084216"/>
         <property name="logFiles" value="C:\\Users\\Agato\\git\\Circutor\\Circutor\\Reports\\New Test Suite\\20180906_084216\\execution0.log"/>
         <property name="attachments" value=""/>
         <property name="hostName" value="Agato - 172.20.13.209"/>
         <property name="hostAddress" value="172.20.13.209"/>
         <property name="os" value="Windows 10 64bit"/>
         <property name="katalonVersion" value="5.6.3.1"/>
      </properties>
      <testcase name="Test Cases/Rest/TC/ServiciosRest" classname="Test Cases/Rest/TC/ServiciosRest" status="ERROR">
         <error type="ERROR" message="Test Cases/Rest/TC/ServiciosRest FAILED because (of) groovy.lang.MissingMethodException: No signature of method: static com.kms.katalon.core.webservice.keyword.WSBuiltInKeywords.verifyResponseStatusCode() is applicable for argument types: (com.kms.katalon.core.testobject.RequestObject, java.lang.Integer) values: [TestObject - 'Object Repository/Rest/GetAllCountries', 200]
Possible solutions: verifyResponseStatusCode(com.kms.katalon.core.testobject.ResponseObject, int), verifyResponseStatusCode(com.kms.katalon.core.testobject.ResponseObject, int, com.kms.katalon.core.model.FailureHandling)"/>
         <system-out><![CDATA[2018-09-06 08:42:18 - [TEST_CASE][ERROR] - Test Cases/Rest/TC/ServiciosRest: Test Cases/Rest/TC/ServiciosRest FAILED because (of) groovy.lang.MissingMethodException: No signature of method: static com.kms.katalon.core.webservice.keyword.WSBuiltInKeywords.verifyResponseStatusCode() is applicable for argument types: (com.kms.katalon.core.testobject.RequestObject, java.lang.Integer) values: [TestObject - 'Object Repository/Rest/GetAllCountries', 200]
Possible solutions: verifyResponseStatusCode(com.kms.katalon.core.testobject.ResponseObject, int), verifyResponseStatusCode(com.kms.katalon.core.testobject.ResponseObject, int, com.kms.katalon.core.model.FailureHandling)

2018-09-06 08:42:19 - [TEST_STEP][PASSED] - sendRequest: Send request successfully

2018-09-06 08:42:20 - [MESSAGE][PASSED] - Send request successfully

2018-09-06 08:42:20 - [TEST_STEP][PASSED] - verifyResponseStatusCode: Finding Test Object with id 'Object Repository/Rest/GetAllCountries']]></system-out>
         <system-err><![CDATA[2018-09-06 08:42:18 - [TEST_CASE][ERROR] - Test Cases/Rest/TC/ServiciosRest: Test Cases/Rest/TC/ServiciosRest FAILED because (of) groovy.lang.MissingMethodException: No signature of method: static com.kms.katalon.core.webservice.keyword.WSBuiltInKeywords.verifyResponseStatusCode() is applicable for argument types: (com.kms.katalon.core.testobject.RequestObject, java.lang.Integer) values: [TestObject - 'Object Repository/Rest/GetAllCountries', 200]
Possible solutions: verifyResponseStatusCode(com.kms.katalon.core.testobject.ResponseObject, int), verifyResponseStatusCode(com.kms.katalon.core.testobject.ResponseObject, int, com.kms.katalon.core.model.FailureHandling)]]></system-err>
      </testcase>
      <system-out><![CDATA[2018-09-06 08:42:18 - [TEST_SUITE][ERROR] - New Test Suite: Test Cases/Rest/TC/ServiciosRest FAILED because (of) groovy.lang.MissingMethodException: No signature of method: static com.kms.katalon.core.webservice.keyword.WSBuiltInKeywords.verifyResponseStatusCode() is applicable for argument types: (com.kms.katalon.core.testobject.RequestObject, java.lang.Integer) values: [TestObject - 'Object Repository/Rest/GetAllCountries', 200]
Possible solutions: verifyResponseStatusCode(com.kms.katalon.core.testobject.ResponseObject, int), verifyResponseStatusCode(com.kms.katalon.core.testobject.ResponseObject, int, com.kms.katalon.core.model.FailureHandling)]]></system-out>
      <system-err><![CDATA[2018-09-06 08:42:18 - [TEST_SUITE][ERROR] - New Test Suite: Test Cases/Rest/TC/ServiciosRest FAILED because (of) groovy.lang.MissingMethodException: No signature of method: static com.kms.katalon.core.webservice.keyword.WSBuiltInKeywords.verifyResponseStatusCode() is applicable for argument types: (com.kms.katalon.core.testobject.RequestObject, java.lang.Integer) values: [TestObject - 'Object Repository/Rest/GetAllCountries', 200]
Possible solutions: verifyResponseStatusCode(com.kms.katalon.core.testobject.ResponseObject, int), verifyResponseStatusCode(com.kms.katalon.core.testobject.ResponseObject, int, com.kms.katalon.core.model.FailureHandling)]]></system-err>
   </testsuite>
</testsuites>
