<?xml version="1.0" encoding="UTF-8"?>
<testsuites name="TS_Regression" time="24" tests="3" failures="0" errors="0">
   <testsuite name="TS_Regression" tests="3" failures="0" errors="0" time="24" timestamp="2018-09-04 15:52:47" hostname="Agato - 172.20.13.209" id="Test Suites/TS_Regression">
      <properties>
         <property name="deviceName" value=""/>
         <property name="devicePlatform" value=""/>
         <property name="logFolder" value="C:\\Users\\Agato\\git\\Circutor\\Circutor\\Reports\\TS_Regression\\20180904_155246"/>
         <property name="logFiles" value="C:\\Users\\Agato\\git\\Circutor\\Circutor\\Reports\\TS_Regression\\20180904_155246\\execution0.log"/>
         <property name="attachments" value=""/>
         <property name="hostName" value="Agato - 172.20.13.209"/>
         <property name="os" value="Windows 10 64bit"/>
         <property name="katalonVersion" value="5.6.3.1"/>
         <property name="browser" value="Chrome 68.0.3440.106"/>
         <property name="hostAddress" value="172.20.13.209"/>
         <property name="sessionId" value="7e5b80707cb197187bd7233701702d2a"/>
         <property name="seleniumVersion" value="3.7.1"/>
         <property name="proxyInformation" value="ProxyInformation{proxyOption=NO_PROXY, proxyServerType=HTTP, password=, proxyServerAddress=, proxyServerPort=0}"/>
         <property name="platform" value="Windows 10"/>
      </properties>
      <testcase name="Test Cases/TC/TC_Home" classname="Test Cases/TC/TC_Home" status="PASSED">
         <system-out><![CDATA[2018-09-04 15:52:48 - [TEST_CASE][PASSED] - Test Cases/TC/TC_Home: Test Cases/TC/TC_Home

2018-09-04 15:52:48 - [TEST_STEP][PASSED] - callTestCase: Call Test Case 'Test Cases/Lib/Indice/OpenBrowser' successfully

2018-09-04 15:52:48 - [TEST_CASE][PASSED] - Test Cases/Lib/Indice/OpenBrowser: Test Cases/Lib/Indice/OpenBrowser

2018-09-04 15:52:49 - [TEST_STEP][PASSED] - openBrowser: Browser is opened with url: ''

2018-09-04 15:52:51 - [MESSAGE][PASSED] - Browser is opened with url: ''

2018-09-04 15:52:51 - [TEST_STEP][PASSED] - navigateToUrl: Navigate to 'http://192.168.2.121/init/index-en.html' successfully

2018-09-04 15:52:53 - [MESSAGE][PASSED] - Navigate to 'http://192.168.2.121/init/index-en.html' successfully

2018-09-04 15:52:53 - [TEST_STEP][PASSED] - click: Object: 'Object Repository/Index/Page_MYeBOX Cloud/a_I agree' is clicked on

2018-09-04 15:52:53 - [MESSAGE][PASSED] - Object: 'Object Repository/Index/Page_MYeBOX Cloud/a_I agree' is clicked on

2018-09-04 15:52:53 - [TEST_STEP][PASSED] - click: Object: 'Object Repository/Index/Page_MYeBOX Cloud/a_MYeBOXCloud' is clicked on

2018-09-04 15:52:54 - [MESSAGE][PASSED] - Object: 'Object Repository/Index/Page_MYeBOX Cloud/a_MYeBOXCloud' is clicked on

2018-09-04 15:52:54 - [MESSAGE][PASSED] - Call Test Case 'Test Cases/Lib/Indice/OpenBrowser' successfully

2018-09-04 15:52:54 - [TEST_STEP][PASSED] - callTestCase: Call Test Case 'Test Cases/Lib/Login/Login' successfully

2018-09-04 15:52:54 - [TEST_CASE][PASSED] - Test Cases/Lib/Login/Login: Test Cases/Lib/Login/Login

2018-09-04 15:52:54 - [TEST_STEP][PASSED] - setText: Text 'agato@opentrends.net' is set on object 'Object Repository/Home/Page_MyCircutor/input_email'

2018-09-04 15:52:54 - [MESSAGE][PASSED] - Text 'agato@opentrends.net' is set on object 'Object Repository/Home/Page_MyCircutor/input_email'

2018-09-04 15:52:54 - [TEST_STEP][PASSED] - setEncryptedText: Text ****** has been set on object 'Object Repository/Home/Page_MyCircutor/input_password'

2018-09-04 15:52:55 - [MESSAGE][PASSED] - Text ****** has been set on object 'Object Repository/Home/Page_MyCircutor/input_password'

2018-09-04 15:52:55 - [TEST_STEP][PASSED] - click: Object: 'Object Repository/Home/Page_MyCircutor/button_Login' is clicked on

2018-09-04 15:52:55 - [MESSAGE][PASSED] - Object: 'Object Repository/Home/Page_MyCircutor/button_Login' is clicked on

2018-09-04 15:52:55 - [MESSAGE][PASSED] - Call Test Case 'Test Cases/Lib/Login/Login' successfully

2018-09-04 15:52:55 - [TEST_STEP][PASSED] - callTestCase: Call Test Case 'Test Cases/Lib/Home/Home-Audit' successfully

2018-09-04 15:52:55 - [TEST_CASE][PASSED] - Test Cases/Lib/Home/Home-Audit: Test Cases/Lib/Home/Home-Audit

2018-09-04 15:52:55 - [TEST_STEP][PASSED] - click: Object: 'Object Repository/Home/Page_MyCircutor/a_Users' is clicked on

2018-09-04 15:52:55 - [MESSAGE][PASSED] - Object: 'Object Repository/Home/Page_MyCircutor/a_Users' is clicked on

2018-09-04 15:52:55 - [TEST_STEP][PASSED] - click: Object: 'Object Repository/Home/Page_MyCircutor/a_MYeBOXs' is clicked on

2018-09-04 15:52:56 - [MESSAGE][PASSED] - Object: 'Object Repository/Home/Page_MyCircutor/a_MYeBOXs' is clicked on

2018-09-04 15:52:56 - [TEST_STEP][PASSED] - click: Object: 'Object Repository/Home/Page_MyCircutor/a_Generated files' is clicked on

2018-09-04 15:52:56 - [MESSAGE][PASSED] - Object: 'Object Repository/Home/Page_MyCircutor/a_Generated files' is clicked on

2018-09-04 15:52:56 - [TEST_STEP][PASSED] - click: Object: 'Object Repository/Home/Page_MyCircutor/a_Firmwares' is clicked on

2018-09-04 15:52:56 - [MESSAGE][PASSED] - Object: 'Object Repository/Home/Page_MyCircutor/a_Firmwares' is clicked on

2018-09-04 15:52:56 - [TEST_STEP][PASSED] - click: Object: 'Object Repository/Home/Page_MyCircutor/a_Audit' is clicked on

2018-09-04 15:52:56 - [MESSAGE][PASSED] - Object: 'Object Repository/Home/Page_MyCircutor/a_Audit' is clicked on

2018-09-04 15:52:56 - [MESSAGE][PASSED] - Call Test Case 'Test Cases/Lib/Home/Home-Audit' successfully

2018-09-04 15:52:56 - [TEST_STEP][PASSED] - callTestCase: Call Test Case 'Test Cases/Lib/Home/Home-Firmwares' successfully

2018-09-04 15:52:56 - [TEST_CASE][PASSED] - Test Cases/Lib/Home/Home-Firmwares: Test Cases/Lib/Home/Home-Firmwares

2018-09-04 15:52:56 - [TEST_STEP][PASSED] - click: Object: 'Object Repository/Home/Page_MyCircutor/a_Firmwares' is clicked on

2018-09-04 15:52:56 - [MESSAGE][PASSED] - Object: 'Object Repository/Home/Page_MyCircutor/a_Firmwares' is clicked on

2018-09-04 15:52:56 - [MESSAGE][PASSED] - Call Test Case 'Test Cases/Lib/Home/Home-Firmwares' successfully

2018-09-04 15:52:56 - [TEST_STEP][PASSED] - callTestCase: Call Test Case 'Test Cases/Lib/Home/Home-GeneratedFiles' successfully

2018-09-04 15:52:56 - [TEST_CASE][PASSED] - Test Cases/Lib/Home/Home-GeneratedFiles: Test Cases/Lib/Home/Home-GeneratedFiles

2018-09-04 15:52:56 - [TEST_STEP][PASSED] - click: Object: 'Object Repository/Home/Page_MyCircutor/a_Generated files' is clicked on

2018-09-04 15:52:56 - [MESSAGE][PASSED] - Object: 'Object Repository/Home/Page_MyCircutor/a_Generated files' is clicked on

2018-09-04 15:52:56 - [MESSAGE][PASSED] - Call Test Case 'Test Cases/Lib/Home/Home-GeneratedFiles' successfully

2018-09-04 15:52:56 - [TEST_STEP][PASSED] - callTestCase: Call Test Case 'Test Cases/Lib/Home/Home-MYeBOx' successfully

2018-09-04 15:52:56 - [TEST_CASE][PASSED] - Test Cases/Lib/Home/Home-MYeBOx: Test Cases/Lib/Home/Home-MYeBOx

2018-09-04 15:52:57 - [TEST_STEP][PASSED] - click: Object: 'Object Repository/Home/Page_MyCircutor/a_MYeBOXs' is clicked on

2018-09-04 15:52:57 - [MESSAGE][PASSED] - Object: 'Object Repository/Home/Page_MyCircutor/a_MYeBOXs' is clicked on

2018-09-04 15:52:57 - [MESSAGE][PASSED] - Call Test Case 'Test Cases/Lib/Home/Home-MYeBOx' successfully

2018-09-04 15:52:57 - [TEST_STEP][PASSED] - callTestCase: Call Test Case 'Test Cases/Lib/Home/Home-Users' successfully

2018-09-04 15:52:57 - [TEST_CASE][PASSED] - Test Cases/Lib/Home/Home-Users: Test Cases/Lib/Home/Home-Users

2018-09-04 15:52:57 - [TEST_STEP][PASSED] - click: Object: 'Object Repository/Home/Page_MyCircutor/a_Audit' is clicked on

2018-09-04 15:52:57 - [MESSAGE][PASSED] - Object: 'Object Repository/Home/Page_MyCircutor/a_Audit' is clicked on

2018-09-04 15:52:57 - [MESSAGE][PASSED] - Call Test Case 'Test Cases/Lib/Home/Home-Users' successfully

2018-09-04 15:52:57 - [TEST_STEP][PASSED] - callTestCase: Call Test Case 'Test Cases/Lib/Indice/CloseBrowser' successfully

2018-09-04 15:52:57 - [TEST_CASE][PASSED] - Test Cases/Lib/Indice/CloseBrowser: Test Cases/Lib/Indice/CloseBrowser

2018-09-04 15:52:57 - [TEST_STEP][PASSED] - Statement - return null: null

2018-09-04 15:52:57 - [MESSAGE][PASSED] - Call Test Case 'Test Cases/Lib/Indice/CloseBrowser' successfully]]></system-out>
         <system-err><![CDATA[]]></system-err>
      </testcase>
      <testcase name="Test Cases/TC/TC_Login" classname="Test Cases/TC/TC_Login" status="PASSED">
         <system-out><![CDATA[2018-09-04 15:52:57 - [TEST_CASE][PASSED] - Test Cases/TC/TC_Login: Test Cases/TC/TC_Login

2018-09-04 15:52:57 - [TEST_STEP][PASSED] - callTestCase: Call Test Case 'Test Cases/Lib/Indice/OpenBrowser' successfully

2018-09-04 15:52:57 - [TEST_CASE][PASSED] - Test Cases/Lib/Indice/OpenBrowser: Test Cases/Lib/Indice/OpenBrowser

2018-09-04 15:52:57 - [TEST_STEP][PASSED] - openBrowser: Browser is opened with url: ''

2018-09-04 15:52:57 - [MESSAGE][WARNING] - A browser is already opened. Closing browser and opening a new one

2018-09-04 15:53:00 - [MESSAGE][PASSED] - Browser is opened with url: ''

2018-09-04 15:53:00 - [TEST_STEP][PASSED] - navigateToUrl: Navigate to 'http://192.168.2.121/init/index-en.html' successfully

2018-09-04 15:53:01 - [MESSAGE][PASSED] - Navigate to 'http://192.168.2.121/init/index-en.html' successfully

2018-09-04 15:53:01 - [TEST_STEP][PASSED] - click: Object: 'Object Repository/Index/Page_MYeBOX Cloud/a_I agree' is clicked on

2018-09-04 15:53:01 - [MESSAGE][PASSED] - Object: 'Object Repository/Index/Page_MYeBOX Cloud/a_I agree' is clicked on

2018-09-04 15:53:01 - [TEST_STEP][PASSED] - click: Object: 'Object Repository/Index/Page_MYeBOX Cloud/a_MYeBOXCloud' is clicked on

2018-09-04 15:53:02 - [MESSAGE][PASSED] - Object: 'Object Repository/Index/Page_MYeBOX Cloud/a_MYeBOXCloud' is clicked on

2018-09-04 15:53:02 - [MESSAGE][PASSED] - Call Test Case 'Test Cases/Lib/Indice/OpenBrowser' successfully

2018-09-04 15:53:02 - [TEST_STEP][PASSED] - callTestCase: Call Test Case 'Test Cases/Lib/Login/Login' successfully

2018-09-04 15:53:02 - [TEST_CASE][PASSED] - Test Cases/Lib/Login/Login: Test Cases/Lib/Login/Login

2018-09-04 15:53:02 - [TEST_STEP][PASSED] - setText: Text 'agato@opentrends.net' is set on object 'Object Repository/Home/Page_MyCircutor/input_email'

2018-09-04 15:53:02 - [MESSAGE][PASSED] - Text 'agato@opentrends.net' is set on object 'Object Repository/Home/Page_MyCircutor/input_email'

2018-09-04 15:53:02 - [TEST_STEP][PASSED] - setEncryptedText: Text ****** has been set on object 'Object Repository/Home/Page_MyCircutor/input_password'

2018-09-04 15:53:03 - [MESSAGE][PASSED] - Text ****** has been set on object 'Object Repository/Home/Page_MyCircutor/input_password'

2018-09-04 15:53:03 - [TEST_STEP][PASSED] - click: Object: 'Object Repository/Home/Page_MyCircutor/button_Login' is clicked on

2018-09-04 15:53:03 - [MESSAGE][PASSED] - Object: 'Object Repository/Home/Page_MyCircutor/button_Login' is clicked on

2018-09-04 15:53:03 - [MESSAGE][PASSED] - Call Test Case 'Test Cases/Lib/Login/Login' successfully

2018-09-04 15:53:03 - [TEST_STEP][PASSED] - callTestCase: Call Test Case 'Test Cases/Lib/Indice/CloseBrowser' successfully

2018-09-04 15:53:03 - [TEST_CASE][PASSED] - Test Cases/Lib/Indice/CloseBrowser: Test Cases/Lib/Indice/CloseBrowser

2018-09-04 15:53:03 - [TEST_STEP][PASSED] - Statement - return null: null

2018-09-04 15:53:03 - [MESSAGE][PASSED] - Call Test Case 'Test Cases/Lib/Indice/CloseBrowser' successfully]]></system-out>
         <system-err><![CDATA[]]></system-err>
      </testcase>
      <testcase name="Test Cases/TC/TC_NewUser" classname="Test Cases/TC/TC_NewUser" status="PASSED">
         <system-out><![CDATA[2018-09-04 15:53:03 - [TEST_CASE][PASSED] - Test Cases/TC/TC_NewUser: Test Cases/TC/TC_NewUser

2018-09-04 15:53:03 - [TEST_STEP][PASSED] - callTestCase: Call Test Case 'Test Cases/Lib/Indice/OpenBrowser' successfully

2018-09-04 15:53:03 - [TEST_CASE][PASSED] - Test Cases/Lib/Indice/OpenBrowser: Test Cases/Lib/Indice/OpenBrowser

2018-09-04 15:53:03 - [TEST_STEP][PASSED] - openBrowser: Browser is opened with url: ''

2018-09-04 15:53:03 - [MESSAGE][WARNING] - A browser is already opened. Closing browser and opening a new one

2018-09-04 15:53:06 - [MESSAGE][PASSED] - Browser is opened with url: ''

2018-09-04 15:53:06 - [TEST_STEP][PASSED] - navigateToUrl: Navigate to 'http://192.168.2.121/init/index-en.html' successfully

2018-09-04 15:53:09 - [MESSAGE][PASSED] - Navigate to 'http://192.168.2.121/init/index-en.html' successfully

2018-09-04 15:53:09 - [TEST_STEP][PASSED] - click: Object: 'Object Repository/Index/Page_MYeBOX Cloud/a_I agree' is clicked on

2018-09-04 15:53:09 - [MESSAGE][PASSED] - Object: 'Object Repository/Index/Page_MYeBOX Cloud/a_I agree' is clicked on

2018-09-04 15:53:09 - [TEST_STEP][PASSED] - click: Object: 'Object Repository/Index/Page_MYeBOX Cloud/a_MYeBOXCloud' is clicked on

2018-09-04 15:53:10 - [MESSAGE][PASSED] - Object: 'Object Repository/Index/Page_MYeBOX Cloud/a_MYeBOXCloud' is clicked on

2018-09-04 15:53:10 - [MESSAGE][PASSED] - Call Test Case 'Test Cases/Lib/Indice/OpenBrowser' successfully

2018-09-04 15:53:10 - [TEST_STEP][PASSED] - callTestCase: Call Test Case 'Test Cases/Lib/Login/NewUser' successfully

2018-09-04 15:53:10 - [TEST_CASE][PASSED] - Test Cases/Lib/Login/NewUser: Test Cases/Lib/Login/NewUser

2018-09-04 15:53:10 - [TEST_STEP][PASSED] - click: Object: 'Object Repository/Index/Page_MyCircutor/button_Create a new account' is clicked on

2018-09-04 15:53:10 - [MESSAGE][PASSED] - Object: 'Object Repository/Index/Page_MyCircutor/button_Create a new account' is clicked on

2018-09-04 15:53:10 - [TEST_STEP][PASSED] - click: Object: 'Object Repository/Index/Page_MyCircutor/div_Company name' is clicked on

2018-09-04 15:53:10 - [MESSAGE][PASSED] - Object: 'Object Repository/Index/Page_MyCircutor/div_Company name' is clicked on

2018-09-04 15:53:10 - [TEST_STEP][PASSED] - setText: Text 'Opentrends' is set on object 'Object Repository/Index/Page_MyCircutor/input_enterpriseName'

2018-09-04 15:53:10 - [MESSAGE][PASSED] - Text 'Opentrends' is set on object 'Object Repository/Index/Page_MyCircutor/input_enterpriseName'

2018-09-04 15:53:10 - [TEST_STEP][NOT_RUN] - click: NOT_RUN: click

2018-09-04 15:53:10 - [MESSAGE][NOT_RUN] - NOT_RUN: click

2018-09-04 15:53:10 - [TEST_STEP][NOT_RUN] - click: NOT_RUN: click

2018-09-04 15:53:10 - [MESSAGE][NOT_RUN] - NOT_RUN: click

2018-09-04 15:53:10 - [TEST_STEP][PASSED] - setText: Text 'Prueba1' is set on object 'Object Repository/Index/Page_MyCircutor/input_userName'

2018-09-04 15:53:11 - [MESSAGE][PASSED] - Text 'Prueba1' is set on object 'Object Repository/Index/Page_MyCircutor/input_userName'

2018-09-04 15:53:11 - [TEST_STEP][PASSED] - click: Object: 'Object Repository/Index/Page_MyCircutor/div_EMAIL' is clicked on

2018-09-04 15:53:11 - [MESSAGE][PASSED] - Object: 'Object Repository/Index/Page_MyCircutor/div_EMAIL' is clicked on

2018-09-04 15:53:11 - [TEST_STEP][PASSED] - setText: Text 'agato@opentrends.net' is set on object 'Object Repository/Index/Page_MyCircutor/input_email'

2018-09-04 15:53:11 - [MESSAGE][PASSED] - Text 'agato@opentrends.net' is set on object 'Object Repository/Index/Page_MyCircutor/input_email'

2018-09-04 15:53:11 - [TEST_STEP][PASSED] - setText: Text 'BArcelona' is set on object 'Object Repository/Index/Page_MyCircutor/input_city'

2018-09-04 15:53:11 - [MESSAGE][PASSED] - Text 'BArcelona' is set on object 'Object Repository/Index/Page_MyCircutor/input_city'

2018-09-04 15:53:11 - [TEST_STEP][PASSED] - click: Object: 'Object Repository/Index/Page_MyCircutor/i_glyphicon glyphicon-menu-dow_1' is clicked on

2018-09-04 15:53:11 - [MESSAGE][PASSED] - Object: 'Object Repository/Index/Page_MyCircutor/i_glyphicon glyphicon-menu-dow_1' is clicked on

2018-09-04 15:53:11 - [TEST_STEP][PASSED] - click: Object: 'Object Repository/Index/Page_MyCircutor/a_Head of department' is clicked on

2018-09-04 15:53:11 - [MESSAGE][PASSED] - Object: 'Object Repository/Index/Page_MyCircutor/a_Head of department' is clicked on

2018-09-04 15:53:11 - [TEST_STEP][PASSED] - setEncryptedText: Text ****** has been set on object 'Object Repository/Index/Page_MyCircutor/input_password'

2018-09-04 15:53:11 - [MESSAGE][PASSED] - Text ****** has been set on object 'Object Repository/Index/Page_MyCircutor/input_password'

2018-09-04 15:53:11 - [TEST_STEP][PASSED] - setEncryptedText: Text ****** has been set on object 'Object Repository/Index/Page_MyCircutor/input_repeatedPassword'

2018-09-04 15:53:11 - [MESSAGE][PASSED] - Text ****** has been set on object 'Object Repository/Index/Page_MyCircutor/input_repeatedPassword'

2018-09-04 15:53:11 - [TEST_STEP][PASSED] - click: Object: 'Object Repository/Index/Page_MyCircutor/label_I want to receive email' is clicked on

2018-09-04 15:53:11 - [MESSAGE][PASSED] - Object: 'Object Repository/Index/Page_MyCircutor/label_I want to receive email' is clicked on

2018-09-04 15:53:11 - [TEST_STEP][PASSED] - click: Object: 'Object Repository/Index/Page_MyCircutor/label_I accept the privacy pol' is clicked on

2018-09-04 15:53:11 - [MESSAGE][PASSED] - Object: 'Object Repository/Index/Page_MyCircutor/label_I accept the privacy pol' is clicked on

2018-09-04 15:53:11 - [TEST_STEP][NOT_RUN] - click: NOT_RUN: click

2018-09-04 15:53:11 - [MESSAGE][NOT_RUN] - NOT_RUN: click

2018-09-04 15:53:11 - [MESSAGE][PASSED] - Call Test Case 'Test Cases/Lib/Login/NewUser' successfully

2018-09-04 15:53:11 - [TEST_STEP][PASSED] - callTestCase: Call Test Case 'Test Cases/Lib/Indice/CloseBrowser' successfully

2018-09-04 15:53:12 - [TEST_CASE][PASSED] - Test Cases/Lib/Indice/CloseBrowser: Test Cases/Lib/Indice/CloseBrowser

2018-09-04 15:53:12 - [TEST_STEP][PASSED] - Statement - return null: null

2018-09-04 15:53:12 - [MESSAGE][PASSED] - Call Test Case 'Test Cases/Lib/Indice/CloseBrowser' successfully]]></system-out>
         <system-err><![CDATA[]]></system-err>
      </testcase>
      <system-out><![CDATA[2018-09-04 15:52:47 - [TEST_SUITE][PASSED] - TS_Regression: Test Cases/TC/TC_NewUser]]></system-out>
      <system-err><![CDATA[]]></system-err>
   </testsuite>
</testsuites>
