<?xml version="1.0" encoding="UTF-8"?>
<testsuites name="TS_AppRegression" time="83" tests="1" failures="0" errors="0">
   <testsuite name="TS_AppRegression" tests="1" failures="0" errors="0" time="83" timestamp="2018-09-04 17:14:37" hostname="Agato - 172.20.13.209" id="Test Suites/App/TS_AppRegression">
      <properties>
         <property name="deviceName" value="samsung SM-G920F (Android 7.0)"/>
         <property name="devicePlatform" value=""/>
         <property name="logFolder" value="C:\\Users\\Agato\\git\\Circutor\\Circutor\\Reports\\App\\TS_AppRegression\\20180904_171435"/>
         <property name="logFiles" value="C:\\Users\\Agato\\git\\Circutor\\Circutor\\Reports\\App\\TS_AppRegression\\20180904_171435\\appium.log, C:\\Users\\Agato\\git\\Circutor\\Circutor\\Reports\\App\\TS_AppRegression\\20180904_171435\\execution0.log"/>
         <property name="attachments" value=""/>
         <property name="hostName" value="Agato - 172.20.13.209"/>
         <property name="os" value="Windows 10 64bit"/>
         <property name="katalonVersion" value="5.6.3.1"/>
         <property name="deviceOS" value="Android"/>
         <property name="appiumVersion" value="1.8.1"/>
         <property name="deviceModel" value="SM-G920F"/>
         <property name="hostAddress" value="172.20.13.209"/>
         <property name="deviceManufacturer" value="samsung"/>
         <property name="deviceId" value="10160a0973263f03"/>
         <property name="deviceName" value="samsung SM-G920F (Android 7.0)"/>
         <property name="deviceOSVersion" value="7.0"/>
      </properties>
      <testcase name="Test Cases/App/Android/TC/New Test Case" classname="Test Cases/App/Android/TC/New Test Case" status="PASSED">
         <system-out><![CDATA[2018-09-04 17:14:37 - [TEST_CASE][PASSED] - Test Cases/App/Android/TC/New Test Case: Test Cases/App/Android/TC/New Test Case

2018-09-04 17:14:38 - [TEST_STEP][PASSED] - callTestCase: Call Test Case 'Test Cases/App/Android/Lib/InstallApp' successfully

2018-09-04 17:14:38 - [TEST_CASE][PASSED] - Test Cases/App/Android/Lib/InstallApp: Test Cases/App/Android/Lib/InstallApp

2018-09-04 17:14:38 - [TEST_STEP][PASSED] - startApplication: Started app at: 'C:\Users\Agato\Desktop\agato1\Migracion\ApiDemosApp\ApiDemos-debug.apk'

2018-09-04 17:15:21 - [MESSAGE][PASSED] - Started app at: 'C:\Users\Agato\Desktop\agato1\Migracion\ApiDemosApp\ApiDemos-debug.apk'

2018-09-04 17:15:21 - [MESSAGE][PASSED] - Call Test Case 'Test Cases/App/Android/Lib/InstallApp' successfully

2018-09-04 17:15:21 - [TEST_STEP][PASSED] - callTestCase: Call Test Case 'Test Cases/App/Android/Lib/New Test Case' successfully

2018-09-04 17:15:21 - [TEST_CASE][PASSED] - Test Cases/App/Android/Lib/New Test Case: Test Cases/App/Android/Lib/New Test Case

2018-09-04 17:15:22 - [TEST_STEP][PASSED] - tap: Tapped on element 'Object Repository/App/Android/Indice/android.widget.TextView1 - Accessibility'

2018-09-04 17:15:22 - [MESSAGE][WARNING] - Timeout '0' is invalid. Using default page load timeout: '30'

2018-09-04 17:15:24 - [MESSAGE][PASSED] - Tapped on element 'Object Repository/App/Android/Indice/android.widget.TextView1 - Accessibility'

2018-09-04 17:15:24 - [TEST_STEP][PASSED] - pressBack: Press back button successfully

2018-09-04 17:15:24 - [MESSAGE][PASSED] - Press back button successfully

2018-09-04 17:15:24 - [TEST_STEP][PASSED] - tap: Tapped on element 'Object Repository/App/Android/Indice/android.widget.TextView2 - Animation'

2018-09-04 17:15:24 - [MESSAGE][WARNING] - Timeout '0' is invalid. Using default page load timeout: '30'

2018-09-04 17:15:26 - [MESSAGE][PASSED] - Tapped on element 'Object Repository/App/Android/Indice/android.widget.TextView2 - Animation'

2018-09-04 17:15:26 - [TEST_STEP][PASSED] - pressBack: Press back button successfully

2018-09-04 17:15:27 - [MESSAGE][PASSED] - Press back button successfully

2018-09-04 17:15:27 - [TEST_STEP][PASSED] - tap: Tapped on element 'Object Repository/App/Android/Indice/android.widget.TextView3 - App'

2018-09-04 17:15:27 - [MESSAGE][WARNING] - Timeout '0' is invalid. Using default page load timeout: '30'

2018-09-04 17:15:29 - [MESSAGE][PASSED] - Tapped on element 'Object Repository/App/Android/Indice/android.widget.TextView3 - App'

2018-09-04 17:15:29 - [TEST_STEP][PASSED] - pressBack: Press back button successfully

2018-09-04 17:15:30 - [MESSAGE][PASSED] - Press back button successfully

2018-09-04 17:15:30 - [TEST_STEP][PASSED] - tap: Tapped on element 'Object Repository/App/Android/Indice/android.widget.TextView4 - Content'

2018-09-04 17:15:30 - [MESSAGE][WARNING] - Timeout '0' is invalid. Using default page load timeout: '30'

2018-09-04 17:15:32 - [MESSAGE][PASSED] - Tapped on element 'Object Repository/App/Android/Indice/android.widget.TextView4 - Content'

2018-09-04 17:15:32 - [TEST_STEP][PASSED] - pressBack: Press back button successfully

2018-09-04 17:15:33 - [MESSAGE][PASSED] - Press back button successfully

2018-09-04 17:15:33 - [TEST_STEP][PASSED] - tap: Tapped on element 'Object Repository/App/Android/Indice/android.widget.TextView5 - Graphics'

2018-09-04 17:15:33 - [MESSAGE][WARNING] - Timeout '0' is invalid. Using default page load timeout: '30'

2018-09-04 17:15:35 - [MESSAGE][PASSED] - Tapped on element 'Object Repository/App/Android/Indice/android.widget.TextView5 - Graphics'

2018-09-04 17:15:35 - [TEST_STEP][PASSED] - pressBack: Press back button successfully

2018-09-04 17:15:36 - [MESSAGE][PASSED] - Press back button successfully

2018-09-04 17:15:36 - [TEST_STEP][PASSED] - tap: Tapped on element 'Object Repository/App/Android/Indice/android.widget.TextView6 - Media'

2018-09-04 17:15:36 - [MESSAGE][WARNING] - Timeout '0' is invalid. Using default page load timeout: '30'

2018-09-04 17:15:38 - [MESSAGE][PASSED] - Tapped on element 'Object Repository/App/Android/Indice/android.widget.TextView6 - Media'

2018-09-04 17:15:38 - [TEST_STEP][PASSED] - pressBack: Press back button successfully

2018-09-04 17:15:39 - [MESSAGE][PASSED] - Press back button successfully

2018-09-04 17:15:39 - [TEST_STEP][PASSED] - tap: Tapped on element 'Object Repository/App/Android/Indice/android.widget.TextView7 - NFC'

2018-09-04 17:15:39 - [MESSAGE][WARNING] - Timeout '0' is invalid. Using default page load timeout: '30'

2018-09-04 17:15:41 - [MESSAGE][PASSED] - Tapped on element 'Object Repository/App/Android/Indice/android.widget.TextView7 - NFC'

2018-09-04 17:15:41 - [TEST_STEP][PASSED] - pressBack: Press back button successfully

2018-09-04 17:15:42 - [MESSAGE][PASSED] - Press back button successfully

2018-09-04 17:15:42 - [TEST_STEP][PASSED] - tap: Tapped on element 'Object Repository/App/Android/Indice/android.widget.TextView8 - OS'

2018-09-04 17:15:42 - [MESSAGE][WARNING] - Timeout '0' is invalid. Using default page load timeout: '30'

2018-09-04 17:15:44 - [MESSAGE][PASSED] - Tapped on element 'Object Repository/App/Android/Indice/android.widget.TextView8 - OS'

2018-09-04 17:15:44 - [TEST_STEP][PASSED] - pressBack: Press back button successfully

2018-09-04 17:15:45 - [MESSAGE][PASSED] - Press back button successfully

2018-09-04 17:15:45 - [TEST_STEP][PASSED] - tap: Tapped on element 'Object Repository/App/Android/Indice/android.widget.TextView9 - Preference'

2018-09-04 17:15:45 - [MESSAGE][WARNING] - Timeout '0' is invalid. Using default page load timeout: '30'

2018-09-04 17:15:47 - [MESSAGE][PASSED] - Tapped on element 'Object Repository/App/Android/Indice/android.widget.TextView9 - Preference'

2018-09-04 17:15:47 - [TEST_STEP][PASSED] - pressBack: Press back button successfully

2018-09-04 17:15:48 - [MESSAGE][PASSED] - Press back button successfully

2018-09-04 17:15:48 - [TEST_STEP][PASSED] - tap: Tapped on element 'Object Repository/App/Android/Indice/android.widget.TextView9 - Preference'

2018-09-04 17:15:48 - [MESSAGE][WARNING] - Timeout '0' is invalid. Using default page load timeout: '30'

2018-09-04 17:15:50 - [MESSAGE][PASSED] - Tapped on element 'Object Repository/App/Android/Indice/android.widget.TextView9 - Preference'

2018-09-04 17:15:50 - [TEST_STEP][PASSED] - pressBack: Press back button successfully

2018-09-04 17:15:50 - [MESSAGE][PASSED] - Press back button successfully

2018-09-04 17:15:50 - [TEST_STEP][PASSED] - tap: Tapped on element 'Object Repository/App/Android/Indice/android.widget.TextView10 - Text'

2018-09-04 17:15:50 - [MESSAGE][WARNING] - Timeout '0' is invalid. Using default page load timeout: '30'

2018-09-04 17:15:53 - [MESSAGE][PASSED] - Tapped on element 'Object Repository/App/Android/Indice/android.widget.TextView10 - Text'

2018-09-04 17:15:53 - [TEST_STEP][PASSED] - pressBack: Press back button successfully

2018-09-04 17:15:53 - [MESSAGE][PASSED] - Press back button successfully

2018-09-04 17:15:53 - [TEST_STEP][PASSED] - tap: Tapped on element 'Object Repository/App/Android/Indice/android.widget.TextView11 - Views'

2018-09-04 17:15:53 - [MESSAGE][WARNING] - Timeout '0' is invalid. Using default page load timeout: '30'

2018-09-04 17:15:55 - [MESSAGE][PASSED] - Tapped on element 'Object Repository/App/Android/Indice/android.widget.TextView11 - Views'

2018-09-04 17:15:55 - [TEST_STEP][PASSED] - pressBack: Press back button successfully

2018-09-04 17:15:56 - [MESSAGE][PASSED] - Press back button successfully

2018-09-04 17:15:56 - [MESSAGE][PASSED] - Call Test Case 'Test Cases/App/Android/Lib/New Test Case' successfully

2018-09-04 17:15:56 - [TEST_STEP][PASSED] - callTestCase: Call Test Case 'Test Cases/App/Android/Lib/CloseApp' successfully

2018-09-04 17:15:56 - [TEST_CASE][PASSED] - Test Cases/App/Android/Lib/CloseApp: Test Cases/App/Android/Lib/CloseApp

2018-09-04 17:15:56 - [TEST_STEP][PASSED] - closeApplication: Close app successfully

2018-09-04 17:16:00 - [MESSAGE][PASSED] - Close app successfully

2018-09-04 17:16:00 - [MESSAGE][PASSED] - Call Test Case 'Test Cases/App/Android/Lib/CloseApp' successfully]]></system-out>
         <system-err><![CDATA[]]></system-err>
      </testcase>
      <system-out><![CDATA[2018-09-04 17:14:37 - [TEST_SUITE][PASSED] - TS_AppRegression: Test Cases/App/Android/TC/New Test Case]]></system-out>
      <system-err><![CDATA[]]></system-err>
   </testsuite>
</testsuites>
