<?xml version="1.0" encoding="UTF-8"?>
<testsuites name="TS_AppRegression" time="557" tests="11" failures="1" errors="0">
   <testsuite name="TS_AppRegression" tests="11" failures="1" errors="0" time="557" timestamp="2018-09-05 16:37:21" hostname="Agato - 172.20.13.209" id="Test Suites/Web/TS_AppRegression">
      <properties>
         <property name="deviceName" value="samsung SM-G920F (Android 7.0)"/>
         <property name="devicePlatform" value=""/>
         <property name="logFolder" value="C:\\Users\\Agato\\git\\Circutor\\Circutor\\Reports\\Web\\TS_AppRegression\\20180905_163717"/>
         <property name="logFiles" value="C:\\Users\\Agato\\git\\Circutor\\Circutor\\Reports\\Web\\TS_AppRegression\\20180905_163717\\appium.log, C:\\Users\\Agato\\git\\Circutor\\Circutor\\Reports\\Web\\TS_AppRegression\\20180905_163717\\execution0.log"/>
         <property name="attachments" value="C:\\Users\\Agato\\git\\Circutor\\Circutor\\Reports\\Web\\TS_AppRegression\\20180905_163717\\1536158794785.png, C:\\Users\\Agato\\git\\Circutor\\Circutor\\Reports\\Web\\TS_AppRegression\\20180905_163717\\1536158795599.png"/>
         <property name="hostName" value="Agato - 172.20.13.209"/>
         <property name="os" value="Windows 10 64bit"/>
         <property name="katalonVersion" value="5.6.3.1"/>
         <property name="deviceOS" value="Android"/>
         <property name="appiumVersion" value="1.8.1"/>
         <property name="deviceModel" value="SM-G920F"/>
         <property name="hostAddress" value="172.20.13.209"/>
         <property name="deviceManufacturer" value="samsung"/>
         <property name="deviceId" value="10160a0973263f03"/>
         <property name="deviceName" value="samsung SM-G920F (Android 7.0)"/>
         <property name="deviceOSVersion" value="7.0"/>
      </properties>
      <testcase name="Test Cases/App/Android/TC/TC__List1" classname="Test Cases/App/Android/TC/TC__List1" status="PASSED">
         <system-out><![CDATA[2018-09-05 16:37:21 - [TEST_CASE][PASSED] - Test Cases/App/Android/TC/TC__List1: Test Cases/App/Android/TC/TC__List1

2018-09-05 16:37:21 - [TEST_STEP][PASSED] - callTestCase: Call Test Case 'Test Cases/App/Android/Lib/InstallApp' successfully

2018-09-05 16:37:21 - [TEST_CASE][PASSED] - Test Cases/App/Android/Lib/InstallApp: Test Cases/App/Android/Lib/InstallApp

2018-09-05 16:37:21 - [TEST_STEP][PASSED] - startApplication: Started app at: 'C:\Users\Agato\Desktop\agato1\Migracion\ApiDemosApp\ApiDemos-debug.apk'

2018-09-05 16:37:58 - [MESSAGE][PASSED] - Started app at: 'C:\Users\Agato\Desktop\agato1\Migracion\ApiDemosApp\ApiDemos-debug.apk'

2018-09-05 16:37:58 - [MESSAGE][PASSED] - Call Test Case 'Test Cases/App/Android/Lib/InstallApp' successfully

2018-09-05 16:37:58 - [TEST_STEP][PASSED] - callTestCase: Call Test Case 'Test Cases/App/Android/Lib/List1' successfully

2018-09-05 16:37:58 - [TEST_CASE][PASSED] - Test Cases/App/Android/Lib/List1: Test Cases/App/Android/Lib/List1

2018-09-05 16:37:58 - [TEST_STEP][PASSED] - tap: Tapped on element 'Object Repository/App/Android/Indice/android.widget.TextView1 - Accessibility'

2018-09-05 16:37:58 - [MESSAGE][WARNING] - Timeout '0' is invalid. Using default page load timeout: '30'

2018-09-05 16:38:00 - [MESSAGE][PASSED] - Tapped on element 'Object Repository/App/Android/Indice/android.widget.TextView1 - Accessibility'

2018-09-05 16:38:00 - [MESSAGE][PASSED] - Call Test Case 'Test Cases/App/Android/Lib/List1' successfully

2018-09-05 16:38:00 - [TEST_STEP][PASSED] - callTestCase: Call Test Case 'Test Cases/App/Android/Lib/CloseApp' successfully

2018-09-05 16:38:00 - [TEST_CASE][PASSED] - Test Cases/App/Android/Lib/CloseApp: Test Cases/App/Android/Lib/CloseApp

2018-09-05 16:38:00 - [TEST_STEP][PASSED] - closeApplication: Close app successfully

2018-09-05 16:38:03 - [MESSAGE][PASSED] - Close app successfully

2018-09-05 16:38:03 - [MESSAGE][PASSED] - Call Test Case 'Test Cases/App/Android/Lib/CloseApp' successfully]]></system-out>
         <system-err><![CDATA[]]></system-err>
      </testcase>
      <testcase name="Test Cases/App/Android/TC/TC__CompleateList" classname="Test Cases/App/Android/TC/TC__CompleateList" status="PASSED">
         <system-out><![CDATA[2018-09-05 16:38:03 - [TEST_CASE][PASSED] - Test Cases/App/Android/TC/TC__CompleateList: Test Cases/App/Android/TC/TC__CompleateList

2018-09-05 16:38:03 - [TEST_STEP][PASSED] - callTestCase: Call Test Case 'Test Cases/App/Android/Lib/InstallApp' successfully

2018-09-05 16:38:04 - [TEST_CASE][PASSED] - Test Cases/App/Android/Lib/InstallApp: Test Cases/App/Android/Lib/InstallApp

2018-09-05 16:38:04 - [TEST_STEP][PASSED] - startApplication: Started app at: 'C:\Users\Agato\Desktop\agato1\Migracion\ApiDemosApp\ApiDemos-debug.apk'

2018-09-05 16:38:37 - [MESSAGE][PASSED] - Started app at: 'C:\Users\Agato\Desktop\agato1\Migracion\ApiDemosApp\ApiDemos-debug.apk'

2018-09-05 16:38:37 - [MESSAGE][PASSED] - Call Test Case 'Test Cases/App/Android/Lib/InstallApp' successfully

2018-09-05 16:38:37 - [TEST_STEP][PASSED] - callTestCase: Call Test Case 'Test Cases/App/Android/Lib/List1' successfully

2018-09-05 16:38:37 - [TEST_CASE][PASSED] - Test Cases/App/Android/Lib/List1: Test Cases/App/Android/Lib/List1

2018-09-05 16:38:37 - [TEST_STEP][PASSED] - tap: Tapped on element 'Object Repository/App/Android/Indice/android.widget.TextView1 - Accessibility'

2018-09-05 16:38:37 - [MESSAGE][WARNING] - Timeout '0' is invalid. Using default page load timeout: '30'

2018-09-05 16:38:39 - [MESSAGE][PASSED] - Tapped on element 'Object Repository/App/Android/Indice/android.widget.TextView1 - Accessibility'

2018-09-05 16:38:39 - [MESSAGE][PASSED] - Call Test Case 'Test Cases/App/Android/Lib/List1' successfully

2018-09-05 16:38:39 - [TEST_STEP][PASSED] - callTestCase: Call Test Case 'Test Cases/App/Android/Lib/CloseApp' successfully

2018-09-05 16:38:39 - [TEST_CASE][PASSED] - Test Cases/App/Android/Lib/CloseApp: Test Cases/App/Android/Lib/CloseApp

2018-09-05 16:38:39 - [TEST_STEP][PASSED] - closeApplication: Close app successfully

2018-09-05 16:38:42 - [MESSAGE][PASSED] - Close app successfully

2018-09-05 16:38:42 - [MESSAGE][PASSED] - Call Test Case 'Test Cases/App/Android/Lib/CloseApp' successfully]]></system-out>
         <system-err><![CDATA[]]></system-err>
      </testcase>
      <testcase name="Test Cases/App/Android/TC/TC__List10" classname="Test Cases/App/Android/TC/TC__List10" status="PASSED">
         <system-out><![CDATA[2018-09-05 16:38:42 - [TEST_CASE][PASSED] - Test Cases/App/Android/TC/TC__List10: Test Cases/App/Android/TC/TC__List10

2018-09-05 16:38:42 - [TEST_STEP][PASSED] - callTestCase: Call Test Case 'Test Cases/App/Android/Lib/InstallApp' successfully

2018-09-05 16:38:42 - [TEST_CASE][PASSED] - Test Cases/App/Android/Lib/InstallApp: Test Cases/App/Android/Lib/InstallApp

2018-09-05 16:38:42 - [TEST_STEP][PASSED] - startApplication: Started app at: 'C:\Users\Agato\Desktop\agato1\Migracion\ApiDemosApp\ApiDemos-debug.apk'

2018-09-05 16:39:14 - [MESSAGE][PASSED] - Started app at: 'C:\Users\Agato\Desktop\agato1\Migracion\ApiDemosApp\ApiDemos-debug.apk'

2018-09-05 16:39:14 - [MESSAGE][PASSED] - Call Test Case 'Test Cases/App/Android/Lib/InstallApp' successfully

2018-09-05 16:39:14 - [TEST_STEP][PASSED] - callTestCase: Call Test Case 'Test Cases/App/Android/Lib/List10' successfully

2018-09-05 16:39:14 - [TEST_CASE][PASSED] - Test Cases/App/Android/Lib/List10: Test Cases/App/Android/Lib/List10

2018-09-05 16:39:14 - [TEST_STEP][PASSED] - tap: Tapped on element 'Object Repository/App/Android/Indice/android.widget.TextView10 - Text'

2018-09-05 16:39:14 - [MESSAGE][WARNING] - Timeout '0' is invalid. Using default page load timeout: '30'

2018-09-05 16:39:16 - [MESSAGE][PASSED] - Tapped on element 'Object Repository/App/Android/Indice/android.widget.TextView10 - Text'

2018-09-05 16:39:16 - [MESSAGE][PASSED] - Call Test Case 'Test Cases/App/Android/Lib/List10' successfully

2018-09-05 16:39:16 - [TEST_STEP][PASSED] - callTestCase: Call Test Case 'Test Cases/App/Android/Lib/CloseApp' successfully

2018-09-05 16:39:16 - [TEST_CASE][PASSED] - Test Cases/App/Android/Lib/CloseApp: Test Cases/App/Android/Lib/CloseApp

2018-09-05 16:39:16 - [TEST_STEP][PASSED] - closeApplication: Close app successfully

2018-09-05 16:39:20 - [MESSAGE][PASSED] - Close app successfully

2018-09-05 16:39:20 - [MESSAGE][PASSED] - Call Test Case 'Test Cases/App/Android/Lib/CloseApp' successfully]]></system-out>
         <system-err><![CDATA[]]></system-err>
      </testcase>
      <testcase name="Test Cases/App/Android/TC/TC__List11" classname="Test Cases/App/Android/TC/TC__List11" status="PASSED">
         <system-out><![CDATA[2018-09-05 16:39:20 - [TEST_CASE][PASSED] - Test Cases/App/Android/TC/TC__List11: Test Cases/App/Android/TC/TC__List11

2018-09-05 16:39:20 - [TEST_STEP][PASSED] - callTestCase: Call Test Case 'Test Cases/App/Android/Lib/InstallApp' successfully

2018-09-05 16:39:20 - [TEST_CASE][PASSED] - Test Cases/App/Android/Lib/InstallApp: Test Cases/App/Android/Lib/InstallApp

2018-09-05 16:39:20 - [TEST_STEP][PASSED] - startApplication: Started app at: 'C:\Users\Agato\Desktop\agato1\Migracion\ApiDemosApp\ApiDemos-debug.apk'

2018-09-05 16:40:03 - [MESSAGE][PASSED] - Started app at: 'C:\Users\Agato\Desktop\agato1\Migracion\ApiDemosApp\ApiDemos-debug.apk'

2018-09-05 16:40:03 - [MESSAGE][PASSED] - Call Test Case 'Test Cases/App/Android/Lib/InstallApp' successfully

2018-09-05 16:40:03 - [TEST_STEP][PASSED] - callTestCase: Call Test Case 'Test Cases/App/Android/Lib/List11' successfully

2018-09-05 16:40:03 - [TEST_CASE][PASSED] - Test Cases/App/Android/Lib/List11: Test Cases/App/Android/Lib/List11

2018-09-05 16:40:03 - [TEST_STEP][PASSED] - tap: Tapped on element 'Object Repository/App/Android/Indice/android.widget.TextView11 - Views'

2018-09-05 16:40:03 - [MESSAGE][WARNING] - Timeout '0' is invalid. Using default page load timeout: '30'

2018-09-05 16:40:05 - [MESSAGE][PASSED] - Tapped on element 'Object Repository/App/Android/Indice/android.widget.TextView11 - Views'

2018-09-05 16:40:05 - [MESSAGE][PASSED] - Call Test Case 'Test Cases/App/Android/Lib/List11' successfully

2018-09-05 16:40:05 - [TEST_STEP][PASSED] - callTestCase: Call Test Case 'Test Cases/App/Android/Lib/CloseApp' successfully

2018-09-05 16:40:05 - [TEST_CASE][PASSED] - Test Cases/App/Android/Lib/CloseApp: Test Cases/App/Android/Lib/CloseApp

2018-09-05 16:40:05 - [TEST_STEP][PASSED] - closeApplication: Close app successfully

2018-09-05 16:40:09 - [MESSAGE][PASSED] - Close app successfully

2018-09-05 16:40:09 - [MESSAGE][PASSED] - Call Test Case 'Test Cases/App/Android/Lib/CloseApp' successfully]]></system-out>
         <system-err><![CDATA[]]></system-err>
      </testcase>
      <testcase name="Test Cases/App/Android/TC/TC__List2" classname="Test Cases/App/Android/TC/TC__List2" status="PASSED">
         <system-out><![CDATA[2018-09-05 16:40:09 - [TEST_CASE][PASSED] - Test Cases/App/Android/TC/TC__List2: Test Cases/App/Android/TC/TC__List2

2018-09-05 16:40:09 - [TEST_STEP][PASSED] - callTestCase: Call Test Case 'Test Cases/App/Android/Lib/InstallApp' successfully

2018-09-05 16:40:09 - [TEST_CASE][PASSED] - Test Cases/App/Android/Lib/InstallApp: Test Cases/App/Android/Lib/InstallApp

2018-09-05 16:40:09 - [TEST_STEP][PASSED] - startApplication: Started app at: 'C:\Users\Agato\Desktop\agato1\Migracion\ApiDemosApp\ApiDemos-debug.apk'

2018-09-05 16:40:41 - [MESSAGE][PASSED] - Started app at: 'C:\Users\Agato\Desktop\agato1\Migracion\ApiDemosApp\ApiDemos-debug.apk'

2018-09-05 16:40:41 - [MESSAGE][PASSED] - Call Test Case 'Test Cases/App/Android/Lib/InstallApp' successfully

2018-09-05 16:40:41 - [TEST_STEP][PASSED] - callTestCase: Call Test Case 'Test Cases/App/Android/Lib/List2' successfully

2018-09-05 16:40:41 - [TEST_CASE][PASSED] - Test Cases/App/Android/Lib/List2: Test Cases/App/Android/Lib/List2

2018-09-05 16:40:41 - [TEST_STEP][PASSED] - tap: Tapped on element 'Object Repository/App/Android/Indice/android.widget.TextView2 - Animation'

2018-09-05 16:40:41 - [MESSAGE][WARNING] - Timeout '0' is invalid. Using default page load timeout: '30'

2018-09-05 16:40:43 - [MESSAGE][PASSED] - Tapped on element 'Object Repository/App/Android/Indice/android.widget.TextView2 - Animation'

2018-09-05 16:40:43 - [MESSAGE][PASSED] - Call Test Case 'Test Cases/App/Android/Lib/List2' successfully

2018-09-05 16:40:43 - [TEST_STEP][PASSED] - callTestCase: Call Test Case 'Test Cases/App/Android/Lib/Back' successfully

2018-09-05 16:40:43 - [TEST_CASE][PASSED] - Test Cases/App/Android/Lib/Back: Test Cases/App/Android/Lib/Back

2018-09-05 16:40:43 - [TEST_STEP][PASSED] - pressBack: Press back button successfully

2018-09-05 16:40:43 - [MESSAGE][PASSED] - Press back button successfully

2018-09-05 16:40:43 - [MESSAGE][PASSED] - Call Test Case 'Test Cases/App/Android/Lib/Back' successfully

2018-09-05 16:40:43 - [TEST_STEP][PASSED] - callTestCase: Call Test Case 'Test Cases/App/Android/Lib/CloseApp' successfully

2018-09-05 16:40:43 - [TEST_CASE][PASSED] - Test Cases/App/Android/Lib/CloseApp: Test Cases/App/Android/Lib/CloseApp

2018-09-05 16:40:43 - [TEST_STEP][PASSED] - closeApplication: Close app successfully

2018-09-05 16:40:47 - [MESSAGE][PASSED] - Close app successfully

2018-09-05 16:40:47 - [MESSAGE][PASSED] - Call Test Case 'Test Cases/App/Android/Lib/CloseApp' successfully]]></system-out>
         <system-err><![CDATA[]]></system-err>
      </testcase>
      <testcase name="Test Cases/App/Android/TC/TC__List3" classname="Test Cases/App/Android/TC/TC__List3" status="PASSED">
         <system-out><![CDATA[2018-09-05 16:40:47 - [TEST_CASE][PASSED] - Test Cases/App/Android/TC/TC__List3: Test Cases/App/Android/TC/TC__List3

2018-09-05 16:40:47 - [TEST_STEP][PASSED] - callTestCase: Call Test Case 'Test Cases/App/Android/Lib/InstallApp' successfully

2018-09-05 16:40:47 - [TEST_CASE][PASSED] - Test Cases/App/Android/Lib/InstallApp: Test Cases/App/Android/Lib/InstallApp

2018-09-05 16:40:47 - [TEST_STEP][PASSED] - startApplication: Started app at: 'C:\Users\Agato\Desktop\agato1\Migracion\ApiDemosApp\ApiDemos-debug.apk'

2018-09-05 16:41:19 - [MESSAGE][PASSED] - Started app at: 'C:\Users\Agato\Desktop\agato1\Migracion\ApiDemosApp\ApiDemos-debug.apk'

2018-09-05 16:41:19 - [MESSAGE][PASSED] - Call Test Case 'Test Cases/App/Android/Lib/InstallApp' successfully

2018-09-05 16:41:19 - [TEST_STEP][PASSED] - callTestCase: Call Test Case 'Test Cases/App/Android/Lib/List3' successfully

2018-09-05 16:41:19 - [TEST_CASE][PASSED] - Test Cases/App/Android/Lib/List3: Test Cases/App/Android/Lib/List3

2018-09-05 16:41:19 - [TEST_STEP][PASSED] - tap: Tapped on element 'Object Repository/App/Android/Indice/android.widget.TextView3 - App'

2018-09-05 16:41:19 - [MESSAGE][WARNING] - Timeout '0' is invalid. Using default page load timeout: '30'

2018-09-05 16:41:21 - [MESSAGE][PASSED] - Tapped on element 'Object Repository/App/Android/Indice/android.widget.TextView3 - App'

2018-09-05 16:41:21 - [MESSAGE][PASSED] - Call Test Case 'Test Cases/App/Android/Lib/List3' successfully

2018-09-05 16:41:21 - [TEST_STEP][PASSED] - callTestCase: Call Test Case 'Test Cases/App/Android/Lib/Back' successfully

2018-09-05 16:41:21 - [TEST_CASE][PASSED] - Test Cases/App/Android/Lib/Back: Test Cases/App/Android/Lib/Back

2018-09-05 16:41:21 - [TEST_STEP][PASSED] - pressBack: Press back button successfully

2018-09-05 16:41:22 - [MESSAGE][PASSED] - Press back button successfully

2018-09-05 16:41:22 - [MESSAGE][PASSED] - Call Test Case 'Test Cases/App/Android/Lib/Back' successfully

2018-09-05 16:41:22 - [TEST_STEP][PASSED] - callTestCase: Call Test Case 'Test Cases/App/Android/Lib/CloseApp' successfully

2018-09-05 16:41:22 - [TEST_CASE][PASSED] - Test Cases/App/Android/Lib/CloseApp: Test Cases/App/Android/Lib/CloseApp

2018-09-05 16:41:22 - [TEST_STEP][PASSED] - closeApplication: Close app successfully

2018-09-05 16:41:25 - [MESSAGE][PASSED] - Close app successfully

2018-09-05 16:41:25 - [MESSAGE][PASSED] - Call Test Case 'Test Cases/App/Android/Lib/CloseApp' successfully]]></system-out>
         <system-err><![CDATA[]]></system-err>
      </testcase>
      <testcase name="Test Cases/App/Android/TC/TC__List4" classname="Test Cases/App/Android/TC/TC__List4" status="PASSED">
         <system-out><![CDATA[2018-09-05 16:41:25 - [TEST_CASE][PASSED] - Test Cases/App/Android/TC/TC__List4: Test Cases/App/Android/TC/TC__List4

2018-09-05 16:41:25 - [TEST_STEP][PASSED] - callTestCase: Call Test Case 'Test Cases/App/Android/Lib/InstallApp' successfully

2018-09-05 16:41:25 - [TEST_CASE][PASSED] - Test Cases/App/Android/Lib/InstallApp: Test Cases/App/Android/Lib/InstallApp

2018-09-05 16:41:25 - [TEST_STEP][PASSED] - startApplication: Started app at: 'C:\Users\Agato\Desktop\agato1\Migracion\ApiDemosApp\ApiDemos-debug.apk'

2018-09-05 16:42:00 - [MESSAGE][PASSED] - Started app at: 'C:\Users\Agato\Desktop\agato1\Migracion\ApiDemosApp\ApiDemos-debug.apk'

2018-09-05 16:42:00 - [MESSAGE][PASSED] - Call Test Case 'Test Cases/App/Android/Lib/InstallApp' successfully

2018-09-05 16:42:00 - [TEST_STEP][PASSED] - callTestCase: Call Test Case 'Test Cases/App/Android/Lib/List4' successfully

2018-09-05 16:42:00 - [TEST_CASE][PASSED] - Test Cases/App/Android/Lib/List4: Test Cases/App/Android/Lib/List4

2018-09-05 16:42:00 - [TEST_STEP][PASSED] - tap: Tapped on element 'Object Repository/App/Android/Indice/android.widget.TextView4 - Content'

2018-09-05 16:42:00 - [MESSAGE][WARNING] - Timeout '0' is invalid. Using default page load timeout: '30'

2018-09-05 16:42:02 - [MESSAGE][PASSED] - Tapped on element 'Object Repository/App/Android/Indice/android.widget.TextView4 - Content'

2018-09-05 16:42:02 - [MESSAGE][PASSED] - Call Test Case 'Test Cases/App/Android/Lib/List4' successfully

2018-09-05 16:42:02 - [TEST_STEP][PASSED] - callTestCase: Call Test Case 'Test Cases/App/Android/Lib/Back' successfully

2018-09-05 16:42:03 - [TEST_CASE][PASSED] - Test Cases/App/Android/Lib/Back: Test Cases/App/Android/Lib/Back

2018-09-05 16:42:03 - [TEST_STEP][PASSED] - pressBack: Press back button successfully

2018-09-05 16:42:03 - [MESSAGE][PASSED] - Press back button successfully

2018-09-05 16:42:03 - [MESSAGE][PASSED] - Call Test Case 'Test Cases/App/Android/Lib/Back' successfully

2018-09-05 16:42:03 - [TEST_STEP][PASSED] - callTestCase: Call Test Case 'Test Cases/App/Android/Lib/CloseApp' successfully

2018-09-05 16:42:03 - [TEST_CASE][PASSED] - Test Cases/App/Android/Lib/CloseApp: Test Cases/App/Android/Lib/CloseApp

2018-09-05 16:42:03 - [TEST_STEP][PASSED] - closeApplication: Close app successfully

2018-09-05 16:42:06 - [MESSAGE][PASSED] - Close app successfully

2018-09-05 16:42:06 - [MESSAGE][PASSED] - Call Test Case 'Test Cases/App/Android/Lib/CloseApp' successfully]]></system-out>
         <system-err><![CDATA[]]></system-err>
      </testcase>
      <testcase name="Test Cases/App/Android/TC/TC__List5" classname="Test Cases/App/Android/TC/TC__List5" status="PASSED">
         <system-out><![CDATA[2018-09-05 16:42:06 - [TEST_CASE][PASSED] - Test Cases/App/Android/TC/TC__List5: Test Cases/App/Android/TC/TC__List5

2018-09-05 16:42:06 - [TEST_STEP][PASSED] - callTestCase: Call Test Case 'Test Cases/App/Android/Lib/InstallApp' successfully

2018-09-05 16:42:06 - [TEST_CASE][PASSED] - Test Cases/App/Android/Lib/InstallApp: Test Cases/App/Android/Lib/InstallApp

2018-09-05 16:42:06 - [TEST_STEP][PASSED] - startApplication: Started app at: 'C:\Users\Agato\Desktop\agato1\Migracion\ApiDemosApp\ApiDemos-debug.apk'

2018-09-05 16:42:48 - [MESSAGE][PASSED] - Started app at: 'C:\Users\Agato\Desktop\agato1\Migracion\ApiDemosApp\ApiDemos-debug.apk'

2018-09-05 16:42:48 - [MESSAGE][PASSED] - Call Test Case 'Test Cases/App/Android/Lib/InstallApp' successfully

2018-09-05 16:42:48 - [TEST_STEP][PASSED] - callTestCase: Call Test Case 'Test Cases/App/Android/Lib/List5' successfully

2018-09-05 16:42:48 - [TEST_CASE][PASSED] - Test Cases/App/Android/Lib/List5: Test Cases/App/Android/Lib/List5

2018-09-05 16:42:48 - [TEST_STEP][PASSED] - tap: Tapped on element 'Object Repository/App/Android/Indice/android.widget.TextView5 - Graphics'

2018-09-05 16:42:48 - [MESSAGE][WARNING] - Timeout '0' is invalid. Using default page load timeout: '30'

2018-09-05 16:42:50 - [MESSAGE][PASSED] - Tapped on element 'Object Repository/App/Android/Indice/android.widget.TextView5 - Graphics'

2018-09-05 16:42:50 - [MESSAGE][PASSED] - Call Test Case 'Test Cases/App/Android/Lib/List5' successfully

2018-09-05 16:42:50 - [TEST_STEP][PASSED] - callTestCase: Call Test Case 'Test Cases/App/Android/Lib/Back' successfully

2018-09-05 16:42:50 - [TEST_CASE][PASSED] - Test Cases/App/Android/Lib/Back: Test Cases/App/Android/Lib/Back

2018-09-05 16:42:50 - [TEST_STEP][PASSED] - pressBack: Press back button successfully

2018-09-05 16:42:50 - [MESSAGE][PASSED] - Press back button successfully

2018-09-05 16:42:50 - [MESSAGE][PASSED] - Call Test Case 'Test Cases/App/Android/Lib/Back' successfully

2018-09-05 16:42:50 - [TEST_STEP][PASSED] - callTestCase: Call Test Case 'Test Cases/App/Android/Lib/CloseApp' successfully

2018-09-05 16:42:50 - [TEST_CASE][PASSED] - Test Cases/App/Android/Lib/CloseApp: Test Cases/App/Android/Lib/CloseApp

2018-09-05 16:42:50 - [TEST_STEP][PASSED] - closeApplication: Close app successfully

2018-09-05 16:42:53 - [MESSAGE][PASSED] - Close app successfully

2018-09-05 16:42:53 - [MESSAGE][PASSED] - Call Test Case 'Test Cases/App/Android/Lib/CloseApp' successfully]]></system-out>
         <system-err><![CDATA[]]></system-err>
      </testcase>
      <testcase name="Test Cases/App/Android/TC/TC__List6" classname="Test Cases/App/Android/TC/TC__List6" status="PASSED">
         <system-out><![CDATA[2018-09-05 16:42:53 - [TEST_CASE][PASSED] - Test Cases/App/Android/TC/TC__List6: Test Cases/App/Android/TC/TC__List6

2018-09-05 16:42:53 - [TEST_STEP][PASSED] - callTestCase: Call Test Case 'Test Cases/App/Android/Lib/InstallApp' successfully

2018-09-05 16:42:53 - [TEST_CASE][PASSED] - Test Cases/App/Android/Lib/InstallApp: Test Cases/App/Android/Lib/InstallApp

2018-09-05 16:42:53 - [TEST_STEP][PASSED] - startApplication: Started app at: 'C:\Users\Agato\Desktop\agato1\Migracion\ApiDemosApp\ApiDemos-debug.apk'

2018-09-05 16:43:36 - [MESSAGE][PASSED] - Started app at: 'C:\Users\Agato\Desktop\agato1\Migracion\ApiDemosApp\ApiDemos-debug.apk'

2018-09-05 16:43:36 - [MESSAGE][PASSED] - Call Test Case 'Test Cases/App/Android/Lib/InstallApp' successfully

2018-09-05 16:43:36 - [TEST_STEP][PASSED] - callTestCase: Call Test Case 'Test Cases/App/Android/Lib/List6' successfully

2018-09-05 16:43:36 - [TEST_CASE][PASSED] - Test Cases/App/Android/Lib/List6: Test Cases/App/Android/Lib/List6

2018-09-05 16:43:36 - [TEST_STEP][PASSED] - tap: Tapped on element 'Object Repository/App/Android/Indice/android.widget.TextView6 - Media'

2018-09-05 16:43:36 - [MESSAGE][WARNING] - Timeout '0' is invalid. Using default page load timeout: '30'

2018-09-05 16:43:37 - [MESSAGE][PASSED] - Tapped on element 'Object Repository/App/Android/Indice/android.widget.TextView6 - Media'

2018-09-05 16:43:37 - [MESSAGE][PASSED] - Call Test Case 'Test Cases/App/Android/Lib/List6' successfully

2018-09-05 16:43:37 - [TEST_STEP][PASSED] - callTestCase: Call Test Case 'Test Cases/App/Android/Lib/Back' successfully

2018-09-05 16:43:38 - [TEST_CASE][PASSED] - Test Cases/App/Android/Lib/Back: Test Cases/App/Android/Lib/Back

2018-09-05 16:43:38 - [TEST_STEP][PASSED] - pressBack: Press back button successfully

2018-09-05 16:43:38 - [MESSAGE][PASSED] - Press back button successfully

2018-09-05 16:43:38 - [MESSAGE][PASSED] - Call Test Case 'Test Cases/App/Android/Lib/Back' successfully

2018-09-05 16:43:38 - [TEST_STEP][PASSED] - callTestCase: Call Test Case 'Test Cases/App/Android/Lib/CloseApp' successfully

2018-09-05 16:43:38 - [TEST_CASE][PASSED] - Test Cases/App/Android/Lib/CloseApp: Test Cases/App/Android/Lib/CloseApp

2018-09-05 16:43:38 - [TEST_STEP][PASSED] - closeApplication: Close app successfully

2018-09-05 16:43:41 - [MESSAGE][PASSED] - Close app successfully

2018-09-05 16:43:41 - [MESSAGE][PASSED] - Call Test Case 'Test Cases/App/Android/Lib/CloseApp' successfully]]></system-out>
         <system-err><![CDATA[]]></system-err>
      </testcase>
      <testcase name="Test Cases/App/Android/TC/TC__List7" classname="Test Cases/App/Android/TC/TC__List7" status="PASSED">
         <system-out><![CDATA[2018-09-05 16:43:41 - [TEST_CASE][PASSED] - Test Cases/App/Android/TC/TC__List7: Test Cases/App/Android/TC/TC__List7

2018-09-05 16:43:41 - [TEST_STEP][PASSED] - callTestCase: Call Test Case 'Test Cases/App/Android/Lib/InstallApp' successfully

2018-09-05 16:43:41 - [TEST_CASE][PASSED] - Test Cases/App/Android/Lib/InstallApp: Test Cases/App/Android/Lib/InstallApp

2018-09-05 16:43:41 - [TEST_STEP][PASSED] - startApplication: Started app at: 'C:\Users\Agato\Desktop\agato1\Migracion\ApiDemosApp\ApiDemos-debug.apk'

2018-09-05 16:44:24 - [MESSAGE][PASSED] - Started app at: 'C:\Users\Agato\Desktop\agato1\Migracion\ApiDemosApp\ApiDemos-debug.apk'

2018-09-05 16:44:24 - [MESSAGE][PASSED] - Call Test Case 'Test Cases/App/Android/Lib/InstallApp' successfully

2018-09-05 16:44:24 - [TEST_STEP][PASSED] - callTestCase: Call Test Case 'Test Cases/App/Android/Lib/List7' successfully

2018-09-05 16:44:24 - [TEST_CASE][PASSED] - Test Cases/App/Android/Lib/List7: Test Cases/App/Android/Lib/List7

2018-09-05 16:44:24 - [TEST_STEP][PASSED] - tap: Tapped on element 'Object Repository/App/Android/Indice/android.widget.TextView7 - NFC'

2018-09-05 16:44:24 - [MESSAGE][WARNING] - Timeout '0' is invalid. Using default page load timeout: '30'

2018-09-05 16:44:26 - [MESSAGE][PASSED] - Tapped on element 'Object Repository/App/Android/Indice/android.widget.TextView7 - NFC'

2018-09-05 16:44:26 - [MESSAGE][PASSED] - Call Test Case 'Test Cases/App/Android/Lib/List7' successfully

2018-09-05 16:44:26 - [TEST_STEP][PASSED] - callTestCase: Call Test Case 'Test Cases/App/Android/Lib/Back' successfully

2018-09-05 16:44:26 - [TEST_CASE][PASSED] - Test Cases/App/Android/Lib/Back: Test Cases/App/Android/Lib/Back

2018-09-05 16:44:26 - [TEST_STEP][PASSED] - pressBack: Press back button successfully

2018-09-05 16:44:26 - [MESSAGE][PASSED] - Press back button successfully

2018-09-05 16:44:26 - [MESSAGE][PASSED] - Call Test Case 'Test Cases/App/Android/Lib/Back' successfully

2018-09-05 16:44:26 - [TEST_STEP][PASSED] - callTestCase: Call Test Case 'Test Cases/App/Android/Lib/CloseApp' successfully

2018-09-05 16:44:26 - [TEST_CASE][PASSED] - Test Cases/App/Android/Lib/CloseApp: Test Cases/App/Android/Lib/CloseApp

2018-09-05 16:44:26 - [TEST_STEP][PASSED] - closeApplication: Close app successfully

2018-09-05 16:44:29 - [MESSAGE][PASSED] - Close app successfully

2018-09-05 16:44:29 - [MESSAGE][PASSED] - Call Test Case 'Test Cases/App/Android/Lib/CloseApp' successfully]]></system-out>
         <system-err><![CDATA[]]></system-err>
      </testcase>
      <testcase name="Test Cases/App/Android/TC/TC__List8" classname="Test Cases/App/Android/TC/TC__List8" status="PASSED">
         <system-out><![CDATA[2018-09-05 16:44:29 - [TEST_CASE][PASSED] - Test Cases/App/Android/TC/TC__List8: Test Cases/App/Android/TC/TC__List8

2018-09-05 16:44:29 - [TEST_STEP][PASSED] - callTestCase: Call Test Case 'Test Cases/App/Android/Lib/InstallApp' successfully

2018-09-05 16:44:29 - [TEST_CASE][PASSED] - Test Cases/App/Android/Lib/InstallApp: Test Cases/App/Android/Lib/InstallApp

2018-09-05 16:44:29 - [TEST_STEP][PASSED] - startApplication: Started app at: 'C:\Users\Agato\Desktop\agato1\Migracion\ApiDemosApp\ApiDemos-debug.apk'

2018-09-05 16:45:13 - [MESSAGE][PASSED] - Started app at: 'C:\Users\Agato\Desktop\agato1\Migracion\ApiDemosApp\ApiDemos-debug.apk'

2018-09-05 16:45:13 - [MESSAGE][PASSED] - Call Test Case 'Test Cases/App/Android/Lib/InstallApp' successfully

2018-09-05 16:45:13 - [TEST_STEP][PASSED] - callTestCase: Call Test Case 'Test Cases/App/Android/Lib/List8' successfully

2018-09-05 16:45:13 - [TEST_CASE][PASSED] - Test Cases/App/Android/Lib/List8: Test Cases/App/Android/Lib/List8

2018-09-05 16:45:13 - [TEST_STEP][PASSED] - tap: Tapped on element 'Object Repository/App/Android/Indice/android.widget.TextView8 - OS'

2018-09-05 16:45:13 - [MESSAGE][WARNING] - Timeout '0' is invalid. Using default page load timeout: '30'

2018-09-05 16:45:15 - [MESSAGE][PASSED] - Tapped on element 'Object Repository/App/Android/Indice/android.widget.TextView8 - OS'

2018-09-05 16:45:15 - [MESSAGE][PASSED] - Call Test Case 'Test Cases/App/Android/Lib/List8' successfully

2018-09-05 16:45:15 - [TEST_STEP][PASSED] - callTestCase: Call Test Case 'Test Cases/App/Android/Lib/Back' successfully

2018-09-05 16:45:15 - [TEST_CASE][PASSED] - Test Cases/App/Android/Lib/Back: Test Cases/App/Android/Lib/Back

2018-09-05 16:45:15 - [TEST_STEP][PASSED] - pressBack: Press back button successfully

2018-09-05 16:45:16 - [MESSAGE][PASSED] - Press back button successfully

2018-09-05 16:45:16 - [MESSAGE][PASSED] - Call Test Case 'Test Cases/App/Android/Lib/Back' successfully

2018-09-05 16:45:16 - [TEST_STEP][PASSED] - callTestCase: Call Test Case 'Test Cases/App/Android/Lib/CloseApp' successfully

2018-09-05 16:45:16 - [TEST_CASE][PASSED] - Test Cases/App/Android/Lib/CloseApp: Test Cases/App/Android/Lib/CloseApp

2018-09-05 16:45:16 - [TEST_STEP][PASSED] - closeApplication: Close app successfully

2018-09-05 16:45:19 - [MESSAGE][PASSED] - Close app successfully

2018-09-05 16:45:19 - [MESSAGE][PASSED] - Call Test Case 'Test Cases/App/Android/Lib/CloseApp' successfully]]></system-out>
         <system-err><![CDATA[]]></system-err>
      </testcase>
      <testcase name="Test Cases/App/Android/TC/TC__List9" classname="Test Cases/App/Android/TC/TC__List9" status="FAILED">
         <failure type="FAILED" message="Failed to tap on element 'Object Repository/App/Android/Indice/android.widget.TextView2 - Animation' (Root cause: Object Object Repository/App/Android/Indice/android.widget.TextView2 - Animation not found)"/>
         <system-out><![CDATA[2018-09-05 16:45:19 - [TEST_CASE][FAILED] - Test Cases/App/Android/TC/TC__List9: Test Cases/App/Android/TC/TC__List9 FAILED because (of) Failed to tap on element 'Object Repository/App/Android/Indice/android.widget.TextView2 - Animation' (Root cause: Object Object Repository/App/Android/Indice/android.widget.TextView2 - Animation not found)

2018-09-05 16:45:19 - [TEST_STEP][PASSED] - callTestCase: Call Test Case 'Test Cases/App/Android/Lib/InstallApp' successfully

2018-09-05 16:45:19 - [TEST_CASE][PASSED] - Test Cases/App/Android/Lib/InstallApp: Test Cases/App/Android/Lib/InstallApp

2018-09-05 16:45:19 - [TEST_STEP][PASSED] - startApplication: Started app at: 'C:\Users\Agato\Desktop\agato1\Migracion\ApiDemosApp\ApiDemos-debug.apk'

2018-09-05 16:46:02 - [MESSAGE][PASSED] - Started app at: 'C:\Users\Agato\Desktop\agato1\Migracion\ApiDemosApp\ApiDemos-debug.apk'

2018-09-05 16:46:02 - [MESSAGE][PASSED] - Call Test Case 'Test Cases/App/Android/Lib/InstallApp' successfully

2018-09-05 16:46:02 - [TEST_STEP][PASSED] - callTestCase: Call Test Case 'Test Cases/App/Android/Lib/List1' successfully

2018-09-05 16:46:02 - [TEST_CASE][PASSED] - Test Cases/App/Android/Lib/List1: Test Cases/App/Android/Lib/List1

2018-09-05 16:46:02 - [TEST_STEP][PASSED] - tap: Tapped on element 'Object Repository/App/Android/Indice/android.widget.TextView1 - Accessibility'

2018-09-05 16:46:02 - [MESSAGE][WARNING] - Timeout '0' is invalid. Using default page load timeout: '30'

2018-09-05 16:46:04 - [MESSAGE][PASSED] - Tapped on element 'Object Repository/App/Android/Indice/android.widget.TextView1 - Accessibility'

2018-09-05 16:46:04 - [MESSAGE][PASSED] - Call Test Case 'Test Cases/App/Android/Lib/List1' successfully

2018-09-05 16:46:04 - [TEST_STEP][FAILED] - callTestCase: Unable to call Test Case with id 'Test Cases/App/Android/Lib/List2' (Root cause: Call Test Case 'Test Cases/App/Android/Lib/List2' failed)

2018-09-05 16:46:04 - [TEST_CASE][FAILED] - Test Cases/App/Android/Lib/List2: Test Cases/App/Android/Lib/List2 FAILED because (of) Failed to tap on element 'Object Repository/App/Android/Indice/android.widget.TextView2 - Animation' (Root cause: Object Object Repository/App/Android/Indice/android.widget.TextView2 - Animation not found)

2018-09-05 16:46:04 - [TEST_STEP][FAILED] - tap: Failed to tap on element 'Object Repository/App/Android/Indice/android.widget.TextView2 - Animation' (Root cause: Object Object Repository/App/Android/Indice/android.widget.TextView2 - Animation not found)

2018-09-05 16:46:04 - [MESSAGE][WARNING] - Timeout '0' is invalid. Using default page load timeout: '30'

2018-09-05 16:46:35 - [MESSAGE][FAILED] - Object Object Repository/App/Android/Indice/android.widget.TextView2 - Animation not found
[[ATTACHMENT|C:\\Users\\Agato\\git\\Circutor\\Circutor\\Reports\\Web\\TS_AppRegression\\20180905_163717\\1536158794785.png]]

2018-09-05 16:46:36 - [MESSAGE][FAILED] - Failed to tap on element 'Object Repository/App/Android/Indice/android.widget.TextView2 - Animation' (Root cause: Object Object Repository/App/Android/Indice/android.widget.TextView2 - Animation not found)
[[ATTACHMENT|C:\\Users\\Agato\\git\\Circutor\\Circutor\\Reports\\Web\\TS_AppRegression\\20180905_163717\\1536158795599.png]]

2018-09-05 16:46:36 - [MESSAGE][FAILED] - Unable to call Test Case with id 'Test Cases/App/Android/Lib/List2' (Root cause: Call Test Case 'Test Cases/App/Android/Lib/List2' failed)]]></system-out>
         <system-err><![CDATA[2018-09-05 16:45:19 - [TEST_CASE][FAILED] - Test Cases/App/Android/TC/TC__List9: Test Cases/App/Android/TC/TC__List9 FAILED because (of) Failed to tap on element 'Object Repository/App/Android/Indice/android.widget.TextView2 - Animation' (Root cause: Object Object Repository/App/Android/Indice/android.widget.TextView2 - Animation not found)]]></system-err>
      </testcase>
      <system-out><![CDATA[2018-09-05 16:37:21 - [TEST_SUITE][FAILED] - TS_AppRegression: Test Cases/App/Android/TC/TC__List9 FAILED because (of) Failed to tap on element 'Object Repository/App/Android/Indice/android.widget.TextView2 - Animation' (Root cause: Object Object Repository/App/Android/Indice/android.widget.TextView2 - Animation not found)]]></system-out>
      <system-err><![CDATA[2018-09-05 16:37:21 - [TEST_SUITE][FAILED] - TS_AppRegression: Test Cases/App/Android/TC/TC__List9 FAILED because (of) Failed to tap on element 'Object Repository/App/Android/Indice/android.widget.TextView2 - Animation' (Root cause: Object Object Repository/App/Android/Indice/android.widget.TextView2 - Animation not found)]]></system-err>
   </testsuite>
</testsuites>
