<?xml version="1.0" encoding="UTF-8"?>
<testsuites name="TS_Regression" time="82" tests="3" failures="0" errors="0">
   <testsuite name="TS_Regression" tests="3" failures="0" errors="0" time="82" timestamp="2018-09-05 15:33:26" hostname="Agato - 172.20.13.209" id="Test Suites/Web/TS_Regression">
      <properties>
         <property name="deviceName" value=""/>
         <property name="devicePlatform" value=""/>
         <property name="logFolder" value="C:\\Users\\Agato\\git\\Circutor\\Circutor\\Reports\\Web\\TS_Regression\\20180905_153208"/>
         <property name="logFiles" value="C:\\Users\\Agato\\git\\Circutor\\Circutor\\Reports\\Web\\TS_Regression\\20180905_153208\\execution0.log"/>
         <property name="attachments" value=""/>
         <property name="hostName" value="Agato - 172.20.13.209"/>
         <property name="os" value="Windows 10 64bit"/>
         <property name="katalonVersion" value="5.6.3.1"/>
         <property name="browser" value="Chrome 68.0.3440.106"/>
         <property name="hostAddress" value="172.20.13.209"/>
         <property name="sessionId" value="c604d9ef06a7f34efeb7685d8edd526a"/>
         <property name="seleniumVersion" value="3.7.1"/>
         <property name="proxyInformation" value="ProxyInformation{proxyOption=NO_PROXY, proxyServerType=HTTP, password=, proxyServerAddress=, proxyServerPort=0}"/>
         <property name="platform" value="Windows 10"/>
      </properties>
      <testcase name="Test Cases/Web/TC/TC_Home" classname="Test Cases/Web/TC/TC_Home" status="PASSED">
         <system-out><![CDATA[2018-09-05 15:33:26 - [TEST_CASE][PASSED] - Test Cases/Web/TC/TC_Home: Test Cases/Web/TC/TC_Home

2018-09-05 15:33:26 - [TEST_STEP][PASSED] - callTestCase: Call Test Case 'Test Cases/Web/Lib/Indice/OpenBrowser' successfully

2018-09-05 15:33:26 - [TEST_CASE][PASSED] - Test Cases/Web/Lib/Indice/OpenBrowser: Test Cases/Web/Lib/Indice/OpenBrowser

2018-09-05 15:33:26 - [TEST_STEP][PASSED] - openBrowser: Browser is opened with url: ''

2018-09-05 15:33:29 - [MESSAGE][PASSED] - Browser is opened with url: ''

2018-09-05 15:33:29 - [TEST_STEP][PASSED] - navigateToUrl: Navigate to 'http://192.168.2.121/init/index-en.html' successfully

2018-09-05 15:33:30 - [MESSAGE][PASSED] - Navigate to 'http://192.168.2.121/init/index-en.html' successfully

2018-09-05 15:33:30 - [TEST_STEP][PASSED] - click: Object: 'Object Repository/Web/Index/Page_MYeBOX Cloud/a_I agree' is clicked on

2018-09-05 15:33:30 - [MESSAGE][PASSED] - Object: 'Object Repository/Web/Index/Page_MYeBOX Cloud/a_I agree' is clicked on

2018-09-05 15:33:30 - [TEST_STEP][PASSED] - callTestCase: Call Test Case 'Test Cases/Web/Lib/Indice/Delay' successfully

2018-09-05 15:33:30 - [TEST_CASE][PASSED] - Test Cases/Web/Lib/Indice/Delay: Test Cases/Web/Lib/Indice/Delay

2018-09-05 15:33:30 - [TEST_STEP][PASSED] - delay: Delayed 2 second(s)

2018-09-05 15:33:32 - [MESSAGE][PASSED] - Delayed 2 second(s)

2018-09-05 15:33:32 - [MESSAGE][PASSED] - Call Test Case 'Test Cases/Web/Lib/Indice/Delay' successfully

2018-09-05 15:33:32 - [TEST_STEP][PASSED] - click: Object: 'Object Repository/Web/Index/Page_MYeBOX Cloud/a_MYeBOXCloud' is clicked on

2018-09-05 15:33:33 - [MESSAGE][PASSED] - Object: 'Object Repository/Web/Index/Page_MYeBOX Cloud/a_MYeBOXCloud' is clicked on

2018-09-05 15:33:33 - [TEST_STEP][PASSED] - callTestCase: Call Test Case 'Test Cases/Web/Lib/Indice/Delay' successfully

2018-09-05 15:33:33 - [TEST_CASE][PASSED] - Test Cases/Web/Lib/Indice/Delay: Test Cases/Web/Lib/Indice/Delay

2018-09-05 15:33:33 - [TEST_STEP][PASSED] - delay: Delayed 2 second(s)

2018-09-05 15:33:35 - [MESSAGE][PASSED] - Delayed 2 second(s)

2018-09-05 15:33:35 - [MESSAGE][PASSED] - Call Test Case 'Test Cases/Web/Lib/Indice/Delay' successfully

2018-09-05 15:33:35 - [MESSAGE][PASSED] - Call Test Case 'Test Cases/Web/Lib/Indice/OpenBrowser' successfully

2018-09-05 15:33:35 - [TEST_STEP][PASSED] - callTestCase: Call Test Case 'Test Cases/Web/Lib/Login/Login' successfully

2018-09-05 15:33:35 - [TEST_CASE][PASSED] - Test Cases/Web/Lib/Login/Login: Test Cases/Web/Lib/Login/Login

2018-09-05 15:33:35 - [TEST_STEP][PASSED] - setText: Text 'agato@opentrends.net' is set on object 'Object Repository/Web/Home/Page_MyCircutor/input_email'

2018-09-05 15:33:36 - [MESSAGE][PASSED] - Text 'agato@opentrends.net' is set on object 'Object Repository/Web/Home/Page_MyCircutor/input_email'

2018-09-05 15:33:36 - [TEST_STEP][PASSED] - callTestCase: Call Test Case 'Test Cases/Web/Lib/Indice/Delay' successfully

2018-09-05 15:33:36 - [TEST_CASE][PASSED] - Test Cases/Web/Lib/Indice/Delay: Test Cases/Web/Lib/Indice/Delay

2018-09-05 15:33:36 - [TEST_STEP][PASSED] - delay: Delayed 2 second(s)

2018-09-05 15:33:38 - [MESSAGE][PASSED] - Delayed 2 second(s)

2018-09-05 15:33:38 - [MESSAGE][PASSED] - Call Test Case 'Test Cases/Web/Lib/Indice/Delay' successfully

2018-09-05 15:33:38 - [TEST_STEP][PASSED] - setEncryptedText: Text ****** has been set on object 'Object Repository/Web/Home/Page_MyCircutor/input_password'

2018-09-05 15:33:38 - [MESSAGE][PASSED] - Text ****** has been set on object 'Object Repository/Web/Home/Page_MyCircutor/input_password'

2018-09-05 15:33:38 - [TEST_STEP][PASSED] - callTestCase: Call Test Case 'Test Cases/Web/Lib/Indice/Delay' successfully

2018-09-05 15:33:38 - [TEST_CASE][PASSED] - Test Cases/Web/Lib/Indice/Delay: Test Cases/Web/Lib/Indice/Delay

2018-09-05 15:33:38 - [TEST_STEP][PASSED] - delay: Delayed 2 second(s)

2018-09-05 15:33:40 - [MESSAGE][PASSED] - Delayed 2 second(s)

2018-09-05 15:33:40 - [MESSAGE][PASSED] - Call Test Case 'Test Cases/Web/Lib/Indice/Delay' successfully

2018-09-05 15:33:40 - [TEST_STEP][PASSED] - click: Object: 'Object Repository/Web/Home/Page_MyCircutor/button_Login' is clicked on

2018-09-05 15:33:40 - [MESSAGE][PASSED] - Object: 'Object Repository/Web/Home/Page_MyCircutor/button_Login' is clicked on

2018-09-05 15:33:40 - [TEST_STEP][PASSED] - callTestCase: Call Test Case 'Test Cases/Web/Lib/Indice/Delay' successfully

2018-09-05 15:33:40 - [TEST_CASE][PASSED] - Test Cases/Web/Lib/Indice/Delay: Test Cases/Web/Lib/Indice/Delay

2018-09-05 15:33:40 - [TEST_STEP][PASSED] - delay: Delayed 2 second(s)

2018-09-05 15:33:42 - [MESSAGE][PASSED] - Delayed 2 second(s)

2018-09-05 15:33:42 - [MESSAGE][PASSED] - Call Test Case 'Test Cases/Web/Lib/Indice/Delay' successfully

2018-09-05 15:33:42 - [MESSAGE][PASSED] - Call Test Case 'Test Cases/Web/Lib/Login/Login' successfully

2018-09-05 15:33:42 - [TEST_STEP][PASSED] - callTestCase: Call Test Case 'Test Cases/Web/Lib/Home/Home-Audit' successfully

2018-09-05 15:33:42 - [TEST_CASE][PASSED] - Test Cases/Web/Lib/Home/Home-Audit: Test Cases/Web/Lib/Home/Home-Audit

2018-09-05 15:33:42 - [TEST_STEP][PASSED] - click: Object: 'Object Repository/Web/Home/Page_MyCircutor/a_Audit' is clicked on

2018-09-05 15:33:43 - [MESSAGE][PASSED] - Object: 'Object Repository/Web/Home/Page_MyCircutor/a_Audit' is clicked on

2018-09-05 15:33:43 - [TEST_STEP][PASSED] - callTestCase: Call Test Case 'Test Cases/Web/Lib/Indice/Delay' successfully

2018-09-05 15:33:43 - [TEST_CASE][PASSED] - Test Cases/Web/Lib/Indice/Delay: Test Cases/Web/Lib/Indice/Delay

2018-09-05 15:33:43 - [TEST_STEP][PASSED] - delay: Delayed 2 second(s)

2018-09-05 15:33:45 - [MESSAGE][PASSED] - Delayed 2 second(s)

2018-09-05 15:33:45 - [MESSAGE][PASSED] - Call Test Case 'Test Cases/Web/Lib/Indice/Delay' successfully

2018-09-05 15:33:45 - [MESSAGE][PASSED] - Call Test Case 'Test Cases/Web/Lib/Home/Home-Audit' successfully

2018-09-05 15:33:45 - [TEST_STEP][PASSED] - callTestCase: Call Test Case 'Test Cases/Web/Lib/Home/Home-Firmwares' successfully

2018-09-05 15:33:45 - [TEST_CASE][PASSED] - Test Cases/Web/Lib/Home/Home-Firmwares: Test Cases/Web/Lib/Home/Home-Firmwares

2018-09-05 15:33:45 - [TEST_STEP][PASSED] - click: Object: 'Object Repository/Web/Home/Page_MyCircutor/a_Firmwares' is clicked on

2018-09-05 15:33:45 - [MESSAGE][PASSED] - Object: 'Object Repository/Web/Home/Page_MyCircutor/a_Firmwares' is clicked on

2018-09-05 15:33:45 - [TEST_STEP][PASSED] - callTestCase: Call Test Case 'Test Cases/Web/Lib/Indice/Delay' successfully

2018-09-05 15:33:45 - [TEST_CASE][PASSED] - Test Cases/Web/Lib/Indice/Delay: Test Cases/Web/Lib/Indice/Delay

2018-09-05 15:33:45 - [TEST_STEP][PASSED] - delay: Delayed 2 second(s)

2018-09-05 15:33:47 - [MESSAGE][PASSED] - Delayed 2 second(s)

2018-09-05 15:33:47 - [MESSAGE][PASSED] - Call Test Case 'Test Cases/Web/Lib/Indice/Delay' successfully

2018-09-05 15:33:47 - [MESSAGE][PASSED] - Call Test Case 'Test Cases/Web/Lib/Home/Home-Firmwares' successfully

2018-09-05 15:33:47 - [TEST_STEP][PASSED] - callTestCase: Call Test Case 'Test Cases/Web/Lib/Home/Home-GeneratedFiles' successfully

2018-09-05 15:33:47 - [TEST_CASE][PASSED] - Test Cases/Web/Lib/Home/Home-GeneratedFiles: Test Cases/Web/Lib/Home/Home-GeneratedFiles

2018-09-05 15:33:47 - [TEST_STEP][PASSED] - click: Object: 'Object Repository/Web/Home/Page_MyCircutor/a_Generated files' is clicked on

2018-09-05 15:33:47 - [MESSAGE][PASSED] - Object: 'Object Repository/Web/Home/Page_MyCircutor/a_Generated files' is clicked on

2018-09-05 15:33:47 - [TEST_STEP][PASSED] - callTestCase: Call Test Case 'Test Cases/Web/Lib/Indice/Delay' successfully

2018-09-05 15:33:47 - [TEST_CASE][PASSED] - Test Cases/Web/Lib/Indice/Delay: Test Cases/Web/Lib/Indice/Delay

2018-09-05 15:33:47 - [TEST_STEP][PASSED] - delay: Delayed 2 second(s)

2018-09-05 15:33:49 - [MESSAGE][PASSED] - Delayed 2 second(s)

2018-09-05 15:33:49 - [MESSAGE][PASSED] - Call Test Case 'Test Cases/Web/Lib/Indice/Delay' successfully

2018-09-05 15:33:49 - [MESSAGE][PASSED] - Call Test Case 'Test Cases/Web/Lib/Home/Home-GeneratedFiles' successfully

2018-09-05 15:33:49 - [TEST_STEP][PASSED] - callTestCase: Call Test Case 'Test Cases/Web/Lib/Home/Home-MYeBOx' successfully

2018-09-05 15:33:49 - [TEST_CASE][PASSED] - Test Cases/Web/Lib/Home/Home-MYeBOx: Test Cases/Web/Lib/Home/Home-MYeBOx

2018-09-05 15:33:49 - [TEST_STEP][PASSED] - click: Object: 'Object Repository/Web/Home/Page_MyCircutor/a_MYeBOXs' is clicked on

2018-09-05 15:33:50 - [MESSAGE][PASSED] - Object: 'Object Repository/Web/Home/Page_MyCircutor/a_MYeBOXs' is clicked on

2018-09-05 15:33:50 - [TEST_STEP][PASSED] - callTestCase: Call Test Case 'Test Cases/Web/Lib/Indice/Delay' successfully

2018-09-05 15:33:50 - [TEST_CASE][PASSED] - Test Cases/Web/Lib/Indice/Delay: Test Cases/Web/Lib/Indice/Delay

2018-09-05 15:33:50 - [TEST_STEP][PASSED] - delay: Delayed 2 second(s)

2018-09-05 15:33:52 - [MESSAGE][PASSED] - Delayed 2 second(s)

2018-09-05 15:33:52 - [MESSAGE][PASSED] - Call Test Case 'Test Cases/Web/Lib/Indice/Delay' successfully

2018-09-05 15:33:52 - [MESSAGE][PASSED] - Call Test Case 'Test Cases/Web/Lib/Home/Home-MYeBOx' successfully

2018-09-05 15:33:52 - [TEST_STEP][PASSED] - callTestCase: Call Test Case 'Test Cases/Web/Lib/Home/Home-Users' successfully

2018-09-05 15:33:52 - [TEST_CASE][PASSED] - Test Cases/Web/Lib/Home/Home-Users: Test Cases/Web/Lib/Home/Home-Users

2018-09-05 15:33:52 - [TEST_STEP][PASSED] - click: Object: 'Object Repository/Web/Home/Page_MyCircutor/a_Users' is clicked on

2018-09-05 15:33:52 - [MESSAGE][PASSED] - Object: 'Object Repository/Web/Home/Page_MyCircutor/a_Users' is clicked on

2018-09-05 15:33:52 - [TEST_STEP][PASSED] - callTestCase: Call Test Case 'Test Cases/Web/Lib/Indice/Delay' successfully

2018-09-05 15:33:52 - [TEST_CASE][PASSED] - Test Cases/Web/Lib/Indice/Delay: Test Cases/Web/Lib/Indice/Delay

2018-09-05 15:33:52 - [TEST_STEP][PASSED] - delay: Delayed 2 second(s)

2018-09-05 15:33:54 - [MESSAGE][PASSED] - Delayed 2 second(s)

2018-09-05 15:33:54 - [MESSAGE][PASSED] - Call Test Case 'Test Cases/Web/Lib/Indice/Delay' successfully

2018-09-05 15:33:54 - [MESSAGE][PASSED] - Call Test Case 'Test Cases/Web/Lib/Home/Home-Users' successfully

2018-09-05 15:33:54 - [TEST_STEP][PASSED] - callTestCase: Call Test Case 'Test Cases/Web/Lib/Indice/CloseBrowser' successfully

2018-09-05 15:33:54 - [TEST_CASE][PASSED] - Test Cases/Web/Lib/Indice/CloseBrowser: Test Cases/Web/Lib/Indice/CloseBrowser

2018-09-05 15:33:54 - [TEST_STEP][PASSED] - closeBrowser: Browser is closed

2018-09-05 15:33:55 - [MESSAGE][PASSED] - Browser is closed

2018-09-05 15:33:55 - [MESSAGE][PASSED] - Call Test Case 'Test Cases/Web/Lib/Indice/CloseBrowser' successfully]]></system-out>
         <system-err><![CDATA[]]></system-err>
      </testcase>
      <testcase name="Test Cases/Web/TC/TC_Login" classname="Test Cases/Web/TC/TC_Login" status="PASSED">
         <system-out><![CDATA[2018-09-05 15:33:55 - [TEST_CASE][PASSED] - Test Cases/Web/TC/TC_Login: Test Cases/Web/TC/TC_Login

2018-09-05 15:33:55 - [TEST_STEP][PASSED] - callTestCase: Call Test Case 'Test Cases/Web/Lib/Indice/OpenBrowser' successfully

2018-09-05 15:33:55 - [TEST_CASE][PASSED] - Test Cases/Web/Lib/Indice/OpenBrowser: Test Cases/Web/Lib/Indice/OpenBrowser

2018-09-05 15:33:55 - [TEST_STEP][PASSED] - openBrowser: Browser is opened with url: ''

2018-09-05 15:33:57 - [MESSAGE][PASSED] - Browser is opened with url: ''

2018-09-05 15:33:57 - [TEST_STEP][PASSED] - navigateToUrl: Navigate to 'http://192.168.2.121/init/index-en.html' successfully

2018-09-05 15:33:58 - [MESSAGE][PASSED] - Navigate to 'http://192.168.2.121/init/index-en.html' successfully

2018-09-05 15:33:58 - [TEST_STEP][PASSED] - click: Object: 'Object Repository/Web/Index/Page_MYeBOX Cloud/a_I agree' is clicked on

2018-09-05 15:33:58 - [MESSAGE][PASSED] - Object: 'Object Repository/Web/Index/Page_MYeBOX Cloud/a_I agree' is clicked on

2018-09-05 15:33:58 - [TEST_STEP][PASSED] - callTestCase: Call Test Case 'Test Cases/Web/Lib/Indice/Delay' successfully

2018-09-05 15:33:58 - [TEST_CASE][PASSED] - Test Cases/Web/Lib/Indice/Delay: Test Cases/Web/Lib/Indice/Delay

2018-09-05 15:33:58 - [TEST_STEP][PASSED] - delay: Delayed 2 second(s)

2018-09-05 15:34:00 - [MESSAGE][PASSED] - Delayed 2 second(s)

2018-09-05 15:34:00 - [MESSAGE][PASSED] - Call Test Case 'Test Cases/Web/Lib/Indice/Delay' successfully

2018-09-05 15:34:00 - [TEST_STEP][PASSED] - click: Object: 'Object Repository/Web/Index/Page_MYeBOX Cloud/a_MYeBOXCloud' is clicked on

2018-09-05 15:34:01 - [MESSAGE][PASSED] - Object: 'Object Repository/Web/Index/Page_MYeBOX Cloud/a_MYeBOXCloud' is clicked on

2018-09-05 15:34:01 - [TEST_STEP][PASSED] - callTestCase: Call Test Case 'Test Cases/Web/Lib/Indice/Delay' successfully

2018-09-05 15:34:01 - [TEST_CASE][PASSED] - Test Cases/Web/Lib/Indice/Delay: Test Cases/Web/Lib/Indice/Delay

2018-09-05 15:34:01 - [TEST_STEP][PASSED] - delay: Delayed 2 second(s)

2018-09-05 15:34:03 - [MESSAGE][PASSED] - Delayed 2 second(s)

2018-09-05 15:34:03 - [MESSAGE][PASSED] - Call Test Case 'Test Cases/Web/Lib/Indice/Delay' successfully

2018-09-05 15:34:03 - [MESSAGE][PASSED] - Call Test Case 'Test Cases/Web/Lib/Indice/OpenBrowser' successfully

2018-09-05 15:34:03 - [TEST_STEP][PASSED] - callTestCase: Call Test Case 'Test Cases/Web/Lib/Login/Login' successfully

2018-09-05 15:34:03 - [TEST_CASE][PASSED] - Test Cases/Web/Lib/Login/Login: Test Cases/Web/Lib/Login/Login

2018-09-05 15:34:03 - [TEST_STEP][PASSED] - setText: Text 'agato@opentrends.net' is set on object 'Object Repository/Web/Home/Page_MyCircutor/input_email'

2018-09-05 15:34:03 - [MESSAGE][PASSED] - Text 'agato@opentrends.net' is set on object 'Object Repository/Web/Home/Page_MyCircutor/input_email'

2018-09-05 15:34:03 - [TEST_STEP][PASSED] - callTestCase: Call Test Case 'Test Cases/Web/Lib/Indice/Delay' successfully

2018-09-05 15:34:03 - [TEST_CASE][PASSED] - Test Cases/Web/Lib/Indice/Delay: Test Cases/Web/Lib/Indice/Delay

2018-09-05 15:34:03 - [TEST_STEP][PASSED] - delay: Delayed 2 second(s)

2018-09-05 15:34:05 - [MESSAGE][PASSED] - Delayed 2 second(s)

2018-09-05 15:34:05 - [MESSAGE][PASSED] - Call Test Case 'Test Cases/Web/Lib/Indice/Delay' successfully

2018-09-05 15:34:05 - [TEST_STEP][PASSED] - setEncryptedText: Text ****** has been set on object 'Object Repository/Web/Home/Page_MyCircutor/input_password'

2018-09-05 15:34:05 - [MESSAGE][PASSED] - Text ****** has been set on object 'Object Repository/Web/Home/Page_MyCircutor/input_password'

2018-09-05 15:34:05 - [TEST_STEP][PASSED] - callTestCase: Call Test Case 'Test Cases/Web/Lib/Indice/Delay' successfully

2018-09-05 15:34:05 - [TEST_CASE][PASSED] - Test Cases/Web/Lib/Indice/Delay: Test Cases/Web/Lib/Indice/Delay

2018-09-05 15:34:05 - [TEST_STEP][PASSED] - delay: Delayed 2 second(s)

2018-09-05 15:34:07 - [MESSAGE][PASSED] - Delayed 2 second(s)

2018-09-05 15:34:07 - [MESSAGE][PASSED] - Call Test Case 'Test Cases/Web/Lib/Indice/Delay' successfully

2018-09-05 15:34:07 - [TEST_STEP][PASSED] - click: Object: 'Object Repository/Web/Home/Page_MyCircutor/button_Login' is clicked on

2018-09-05 15:34:07 - [MESSAGE][PASSED] - Object: 'Object Repository/Web/Home/Page_MyCircutor/button_Login' is clicked on

2018-09-05 15:34:07 - [TEST_STEP][PASSED] - callTestCase: Call Test Case 'Test Cases/Web/Lib/Indice/Delay' successfully

2018-09-05 15:34:08 - [TEST_CASE][PASSED] - Test Cases/Web/Lib/Indice/Delay: Test Cases/Web/Lib/Indice/Delay

2018-09-05 15:34:08 - [TEST_STEP][PASSED] - delay: Delayed 2 second(s)

2018-09-05 15:34:10 - [MESSAGE][PASSED] - Delayed 2 second(s)

2018-09-05 15:34:10 - [MESSAGE][PASSED] - Call Test Case 'Test Cases/Web/Lib/Indice/Delay' successfully

2018-09-05 15:34:10 - [MESSAGE][PASSED] - Call Test Case 'Test Cases/Web/Lib/Login/Login' successfully

2018-09-05 15:34:10 - [TEST_STEP][PASSED] - callTestCase: Call Test Case 'Test Cases/Web/Lib/Indice/CloseBrowser' successfully

2018-09-05 15:34:10 - [TEST_CASE][PASSED] - Test Cases/Web/Lib/Indice/CloseBrowser: Test Cases/Web/Lib/Indice/CloseBrowser

2018-09-05 15:34:10 - [TEST_STEP][PASSED] - closeBrowser: Browser is closed

2018-09-05 15:34:10 - [MESSAGE][PASSED] - Browser is closed

2018-09-05 15:34:10 - [MESSAGE][PASSED] - Call Test Case 'Test Cases/Web/Lib/Indice/CloseBrowser' successfully]]></system-out>
         <system-err><![CDATA[]]></system-err>
      </testcase>
      <testcase name="Test Cases/Web/TC/TC_NewUser" classname="Test Cases/Web/TC/TC_NewUser" status="PASSED">
         <system-out><![CDATA[2018-09-05 15:34:10 - [TEST_CASE][PASSED] - Test Cases/Web/TC/TC_NewUser: Test Cases/Web/TC/TC_NewUser

2018-09-05 15:34:10 - [TEST_STEP][PASSED] - callTestCase: Call Test Case 'Test Cases/Web/Lib/Indice/OpenBrowser' successfully

2018-09-05 15:34:11 - [TEST_CASE][PASSED] - Test Cases/Web/Lib/Indice/OpenBrowser: Test Cases/Web/Lib/Indice/OpenBrowser

2018-09-05 15:34:11 - [TEST_STEP][PASSED] - openBrowser: Browser is opened with url: ''

2018-09-05 15:34:13 - [MESSAGE][PASSED] - Browser is opened with url: ''

2018-09-05 15:34:13 - [TEST_STEP][PASSED] - navigateToUrl: Navigate to 'http://192.168.2.121/init/index-en.html' successfully

2018-09-05 15:34:13 - [MESSAGE][PASSED] - Navigate to 'http://192.168.2.121/init/index-en.html' successfully

2018-09-05 15:34:13 - [TEST_STEP][PASSED] - click: Object: 'Object Repository/Web/Index/Page_MYeBOX Cloud/a_I agree' is clicked on

2018-09-05 15:34:13 - [MESSAGE][PASSED] - Object: 'Object Repository/Web/Index/Page_MYeBOX Cloud/a_I agree' is clicked on

2018-09-05 15:34:13 - [TEST_STEP][PASSED] - callTestCase: Call Test Case 'Test Cases/Web/Lib/Indice/Delay' successfully

2018-09-05 15:34:13 - [TEST_CASE][PASSED] - Test Cases/Web/Lib/Indice/Delay: Test Cases/Web/Lib/Indice/Delay

2018-09-05 15:34:13 - [TEST_STEP][PASSED] - delay: Delayed 2 second(s)

2018-09-05 15:34:15 - [MESSAGE][PASSED] - Delayed 2 second(s)

2018-09-05 15:34:15 - [MESSAGE][PASSED] - Call Test Case 'Test Cases/Web/Lib/Indice/Delay' successfully

2018-09-05 15:34:15 - [TEST_STEP][PASSED] - click: Object: 'Object Repository/Web/Index/Page_MYeBOX Cloud/a_MYeBOXCloud' is clicked on

2018-09-05 15:34:16 - [MESSAGE][PASSED] - Object: 'Object Repository/Web/Index/Page_MYeBOX Cloud/a_MYeBOXCloud' is clicked on

2018-09-05 15:34:16 - [TEST_STEP][PASSED] - callTestCase: Call Test Case 'Test Cases/Web/Lib/Indice/Delay' successfully

2018-09-05 15:34:16 - [TEST_CASE][PASSED] - Test Cases/Web/Lib/Indice/Delay: Test Cases/Web/Lib/Indice/Delay

2018-09-05 15:34:16 - [TEST_STEP][PASSED] - delay: Delayed 2 second(s)

2018-09-05 15:34:18 - [MESSAGE][PASSED] - Delayed 2 second(s)

2018-09-05 15:34:18 - [MESSAGE][PASSED] - Call Test Case 'Test Cases/Web/Lib/Indice/Delay' successfully

2018-09-05 15:34:18 - [MESSAGE][PASSED] - Call Test Case 'Test Cases/Web/Lib/Indice/OpenBrowser' successfully

2018-09-05 15:34:18 - [TEST_STEP][PASSED] - callTestCase: Call Test Case 'Test Cases/Web/Lib/Login/NewUser' successfully

2018-09-05 15:34:18 - [TEST_CASE][PASSED] - Test Cases/Web/Lib/Login/NewUser: Test Cases/Web/Lib/Login/NewUser

2018-09-05 15:34:18 - [TEST_STEP][PASSED] - click: Object: 'Object Repository/Web/Index/Page_MyCircutor/button_Create a new account' is clicked on

2018-09-05 15:34:19 - [MESSAGE][PASSED] - Object: 'Object Repository/Web/Index/Page_MyCircutor/button_Create a new account' is clicked on

2018-09-05 15:34:19 - [TEST_STEP][PASSED] - callTestCase: Call Test Case 'Test Cases/Web/Lib/Indice/Delay' successfully

2018-09-05 15:34:19 - [TEST_CASE][PASSED] - Test Cases/Web/Lib/Indice/Delay: Test Cases/Web/Lib/Indice/Delay

2018-09-05 15:34:19 - [TEST_STEP][PASSED] - delay: Delayed 2 second(s)

2018-09-05 15:34:21 - [MESSAGE][PASSED] - Delayed 2 second(s)

2018-09-05 15:34:21 - [MESSAGE][PASSED] - Call Test Case 'Test Cases/Web/Lib/Indice/Delay' successfully

2018-09-05 15:34:21 - [TEST_STEP][PASSED] - click: Object: 'Object Repository/Web/Index/Page_MyCircutor/div_Company name' is clicked on

2018-09-05 15:34:21 - [MESSAGE][PASSED] - Object: 'Object Repository/Web/Index/Page_MyCircutor/div_Company name' is clicked on

2018-09-05 15:34:21 - [TEST_STEP][PASSED] - callTestCase: Call Test Case 'Test Cases/Web/Lib/Indice/Delay' successfully

2018-09-05 15:34:21 - [TEST_CASE][PASSED] - Test Cases/Web/Lib/Indice/Delay: Test Cases/Web/Lib/Indice/Delay

2018-09-05 15:34:21 - [TEST_STEP][PASSED] - delay: Delayed 2 second(s)

2018-09-05 15:34:23 - [MESSAGE][PASSED] - Delayed 2 second(s)

2018-09-05 15:34:23 - [MESSAGE][PASSED] - Call Test Case 'Test Cases/Web/Lib/Indice/Delay' successfully

2018-09-05 15:34:23 - [TEST_STEP][PASSED] - setText: Text 'Opentrends' is set on object 'Object Repository/Web/Index/Page_MyCircutor/input_enterpriseName'

2018-09-05 15:34:23 - [MESSAGE][PASSED] - Text 'Opentrends' is set on object 'Object Repository/Web/Index/Page_MyCircutor/input_enterpriseName'

2018-09-05 15:34:23 - [TEST_STEP][PASSED] - callTestCase: Call Test Case 'Test Cases/Web/Lib/Indice/Delay' successfully

2018-09-05 15:34:23 - [TEST_CASE][PASSED] - Test Cases/Web/Lib/Indice/Delay: Test Cases/Web/Lib/Indice/Delay

2018-09-05 15:34:23 - [TEST_STEP][PASSED] - delay: Delayed 2 second(s)

2018-09-05 15:34:25 - [MESSAGE][PASSED] - Delayed 2 second(s)

2018-09-05 15:34:25 - [MESSAGE][PASSED] - Call Test Case 'Test Cases/Web/Lib/Indice/Delay' successfully

2018-09-05 15:34:25 - [TEST_STEP][NOT_RUN] - click: NOT_RUN: click

2018-09-05 15:34:25 - [MESSAGE][NOT_RUN] - NOT_RUN: click

2018-09-05 15:34:25 - [TEST_STEP][NOT_RUN] - click: NOT_RUN: click

2018-09-05 15:34:25 - [MESSAGE][NOT_RUN] - NOT_RUN: click

2018-09-05 15:34:25 - [TEST_STEP][PASSED] - setText: Text 'Prueba1' is set on object 'Object Repository/Web/Index/Page_MyCircutor/input_userName'

2018-09-05 15:34:25 - [MESSAGE][PASSED] - Text 'Prueba1' is set on object 'Object Repository/Web/Index/Page_MyCircutor/input_userName'

2018-09-05 15:34:25 - [TEST_STEP][PASSED] - callTestCase: Call Test Case 'Test Cases/Web/Lib/Indice/Delay' successfully

2018-09-05 15:34:25 - [TEST_CASE][PASSED] - Test Cases/Web/Lib/Indice/Delay: Test Cases/Web/Lib/Indice/Delay

2018-09-05 15:34:25 - [TEST_STEP][PASSED] - delay: Delayed 2 second(s)

2018-09-05 15:34:27 - [MESSAGE][PASSED] - Delayed 2 second(s)

2018-09-05 15:34:27 - [MESSAGE][PASSED] - Call Test Case 'Test Cases/Web/Lib/Indice/Delay' successfully

2018-09-05 15:34:27 - [TEST_STEP][PASSED] - click: Object: 'Object Repository/Web/Index/Page_MyCircutor/div_EMAIL' is clicked on

2018-09-05 15:34:27 - [MESSAGE][PASSED] - Object: 'Object Repository/Web/Index/Page_MyCircutor/div_EMAIL' is clicked on

2018-09-05 15:34:27 - [TEST_STEP][PASSED] - callTestCase: Call Test Case 'Test Cases/Web/Lib/Indice/Delay' successfully

2018-09-05 15:34:27 - [TEST_CASE][PASSED] - Test Cases/Web/Lib/Indice/Delay: Test Cases/Web/Lib/Indice/Delay

2018-09-05 15:34:27 - [TEST_STEP][PASSED] - delay: Delayed 2 second(s)

2018-09-05 15:34:29 - [MESSAGE][PASSED] - Delayed 2 second(s)

2018-09-05 15:34:29 - [MESSAGE][PASSED] - Call Test Case 'Test Cases/Web/Lib/Indice/Delay' successfully

2018-09-05 15:34:29 - [TEST_STEP][PASSED] - setText: Text 'agato@opentrends.net' is set on object 'Object Repository/Web/Index/Page_MyCircutor/input_email'

2018-09-05 15:34:30 - [MESSAGE][PASSED] - Text 'agato@opentrends.net' is set on object 'Object Repository/Web/Index/Page_MyCircutor/input_email'

2018-09-05 15:34:30 - [TEST_STEP][PASSED] - callTestCase: Call Test Case 'Test Cases/Web/Lib/Indice/Delay' successfully

2018-09-05 15:34:30 - [TEST_CASE][PASSED] - Test Cases/Web/Lib/Indice/Delay: Test Cases/Web/Lib/Indice/Delay

2018-09-05 15:34:30 - [TEST_STEP][PASSED] - delay: Delayed 2 second(s)

2018-09-05 15:34:32 - [MESSAGE][PASSED] - Delayed 2 second(s)

2018-09-05 15:34:32 - [MESSAGE][PASSED] - Call Test Case 'Test Cases/Web/Lib/Indice/Delay' successfully

2018-09-05 15:34:32 - [TEST_STEP][PASSED] - setText: Text 'BArcelona' is set on object 'Object Repository/Web/Index/Page_MyCircutor/input_city'

2018-09-05 15:34:32 - [MESSAGE][PASSED] - Text 'BArcelona' is set on object 'Object Repository/Web/Index/Page_MyCircutor/input_city'

2018-09-05 15:34:32 - [TEST_STEP][PASSED] - callTestCase: Call Test Case 'Test Cases/Web/Lib/Indice/Delay' successfully

2018-09-05 15:34:32 - [TEST_CASE][PASSED] - Test Cases/Web/Lib/Indice/Delay: Test Cases/Web/Lib/Indice/Delay

2018-09-05 15:34:32 - [TEST_STEP][PASSED] - delay: Delayed 2 second(s)

2018-09-05 15:34:34 - [MESSAGE][PASSED] - Delayed 2 second(s)

2018-09-05 15:34:34 - [MESSAGE][PASSED] - Call Test Case 'Test Cases/Web/Lib/Indice/Delay' successfully

2018-09-05 15:34:34 - [TEST_STEP][PASSED] - click: Object: 'Object Repository/Web/Index/Page_MyCircutor/i_glyphicon glyphicon-menu-dow_1' is clicked on

2018-09-05 15:34:34 - [MESSAGE][PASSED] - Object: 'Object Repository/Web/Index/Page_MyCircutor/i_glyphicon glyphicon-menu-dow_1' is clicked on

2018-09-05 15:34:34 - [TEST_STEP][PASSED] - callTestCase: Call Test Case 'Test Cases/Web/Lib/Indice/Delay' successfully

2018-09-05 15:34:34 - [TEST_CASE][PASSED] - Test Cases/Web/Lib/Indice/Delay: Test Cases/Web/Lib/Indice/Delay

2018-09-05 15:34:34 - [TEST_STEP][PASSED] - delay: Delayed 2 second(s)

2018-09-05 15:34:36 - [MESSAGE][PASSED] - Delayed 2 second(s)

2018-09-05 15:34:36 - [MESSAGE][PASSED] - Call Test Case 'Test Cases/Web/Lib/Indice/Delay' successfully

2018-09-05 15:34:36 - [TEST_STEP][PASSED] - click: Object: 'Object Repository/Web/Index/Page_MyCircutor/a_Head of department' is clicked on

2018-09-05 15:34:36 - [MESSAGE][PASSED] - Object: 'Object Repository/Web/Index/Page_MyCircutor/a_Head of department' is clicked on

2018-09-05 15:34:36 - [TEST_STEP][PASSED] - callTestCase: Call Test Case 'Test Cases/Web/Lib/Indice/Delay' successfully

2018-09-05 15:34:36 - [TEST_CASE][PASSED] - Test Cases/Web/Lib/Indice/Delay: Test Cases/Web/Lib/Indice/Delay

2018-09-05 15:34:36 - [TEST_STEP][PASSED] - delay: Delayed 2 second(s)

2018-09-05 15:34:38 - [MESSAGE][PASSED] - Delayed 2 second(s)

2018-09-05 15:34:38 - [MESSAGE][PASSED] - Call Test Case 'Test Cases/Web/Lib/Indice/Delay' successfully

2018-09-05 15:34:38 - [TEST_STEP][PASSED] - setEncryptedText: Text ****** has been set on object 'Object Repository/Web/Index/Page_MyCircutor/input_password'

2018-09-05 15:34:38 - [MESSAGE][PASSED] - Text ****** has been set on object 'Object Repository/Web/Index/Page_MyCircutor/input_password'

2018-09-05 15:34:38 - [TEST_STEP][PASSED] - callTestCase: Call Test Case 'Test Cases/Web/Lib/Indice/Delay' successfully

2018-09-05 15:34:38 - [TEST_CASE][PASSED] - Test Cases/Web/Lib/Indice/Delay: Test Cases/Web/Lib/Indice/Delay

2018-09-05 15:34:38 - [TEST_STEP][PASSED] - delay: Delayed 2 second(s)

2018-09-05 15:34:40 - [MESSAGE][PASSED] - Delayed 2 second(s)

2018-09-05 15:34:40 - [MESSAGE][PASSED] - Call Test Case 'Test Cases/Web/Lib/Indice/Delay' successfully

2018-09-05 15:34:40 - [TEST_STEP][PASSED] - setEncryptedText: Text ****** has been set on object 'Object Repository/Web/Index/Page_MyCircutor/input_repeatedPassword'

2018-09-05 15:34:41 - [MESSAGE][PASSED] - Text ****** has been set on object 'Object Repository/Web/Index/Page_MyCircutor/input_repeatedPassword'

2018-09-05 15:34:41 - [TEST_STEP][PASSED] - callTestCase: Call Test Case 'Test Cases/Web/Lib/Indice/Delay' successfully

2018-09-05 15:34:41 - [TEST_CASE][PASSED] - Test Cases/Web/Lib/Indice/Delay: Test Cases/Web/Lib/Indice/Delay

2018-09-05 15:34:41 - [TEST_STEP][PASSED] - delay: Delayed 2 second(s)

2018-09-05 15:34:43 - [MESSAGE][PASSED] - Delayed 2 second(s)

2018-09-05 15:34:43 - [MESSAGE][PASSED] - Call Test Case 'Test Cases/Web/Lib/Indice/Delay' successfully

2018-09-05 15:34:43 - [TEST_STEP][PASSED] - click: Object: 'Object Repository/Web/Index/Page_MyCircutor/label_I want to receive email' is clicked on

2018-09-05 15:34:43 - [MESSAGE][PASSED] - Object: 'Object Repository/Web/Index/Page_MyCircutor/label_I want to receive email' is clicked on

2018-09-05 15:34:43 - [TEST_STEP][PASSED] - callTestCase: Call Test Case 'Test Cases/Web/Lib/Indice/Delay' successfully

2018-09-05 15:34:43 - [TEST_CASE][PASSED] - Test Cases/Web/Lib/Indice/Delay: Test Cases/Web/Lib/Indice/Delay

2018-09-05 15:34:43 - [TEST_STEP][PASSED] - delay: Delayed 2 second(s)

2018-09-05 15:34:45 - [MESSAGE][PASSED] - Delayed 2 second(s)

2018-09-05 15:34:45 - [MESSAGE][PASSED] - Call Test Case 'Test Cases/Web/Lib/Indice/Delay' successfully

2018-09-05 15:34:45 - [TEST_STEP][PASSED] - click: Object: 'Object Repository/Web/Index/Page_MyCircutor/label_I accept the privacy pol' is clicked on

2018-09-05 15:34:45 - [MESSAGE][PASSED] - Object: 'Object Repository/Web/Index/Page_MyCircutor/label_I accept the privacy pol' is clicked on

2018-09-05 15:34:45 - [TEST_STEP][PASSED] - callTestCase: Call Test Case 'Test Cases/Web/Lib/Indice/Delay' successfully

2018-09-05 15:34:45 - [TEST_CASE][PASSED] - Test Cases/Web/Lib/Indice/Delay: Test Cases/Web/Lib/Indice/Delay

2018-09-05 15:34:45 - [TEST_STEP][PASSED] - delay: Delayed 2 second(s)

2018-09-05 15:34:47 - [MESSAGE][PASSED] - Delayed 2 second(s)

2018-09-05 15:34:47 - [MESSAGE][PASSED] - Call Test Case 'Test Cases/Web/Lib/Indice/Delay' successfully

2018-09-05 15:34:47 - [TEST_STEP][NOT_RUN] - click: NOT_RUN: click

2018-09-05 15:34:47 - [MESSAGE][NOT_RUN] - NOT_RUN: click

2018-09-05 15:34:47 - [MESSAGE][PASSED] - Call Test Case 'Test Cases/Web/Lib/Login/NewUser' successfully

2018-09-05 15:34:47 - [TEST_STEP][PASSED] - callTestCase: Call Test Case 'Test Cases/Web/Lib/Indice/CloseBrowser' successfully

2018-09-05 15:34:47 - [TEST_CASE][PASSED] - Test Cases/Web/Lib/Indice/CloseBrowser: Test Cases/Web/Lib/Indice/CloseBrowser

2018-09-05 15:34:47 - [TEST_STEP][PASSED] - closeBrowser: Browser is closed

2018-09-05 15:34:48 - [MESSAGE][PASSED] - Browser is closed

2018-09-05 15:34:48 - [MESSAGE][PASSED] - Call Test Case 'Test Cases/Web/Lib/Indice/CloseBrowser' successfully]]></system-out>
         <system-err><![CDATA[]]></system-err>
      </testcase>
      <system-out><![CDATA[2018-09-05 15:33:26 - [TEST_SUITE][PASSED] - TS_Regression: Test Cases/Web/TC/TC_NewUser]]></system-out>
      <system-err><![CDATA[]]></system-err>
   </testsuite>
</testsuites>
