<?xml version="1.0" encoding="UTF-8"?>
<testsuites name="New Test Suite" time="2" tests="1" failures="0" errors="0">
   <testsuite name="New Test Suite" tests="1" failures="0" errors="0" time="2" timestamp="2018-09-06 09:03:09" hostname="Agato - 172.20.13.209" id="Test Suites/New Test Suite">
      <properties>
         <property name="deviceName" value=""/>
         <property name="devicePlatform" value=""/>
         <property name="logFolder" value="C:\\Users\\Agato\\git\\Circutor\\Circutor\\Reports\\New Test Suite\\20180906_090308"/>
         <property name="logFiles" value="C:\\Users\\Agato\\git\\Circutor\\Circutor\\Reports\\New Test Suite\\20180906_090308\\execution0.log"/>
         <property name="attachments" value=""/>
         <property name="hostName" value="Agato - 172.20.13.209"/>
         <property name="hostAddress" value="172.20.13.209"/>
         <property name="os" value="Windows 10 64bit"/>
         <property name="katalonVersion" value="5.6.3.1"/>
      </properties>
      <testcase name="Test Cases/Rest/TC/ServiciosRest" classname="Test Cases/Rest/TC/ServiciosRest" status="PASSED">
         <system-out><![CDATA[2018-09-06 09:03:09 - [TEST_CASE][PASSED] - Test Cases/Rest/TC/ServiciosRest: Test Cases/Rest/TC/ServiciosRest

2018-09-06 09:03:10 - [TEST_STEP][PASSED] - Statement - response = com.kms.katalon.core.webservice.keyword.WSBuiltInKeywords.sendRequest(com.kms.katalon.core.testobject.ObjectRepository.findTestObject(Rest/GetAllCountries)): Send request successfully

2018-09-06 09:03:11 - [MESSAGE][PASSED] - Send request successfully

2018-09-06 09:03:11 - [TEST_STEP][PASSED] - verifyResponseStatusCode: Verify response status code successfully

2018-09-06 09:03:11 - [MESSAGE][PASSED] - Verify response status code successfully

2018-09-06 09:03:11 - [TEST_STEP][PASSED] - verifyElementPropertyValue: Verify element property value successfully

2018-09-06 09:03:11 - [MESSAGE][PASSED] - Verify element property value successfully]]></system-out>
         <system-err><![CDATA[]]></system-err>
      </testcase>
      <system-out><![CDATA[2018-09-06 09:03:09 - [TEST_SUITE][PASSED] - New Test Suite: Test Cases/Rest/TC/ServiciosRest]]></system-out>
      <system-err><![CDATA[]]></system-err>
   </testsuite>
</testsuites>
