<?xml version="1.0" encoding="UTF-8"?>
<testsuites name="TS_Regression" time="85" tests="3" failures="0" errors="0">
   <testsuite name="TS_Regression" tests="3" failures="0" errors="0" time="85" timestamp="2018-09-05 16:48:05" hostname="Agato - 172.20.13.209" id="Test Suites/Web/TS_Regression">
      <properties>
         <property name="deviceName" value=""/>
         <property name="devicePlatform" value=""/>
         <property name="logFolder" value="C:\\Users\\Agato\\git\\Circutor\\Circutor\\Reports\\Web\\TS_Regression\\20180905_163718"/>
         <property name="logFiles" value="C:\\Users\\Agato\\git\\Circutor\\Circutor\\Reports\\Web\\TS_Regression\\20180905_163718\\execution0.log"/>
         <property name="attachments" value=""/>
         <property name="hostName" value="Agato - 172.20.13.209"/>
         <property name="os" value="Windows 10 64bit"/>
         <property name="katalonVersion" value="5.6.3.1"/>
         <property name="browser" value="Firefox 61.0"/>
         <property name="hostAddress" value="172.20.13.209"/>
         <property name="sessionId" value="e94abe96-7781-4b4b-a13d-9349c490ed9c"/>
         <property name="seleniumVersion" value="3.7.1"/>
         <property name="proxyInformation" value="ProxyInformation{proxyOption=NO_PROXY, proxyServerType=HTTP, password=, proxyServerAddress=, proxyServerPort=0}"/>
         <property name="platform" value="Windows 10"/>
      </properties>
      <testcase name="Test Cases/Web/TC/TC_Home" classname="Test Cases/Web/TC/TC_Home" status="PASSED">
         <system-out><![CDATA[2018-09-05 16:48:05 - [TEST_CASE][PASSED] - Test Cases/Web/TC/TC_Home: Test Cases/Web/TC/TC_Home

2018-09-05 16:48:05 - [TEST_STEP][PASSED] - callTestCase: Call Test Case 'Test Cases/Web/Lib/Indice/OpenBrowser' successfully

2018-09-05 16:48:05 - [TEST_CASE][PASSED] - Test Cases/Web/Lib/Indice/OpenBrowser: Test Cases/Web/Lib/Indice/OpenBrowser

2018-09-05 16:48:06 - [TEST_STEP][PASSED] - openBrowser: Browser is opened with url: ''

2018-09-05 16:48:09 - [MESSAGE][PASSED] - Browser is opened with url: ''

2018-09-05 16:48:09 - [TEST_STEP][PASSED] - navigateToUrl: Navigate to 'http://192.168.2.121/init/index-en.html' successfully

2018-09-05 16:48:10 - [MESSAGE][PASSED] - Navigate to 'http://192.168.2.121/init/index-en.html' successfully

2018-09-05 16:48:10 - [TEST_STEP][PASSED] - click: Object: 'Object Repository/Web/Index/Page_MYeBOX Cloud/a_I agree' is clicked on

2018-09-05 16:48:11 - [MESSAGE][PASSED] - Object: 'Object Repository/Web/Index/Page_MYeBOX Cloud/a_I agree' is clicked on

2018-09-05 16:48:11 - [TEST_STEP][PASSED] - callTestCase: Call Test Case 'Test Cases/Web/Lib/Indice/Delay' successfully

2018-09-05 16:48:11 - [TEST_CASE][PASSED] - Test Cases/Web/Lib/Indice/Delay: Test Cases/Web/Lib/Indice/Delay

2018-09-05 16:48:11 - [TEST_STEP][PASSED] - delay: Delayed 2 second(s)

2018-09-05 16:48:13 - [MESSAGE][PASSED] - Delayed 2 second(s)

2018-09-05 16:48:13 - [MESSAGE][PASSED] - Call Test Case 'Test Cases/Web/Lib/Indice/Delay' successfully

2018-09-05 16:48:13 - [TEST_STEP][PASSED] - click: Object: 'Object Repository/Web/Index/Page_MYeBOX Cloud/a_MYeBOXCloud' is clicked on

2018-09-05 16:48:13 - [MESSAGE][PASSED] - Object: 'Object Repository/Web/Index/Page_MYeBOX Cloud/a_MYeBOXCloud' is clicked on

2018-09-05 16:48:13 - [TEST_STEP][PASSED] - callTestCase: Call Test Case 'Test Cases/Web/Lib/Indice/Delay' successfully

2018-09-05 16:48:13 - [TEST_CASE][PASSED] - Test Cases/Web/Lib/Indice/Delay: Test Cases/Web/Lib/Indice/Delay

2018-09-05 16:48:13 - [TEST_STEP][PASSED] - delay: Delayed 2 second(s)

2018-09-05 16:48:15 - [MESSAGE][PASSED] - Delayed 2 second(s)

2018-09-05 16:48:15 - [MESSAGE][PASSED] - Call Test Case 'Test Cases/Web/Lib/Indice/Delay' successfully

2018-09-05 16:48:15 - [MESSAGE][PASSED] - Call Test Case 'Test Cases/Web/Lib/Indice/OpenBrowser' successfully

2018-09-05 16:48:15 - [TEST_STEP][PASSED] - callTestCase: Call Test Case 'Test Cases/Web/Lib/Login/Login' successfully

2018-09-05 16:48:15 - [TEST_CASE][PASSED] - Test Cases/Web/Lib/Login/Login: Test Cases/Web/Lib/Login/Login

2018-09-05 16:48:16 - [TEST_STEP][PASSED] - setText: Text 'agato@opentrends.net' is set on object 'Object Repository/Web/Home/Page_MyCircutor/input_email'

2018-09-05 16:48:16 - [MESSAGE][PASSED] - Text 'agato@opentrends.net' is set on object 'Object Repository/Web/Home/Page_MyCircutor/input_email'

2018-09-05 16:48:16 - [TEST_STEP][PASSED] - callTestCase: Call Test Case 'Test Cases/Web/Lib/Indice/Delay' successfully

2018-09-05 16:48:16 - [TEST_CASE][PASSED] - Test Cases/Web/Lib/Indice/Delay: Test Cases/Web/Lib/Indice/Delay

2018-09-05 16:48:16 - [TEST_STEP][PASSED] - delay: Delayed 2 second(s)

2018-09-05 16:48:18 - [MESSAGE][PASSED] - Delayed 2 second(s)

2018-09-05 16:48:18 - [MESSAGE][PASSED] - Call Test Case 'Test Cases/Web/Lib/Indice/Delay' successfully

2018-09-05 16:48:18 - [TEST_STEP][PASSED] - setEncryptedText: Text ****** has been set on object 'Object Repository/Web/Home/Page_MyCircutor/input_password'

2018-09-05 16:48:18 - [MESSAGE][PASSED] - Text ****** has been set on object 'Object Repository/Web/Home/Page_MyCircutor/input_password'

2018-09-05 16:48:18 - [TEST_STEP][PASSED] - callTestCase: Call Test Case 'Test Cases/Web/Lib/Indice/Delay' successfully

2018-09-05 16:48:18 - [TEST_CASE][PASSED] - Test Cases/Web/Lib/Indice/Delay: Test Cases/Web/Lib/Indice/Delay

2018-09-05 16:48:18 - [TEST_STEP][PASSED] - delay: Delayed 2 second(s)

2018-09-05 16:48:20 - [MESSAGE][PASSED] - Delayed 2 second(s)

2018-09-05 16:48:20 - [MESSAGE][PASSED] - Call Test Case 'Test Cases/Web/Lib/Indice/Delay' successfully

2018-09-05 16:48:20 - [TEST_STEP][PASSED] - click: Object: 'Object Repository/Web/Home/Page_MyCircutor/button_Login' is clicked on

2018-09-05 16:48:20 - [MESSAGE][PASSED] - Object: 'Object Repository/Web/Home/Page_MyCircutor/button_Login' is clicked on

2018-09-05 16:48:20 - [TEST_STEP][PASSED] - callTestCase: Call Test Case 'Test Cases/Web/Lib/Indice/Delay' successfully

2018-09-05 16:48:20 - [TEST_CASE][PASSED] - Test Cases/Web/Lib/Indice/Delay: Test Cases/Web/Lib/Indice/Delay

2018-09-05 16:48:20 - [TEST_STEP][PASSED] - delay: Delayed 2 second(s)

2018-09-05 16:48:22 - [MESSAGE][PASSED] - Delayed 2 second(s)

2018-09-05 16:48:22 - [MESSAGE][PASSED] - Call Test Case 'Test Cases/Web/Lib/Indice/Delay' successfully

2018-09-05 16:48:22 - [MESSAGE][PASSED] - Call Test Case 'Test Cases/Web/Lib/Login/Login' successfully

2018-09-05 16:48:23 - [TEST_STEP][PASSED] - callTestCase: Call Test Case 'Test Cases/Web/Lib/Home/Home-Audit' successfully

2018-09-05 16:48:23 - [TEST_CASE][PASSED] - Test Cases/Web/Lib/Home/Home-Audit: Test Cases/Web/Lib/Home/Home-Audit

2018-09-05 16:48:23 - [TEST_STEP][PASSED] - click: Object: 'Object Repository/Web/Home/Page_MyCircutor/a_Audit' is clicked on

2018-09-05 16:48:23 - [MESSAGE][PASSED] - Object: 'Object Repository/Web/Home/Page_MyCircutor/a_Audit' is clicked on

2018-09-05 16:48:23 - [TEST_STEP][PASSED] - callTestCase: Call Test Case 'Test Cases/Web/Lib/Indice/Delay' successfully

2018-09-05 16:48:23 - [TEST_CASE][PASSED] - Test Cases/Web/Lib/Indice/Delay: Test Cases/Web/Lib/Indice/Delay

2018-09-05 16:48:23 - [TEST_STEP][PASSED] - delay: Delayed 2 second(s)

2018-09-05 16:48:25 - [MESSAGE][PASSED] - Delayed 2 second(s)

2018-09-05 16:48:25 - [MESSAGE][PASSED] - Call Test Case 'Test Cases/Web/Lib/Indice/Delay' successfully

2018-09-05 16:48:25 - [MESSAGE][PASSED] - Call Test Case 'Test Cases/Web/Lib/Home/Home-Audit' successfully

2018-09-05 16:48:25 - [TEST_STEP][PASSED] - callTestCase: Call Test Case 'Test Cases/Web/Lib/Home/Home-Firmwares' successfully

2018-09-05 16:48:25 - [TEST_CASE][PASSED] - Test Cases/Web/Lib/Home/Home-Firmwares: Test Cases/Web/Lib/Home/Home-Firmwares

2018-09-05 16:48:25 - [TEST_STEP][PASSED] - click: Object: 'Object Repository/Web/Home/Page_MyCircutor/a_Firmwares' is clicked on

2018-09-05 16:48:26 - [MESSAGE][PASSED] - Object: 'Object Repository/Web/Home/Page_MyCircutor/a_Firmwares' is clicked on

2018-09-05 16:48:26 - [TEST_STEP][PASSED] - callTestCase: Call Test Case 'Test Cases/Web/Lib/Indice/Delay' successfully

2018-09-05 16:48:26 - [TEST_CASE][PASSED] - Test Cases/Web/Lib/Indice/Delay: Test Cases/Web/Lib/Indice/Delay

2018-09-05 16:48:26 - [TEST_STEP][PASSED] - delay: Delayed 2 second(s)

2018-09-05 16:48:28 - [MESSAGE][PASSED] - Delayed 2 second(s)

2018-09-05 16:48:28 - [MESSAGE][PASSED] - Call Test Case 'Test Cases/Web/Lib/Indice/Delay' successfully

2018-09-05 16:48:28 - [MESSAGE][PASSED] - Call Test Case 'Test Cases/Web/Lib/Home/Home-Firmwares' successfully

2018-09-05 16:48:28 - [TEST_STEP][PASSED] - callTestCase: Call Test Case 'Test Cases/Web/Lib/Home/Home-GeneratedFiles' successfully

2018-09-05 16:48:28 - [TEST_CASE][PASSED] - Test Cases/Web/Lib/Home/Home-GeneratedFiles: Test Cases/Web/Lib/Home/Home-GeneratedFiles

2018-09-05 16:48:28 - [TEST_STEP][PASSED] - click: Object: 'Object Repository/Web/Home/Page_MyCircutor/a_Generated files' is clicked on

2018-09-05 16:48:28 - [MESSAGE][PASSED] - Object: 'Object Repository/Web/Home/Page_MyCircutor/a_Generated files' is clicked on

2018-09-05 16:48:28 - [TEST_STEP][PASSED] - callTestCase: Call Test Case 'Test Cases/Web/Lib/Indice/Delay' successfully

2018-09-05 16:48:28 - [TEST_CASE][PASSED] - Test Cases/Web/Lib/Indice/Delay: Test Cases/Web/Lib/Indice/Delay

2018-09-05 16:48:28 - [TEST_STEP][PASSED] - delay: Delayed 2 second(s)

2018-09-05 16:48:30 - [MESSAGE][PASSED] - Delayed 2 second(s)

2018-09-05 16:48:30 - [MESSAGE][PASSED] - Call Test Case 'Test Cases/Web/Lib/Indice/Delay' successfully

2018-09-05 16:48:30 - [MESSAGE][PASSED] - Call Test Case 'Test Cases/Web/Lib/Home/Home-GeneratedFiles' successfully

2018-09-05 16:48:30 - [TEST_STEP][PASSED] - callTestCase: Call Test Case 'Test Cases/Web/Lib/Home/Home-MYeBOx' successfully

2018-09-05 16:48:30 - [TEST_CASE][PASSED] - Test Cases/Web/Lib/Home/Home-MYeBOx: Test Cases/Web/Lib/Home/Home-MYeBOx

2018-09-05 16:48:30 - [TEST_STEP][PASSED] - click: Object: 'Object Repository/Web/Home/Page_MyCircutor/a_MYeBOXs' is clicked on

2018-09-05 16:48:31 - [MESSAGE][PASSED] - Object: 'Object Repository/Web/Home/Page_MyCircutor/a_MYeBOXs' is clicked on

2018-09-05 16:48:31 - [TEST_STEP][PASSED] - callTestCase: Call Test Case 'Test Cases/Web/Lib/Indice/Delay' successfully

2018-09-05 16:48:31 - [TEST_CASE][PASSED] - Test Cases/Web/Lib/Indice/Delay: Test Cases/Web/Lib/Indice/Delay

2018-09-05 16:48:31 - [TEST_STEP][PASSED] - delay: Delayed 2 second(s)

2018-09-05 16:48:33 - [MESSAGE][PASSED] - Delayed 2 second(s)

2018-09-05 16:48:33 - [MESSAGE][PASSED] - Call Test Case 'Test Cases/Web/Lib/Indice/Delay' successfully

2018-09-05 16:48:33 - [MESSAGE][PASSED] - Call Test Case 'Test Cases/Web/Lib/Home/Home-MYeBOx' successfully

2018-09-05 16:48:33 - [TEST_STEP][PASSED] - callTestCase: Call Test Case 'Test Cases/Web/Lib/Home/Home-Users' successfully

2018-09-05 16:48:33 - [TEST_CASE][PASSED] - Test Cases/Web/Lib/Home/Home-Users: Test Cases/Web/Lib/Home/Home-Users

2018-09-05 16:48:33 - [TEST_STEP][PASSED] - click: Object: 'Object Repository/Web/Home/Page_MyCircutor/a_Users' is clicked on

2018-09-05 16:48:33 - [MESSAGE][PASSED] - Object: 'Object Repository/Web/Home/Page_MyCircutor/a_Users' is clicked on

2018-09-05 16:48:33 - [TEST_STEP][PASSED] - callTestCase: Call Test Case 'Test Cases/Web/Lib/Indice/Delay' successfully

2018-09-05 16:48:33 - [TEST_CASE][PASSED] - Test Cases/Web/Lib/Indice/Delay: Test Cases/Web/Lib/Indice/Delay

2018-09-05 16:48:33 - [TEST_STEP][PASSED] - delay: Delayed 2 second(s)

2018-09-05 16:48:35 - [MESSAGE][PASSED] - Delayed 2 second(s)

2018-09-05 16:48:35 - [MESSAGE][PASSED] - Call Test Case 'Test Cases/Web/Lib/Indice/Delay' successfully

2018-09-05 16:48:35 - [MESSAGE][PASSED] - Call Test Case 'Test Cases/Web/Lib/Home/Home-Users' successfully

2018-09-05 16:48:35 - [TEST_STEP][PASSED] - callTestCase: Call Test Case 'Test Cases/Web/Lib/Indice/CloseBrowser' successfully

2018-09-05 16:48:35 - [TEST_CASE][PASSED] - Test Cases/Web/Lib/Indice/CloseBrowser: Test Cases/Web/Lib/Indice/CloseBrowser

2018-09-05 16:48:36 - [TEST_STEP][PASSED] - closeBrowser: Browser is closed

2018-09-05 16:48:36 - [MESSAGE][PASSED] - Browser is closed

2018-09-05 16:48:36 - [MESSAGE][PASSED] - Call Test Case 'Test Cases/Web/Lib/Indice/CloseBrowser' successfully]]></system-out>
         <system-err><![CDATA[]]></system-err>
      </testcase>
      <testcase name="Test Cases/Web/TC/TC_Login" classname="Test Cases/Web/TC/TC_Login" status="PASSED">
         <system-out><![CDATA[2018-09-05 16:48:36 - [TEST_CASE][PASSED] - Test Cases/Web/TC/TC_Login: Test Cases/Web/TC/TC_Login

2018-09-05 16:48:36 - [TEST_STEP][PASSED] - callTestCase: Call Test Case 'Test Cases/Web/Lib/Indice/OpenBrowser' successfully

2018-09-05 16:48:36 - [TEST_CASE][PASSED] - Test Cases/Web/Lib/Indice/OpenBrowser: Test Cases/Web/Lib/Indice/OpenBrowser

2018-09-05 16:48:36 - [TEST_STEP][PASSED] - openBrowser: Browser is opened with url: ''

2018-09-05 16:48:38 - [MESSAGE][PASSED] - Browser is opened with url: ''

2018-09-05 16:48:38 - [TEST_STEP][PASSED] - navigateToUrl: Navigate to 'http://192.168.2.121/init/index-en.html' successfully

2018-09-05 16:48:39 - [MESSAGE][PASSED] - Navigate to 'http://192.168.2.121/init/index-en.html' successfully

2018-09-05 16:48:39 - [TEST_STEP][PASSED] - click: Object: 'Object Repository/Web/Index/Page_MYeBOX Cloud/a_I agree' is clicked on

2018-09-05 16:48:40 - [MESSAGE][PASSED] - Object: 'Object Repository/Web/Index/Page_MYeBOX Cloud/a_I agree' is clicked on

2018-09-05 16:48:40 - [TEST_STEP][PASSED] - callTestCase: Call Test Case 'Test Cases/Web/Lib/Indice/Delay' successfully

2018-09-05 16:48:40 - [TEST_CASE][PASSED] - Test Cases/Web/Lib/Indice/Delay: Test Cases/Web/Lib/Indice/Delay

2018-09-05 16:48:40 - [TEST_STEP][PASSED] - delay: Delayed 2 second(s)

2018-09-05 16:48:42 - [MESSAGE][PASSED] - Delayed 2 second(s)

2018-09-05 16:48:42 - [MESSAGE][PASSED] - Call Test Case 'Test Cases/Web/Lib/Indice/Delay' successfully

2018-09-05 16:48:42 - [TEST_STEP][PASSED] - click: Object: 'Object Repository/Web/Index/Page_MYeBOX Cloud/a_MYeBOXCloud' is clicked on

2018-09-05 16:48:42 - [MESSAGE][PASSED] - Object: 'Object Repository/Web/Index/Page_MYeBOX Cloud/a_MYeBOXCloud' is clicked on

2018-09-05 16:48:42 - [TEST_STEP][PASSED] - callTestCase: Call Test Case 'Test Cases/Web/Lib/Indice/Delay' successfully

2018-09-05 16:48:42 - [TEST_CASE][PASSED] - Test Cases/Web/Lib/Indice/Delay: Test Cases/Web/Lib/Indice/Delay

2018-09-05 16:48:42 - [TEST_STEP][PASSED] - delay: Delayed 2 second(s)

2018-09-05 16:48:44 - [MESSAGE][PASSED] - Delayed 2 second(s)

2018-09-05 16:48:44 - [MESSAGE][PASSED] - Call Test Case 'Test Cases/Web/Lib/Indice/Delay' successfully

2018-09-05 16:48:44 - [MESSAGE][PASSED] - Call Test Case 'Test Cases/Web/Lib/Indice/OpenBrowser' successfully

2018-09-05 16:48:44 - [TEST_STEP][PASSED] - callTestCase: Call Test Case 'Test Cases/Web/Lib/Login/Login' successfully

2018-09-05 16:48:44 - [TEST_CASE][PASSED] - Test Cases/Web/Lib/Login/Login: Test Cases/Web/Lib/Login/Login

2018-09-05 16:48:44 - [TEST_STEP][PASSED] - setText: Text 'agato@opentrends.net' is set on object 'Object Repository/Web/Home/Page_MyCircutor/input_email'

2018-09-05 16:48:44 - [MESSAGE][PASSED] - Text 'agato@opentrends.net' is set on object 'Object Repository/Web/Home/Page_MyCircutor/input_email'

2018-09-05 16:48:44 - [TEST_STEP][PASSED] - callTestCase: Call Test Case 'Test Cases/Web/Lib/Indice/Delay' successfully

2018-09-05 16:48:44 - [TEST_CASE][PASSED] - Test Cases/Web/Lib/Indice/Delay: Test Cases/Web/Lib/Indice/Delay

2018-09-05 16:48:44 - [TEST_STEP][PASSED] - delay: Delayed 2 second(s)

2018-09-05 16:48:46 - [MESSAGE][PASSED] - Delayed 2 second(s)

2018-09-05 16:48:46 - [MESSAGE][PASSED] - Call Test Case 'Test Cases/Web/Lib/Indice/Delay' successfully

2018-09-05 16:48:46 - [TEST_STEP][PASSED] - setEncryptedText: Text ****** has been set on object 'Object Repository/Web/Home/Page_MyCircutor/input_password'

2018-09-05 16:48:47 - [MESSAGE][PASSED] - Text ****** has been set on object 'Object Repository/Web/Home/Page_MyCircutor/input_password'

2018-09-05 16:48:47 - [TEST_STEP][PASSED] - callTestCase: Call Test Case 'Test Cases/Web/Lib/Indice/Delay' successfully

2018-09-05 16:48:47 - [TEST_CASE][PASSED] - Test Cases/Web/Lib/Indice/Delay: Test Cases/Web/Lib/Indice/Delay

2018-09-05 16:48:47 - [TEST_STEP][PASSED] - delay: Delayed 2 second(s)

2018-09-05 16:48:49 - [MESSAGE][PASSED] - Delayed 2 second(s)

2018-09-05 16:48:49 - [MESSAGE][PASSED] - Call Test Case 'Test Cases/Web/Lib/Indice/Delay' successfully

2018-09-05 16:48:49 - [TEST_STEP][PASSED] - click: Object: 'Object Repository/Web/Home/Page_MyCircutor/button_Login' is clicked on

2018-09-05 16:48:49 - [MESSAGE][PASSED] - Object: 'Object Repository/Web/Home/Page_MyCircutor/button_Login' is clicked on

2018-09-05 16:48:49 - [TEST_STEP][PASSED] - callTestCase: Call Test Case 'Test Cases/Web/Lib/Indice/Delay' successfully

2018-09-05 16:48:49 - [TEST_CASE][PASSED] - Test Cases/Web/Lib/Indice/Delay: Test Cases/Web/Lib/Indice/Delay

2018-09-05 16:48:49 - [TEST_STEP][PASSED] - delay: Delayed 2 second(s)

2018-09-05 16:48:51 - [MESSAGE][PASSED] - Delayed 2 second(s)

2018-09-05 16:48:51 - [MESSAGE][PASSED] - Call Test Case 'Test Cases/Web/Lib/Indice/Delay' successfully

2018-09-05 16:48:51 - [MESSAGE][PASSED] - Call Test Case 'Test Cases/Web/Lib/Login/Login' successfully

2018-09-05 16:48:51 - [TEST_STEP][PASSED] - callTestCase: Call Test Case 'Test Cases/Web/Lib/Indice/CloseBrowser' successfully

2018-09-05 16:48:51 - [TEST_CASE][PASSED] - Test Cases/Web/Lib/Indice/CloseBrowser: Test Cases/Web/Lib/Indice/CloseBrowser

2018-09-05 16:48:51 - [TEST_STEP][PASSED] - closeBrowser: Browser is closed

2018-09-05 16:48:51 - [MESSAGE][PASSED] - Browser is closed

2018-09-05 16:48:51 - [MESSAGE][PASSED] - Call Test Case 'Test Cases/Web/Lib/Indice/CloseBrowser' successfully]]></system-out>
         <system-err><![CDATA[]]></system-err>
      </testcase>
      <testcase name="Test Cases/Web/TC/TC_NewUser" classname="Test Cases/Web/TC/TC_NewUser" status="PASSED">
         <system-out><![CDATA[2018-09-05 16:48:51 - [TEST_CASE][PASSED] - Test Cases/Web/TC/TC_NewUser: Test Cases/Web/TC/TC_NewUser

2018-09-05 16:48:51 - [TEST_STEP][PASSED] - callTestCase: Call Test Case 'Test Cases/Web/Lib/Indice/OpenBrowser' successfully

2018-09-05 16:48:51 - [TEST_CASE][PASSED] - Test Cases/Web/Lib/Indice/OpenBrowser: Test Cases/Web/Lib/Indice/OpenBrowser

2018-09-05 16:48:51 - [TEST_STEP][PASSED] - openBrowser: Browser is opened with url: ''

2018-09-05 16:48:54 - [MESSAGE][PASSED] - Browser is opened with url: ''

2018-09-05 16:48:54 - [TEST_STEP][PASSED] - navigateToUrl: Navigate to 'http://192.168.2.121/init/index-en.html' successfully

2018-09-05 16:48:55 - [MESSAGE][PASSED] - Navigate to 'http://192.168.2.121/init/index-en.html' successfully

2018-09-05 16:48:55 - [TEST_STEP][PASSED] - click: Object: 'Object Repository/Web/Index/Page_MYeBOX Cloud/a_I agree' is clicked on

2018-09-05 16:48:55 - [MESSAGE][PASSED] - Object: 'Object Repository/Web/Index/Page_MYeBOX Cloud/a_I agree' is clicked on

2018-09-05 16:48:55 - [TEST_STEP][PASSED] - callTestCase: Call Test Case 'Test Cases/Web/Lib/Indice/Delay' successfully

2018-09-05 16:48:55 - [TEST_CASE][PASSED] - Test Cases/Web/Lib/Indice/Delay: Test Cases/Web/Lib/Indice/Delay

2018-09-05 16:48:55 - [TEST_STEP][PASSED] - delay: Delayed 2 second(s)

2018-09-05 16:48:57 - [MESSAGE][PASSED] - Delayed 2 second(s)

2018-09-05 16:48:57 - [MESSAGE][PASSED] - Call Test Case 'Test Cases/Web/Lib/Indice/Delay' successfully

2018-09-05 16:48:57 - [TEST_STEP][PASSED] - click: Object: 'Object Repository/Web/Index/Page_MYeBOX Cloud/a_MYeBOXCloud' is clicked on

2018-09-05 16:48:58 - [MESSAGE][PASSED] - Object: 'Object Repository/Web/Index/Page_MYeBOX Cloud/a_MYeBOXCloud' is clicked on

2018-09-05 16:48:58 - [TEST_STEP][PASSED] - callTestCase: Call Test Case 'Test Cases/Web/Lib/Indice/Delay' successfully

2018-09-05 16:48:58 - [TEST_CASE][PASSED] - Test Cases/Web/Lib/Indice/Delay: Test Cases/Web/Lib/Indice/Delay

2018-09-05 16:48:58 - [TEST_STEP][PASSED] - delay: Delayed 2 second(s)

2018-09-05 16:49:00 - [MESSAGE][PASSED] - Delayed 2 second(s)

2018-09-05 16:49:00 - [MESSAGE][PASSED] - Call Test Case 'Test Cases/Web/Lib/Indice/Delay' successfully

2018-09-05 16:49:00 - [MESSAGE][PASSED] - Call Test Case 'Test Cases/Web/Lib/Indice/OpenBrowser' successfully

2018-09-05 16:49:00 - [TEST_STEP][PASSED] - callTestCase: Call Test Case 'Test Cases/Web/Lib/Login/NewUser' successfully

2018-09-05 16:49:00 - [TEST_CASE][PASSED] - Test Cases/Web/Lib/Login/NewUser: Test Cases/Web/Lib/Login/NewUser

2018-09-05 16:49:00 - [TEST_STEP][PASSED] - click: Object: 'Object Repository/Web/Index/Page_MyCircutor/button_Create a new account' is clicked on

2018-09-05 16:49:00 - [MESSAGE][PASSED] - Object: 'Object Repository/Web/Index/Page_MyCircutor/button_Create a new account' is clicked on

2018-09-05 16:49:00 - [TEST_STEP][PASSED] - callTestCase: Call Test Case 'Test Cases/Web/Lib/Indice/Delay' successfully

2018-09-05 16:49:01 - [TEST_CASE][PASSED] - Test Cases/Web/Lib/Indice/Delay: Test Cases/Web/Lib/Indice/Delay

2018-09-05 16:49:01 - [TEST_STEP][PASSED] - delay: Delayed 2 second(s)

2018-09-05 16:49:03 - [MESSAGE][PASSED] - Delayed 2 second(s)

2018-09-05 16:49:03 - [MESSAGE][PASSED] - Call Test Case 'Test Cases/Web/Lib/Indice/Delay' successfully

2018-09-05 16:49:03 - [TEST_STEP][PASSED] - click: Object: 'Object Repository/Web/Index/Page_MyCircutor/div_Company name' is clicked on

2018-09-05 16:49:03 - [MESSAGE][PASSED] - Object: 'Object Repository/Web/Index/Page_MyCircutor/div_Company name' is clicked on

2018-09-05 16:49:03 - [TEST_STEP][PASSED] - callTestCase: Call Test Case 'Test Cases/Web/Lib/Indice/Delay' successfully

2018-09-05 16:49:03 - [TEST_CASE][PASSED] - Test Cases/Web/Lib/Indice/Delay: Test Cases/Web/Lib/Indice/Delay

2018-09-05 16:49:03 - [TEST_STEP][PASSED] - delay: Delayed 2 second(s)

2018-09-05 16:49:05 - [MESSAGE][PASSED] - Delayed 2 second(s)

2018-09-05 16:49:05 - [MESSAGE][PASSED] - Call Test Case 'Test Cases/Web/Lib/Indice/Delay' successfully

2018-09-05 16:49:05 - [TEST_STEP][PASSED] - setText: Text 'Opentrends' is set on object 'Object Repository/Web/Index/Page_MyCircutor/input_enterpriseName'

2018-09-05 16:49:05 - [MESSAGE][PASSED] - Text 'Opentrends' is set on object 'Object Repository/Web/Index/Page_MyCircutor/input_enterpriseName'

2018-09-05 16:49:05 - [TEST_STEP][PASSED] - callTestCase: Call Test Case 'Test Cases/Web/Lib/Indice/Delay' successfully

2018-09-05 16:49:05 - [TEST_CASE][PASSED] - Test Cases/Web/Lib/Indice/Delay: Test Cases/Web/Lib/Indice/Delay

2018-09-05 16:49:05 - [TEST_STEP][PASSED] - delay: Delayed 2 second(s)

2018-09-05 16:49:07 - [MESSAGE][PASSED] - Delayed 2 second(s)

2018-09-05 16:49:07 - [MESSAGE][PASSED] - Call Test Case 'Test Cases/Web/Lib/Indice/Delay' successfully

2018-09-05 16:49:07 - [TEST_STEP][NOT_RUN] - click: NOT_RUN: click

2018-09-05 16:49:07 - [MESSAGE][NOT_RUN] - NOT_RUN: click

2018-09-05 16:49:07 - [TEST_STEP][NOT_RUN] - click: NOT_RUN: click

2018-09-05 16:49:07 - [MESSAGE][NOT_RUN] - NOT_RUN: click

2018-09-05 16:49:07 - [TEST_STEP][PASSED] - setText: Text 'Prueba1' is set on object 'Object Repository/Web/Index/Page_MyCircutor/input_userName'

2018-09-05 16:49:07 - [MESSAGE][PASSED] - Text 'Prueba1' is set on object 'Object Repository/Web/Index/Page_MyCircutor/input_userName'

2018-09-05 16:49:07 - [TEST_STEP][PASSED] - callTestCase: Call Test Case 'Test Cases/Web/Lib/Indice/Delay' successfully

2018-09-05 16:49:07 - [TEST_CASE][PASSED] - Test Cases/Web/Lib/Indice/Delay: Test Cases/Web/Lib/Indice/Delay

2018-09-05 16:49:07 - [TEST_STEP][PASSED] - delay: Delayed 2 second(s)

2018-09-05 16:49:09 - [MESSAGE][PASSED] - Delayed 2 second(s)

2018-09-05 16:49:09 - [MESSAGE][PASSED] - Call Test Case 'Test Cases/Web/Lib/Indice/Delay' successfully

2018-09-05 16:49:09 - [TEST_STEP][PASSED] - click: Object: 'Object Repository/Web/Index/Page_MyCircutor/div_EMAIL' is clicked on

2018-09-05 16:49:10 - [MESSAGE][PASSED] - Object: 'Object Repository/Web/Index/Page_MyCircutor/div_EMAIL' is clicked on

2018-09-05 16:49:10 - [TEST_STEP][PASSED] - callTestCase: Call Test Case 'Test Cases/Web/Lib/Indice/Delay' successfully

2018-09-05 16:49:10 - [TEST_CASE][PASSED] - Test Cases/Web/Lib/Indice/Delay: Test Cases/Web/Lib/Indice/Delay

2018-09-05 16:49:10 - [TEST_STEP][PASSED] - delay: Delayed 2 second(s)

2018-09-05 16:49:12 - [MESSAGE][PASSED] - Delayed 2 second(s)

2018-09-05 16:49:12 - [MESSAGE][PASSED] - Call Test Case 'Test Cases/Web/Lib/Indice/Delay' successfully

2018-09-05 16:49:12 - [TEST_STEP][PASSED] - setText: Text 'agato@opentrends.net' is set on object 'Object Repository/Web/Index/Page_MyCircutor/input_email'

2018-09-05 16:49:12 - [MESSAGE][PASSED] - Text 'agato@opentrends.net' is set on object 'Object Repository/Web/Index/Page_MyCircutor/input_email'

2018-09-05 16:49:12 - [TEST_STEP][PASSED] - callTestCase: Call Test Case 'Test Cases/Web/Lib/Indice/Delay' successfully

2018-09-05 16:49:12 - [TEST_CASE][PASSED] - Test Cases/Web/Lib/Indice/Delay: Test Cases/Web/Lib/Indice/Delay

2018-09-05 16:49:12 - [TEST_STEP][PASSED] - delay: Delayed 2 second(s)

2018-09-05 16:49:14 - [MESSAGE][PASSED] - Delayed 2 second(s)

2018-09-05 16:49:14 - [MESSAGE][PASSED] - Call Test Case 'Test Cases/Web/Lib/Indice/Delay' successfully

2018-09-05 16:49:14 - [TEST_STEP][PASSED] - setText: Text 'BArcelona' is set on object 'Object Repository/Web/Index/Page_MyCircutor/input_city'

2018-09-05 16:49:14 - [MESSAGE][PASSED] - Text 'BArcelona' is set on object 'Object Repository/Web/Index/Page_MyCircutor/input_city'

2018-09-05 16:49:14 - [TEST_STEP][PASSED] - callTestCase: Call Test Case 'Test Cases/Web/Lib/Indice/Delay' successfully

2018-09-05 16:49:14 - [TEST_CASE][PASSED] - Test Cases/Web/Lib/Indice/Delay: Test Cases/Web/Lib/Indice/Delay

2018-09-05 16:49:14 - [TEST_STEP][PASSED] - delay: Delayed 2 second(s)

2018-09-05 16:49:16 - [MESSAGE][PASSED] - Delayed 2 second(s)

2018-09-05 16:49:16 - [MESSAGE][PASSED] - Call Test Case 'Test Cases/Web/Lib/Indice/Delay' successfully

2018-09-05 16:49:16 - [TEST_STEP][PASSED] - click: Object: 'Object Repository/Web/Index/Page_MyCircutor/i_glyphicon glyphicon-menu-dow_1' is clicked on

2018-09-05 16:49:16 - [MESSAGE][PASSED] - Object: 'Object Repository/Web/Index/Page_MyCircutor/i_glyphicon glyphicon-menu-dow_1' is clicked on

2018-09-05 16:49:16 - [TEST_STEP][PASSED] - callTestCase: Call Test Case 'Test Cases/Web/Lib/Indice/Delay' successfully

2018-09-05 16:49:16 - [TEST_CASE][PASSED] - Test Cases/Web/Lib/Indice/Delay: Test Cases/Web/Lib/Indice/Delay

2018-09-05 16:49:16 - [TEST_STEP][PASSED] - delay: Delayed 2 second(s)

2018-09-05 16:49:18 - [MESSAGE][PASSED] - Delayed 2 second(s)

2018-09-05 16:49:18 - [MESSAGE][PASSED] - Call Test Case 'Test Cases/Web/Lib/Indice/Delay' successfully

2018-09-05 16:49:18 - [TEST_STEP][PASSED] - click: Object: 'Object Repository/Web/Index/Page_MyCircutor/a_Head of department' is clicked on

2018-09-05 16:49:19 - [MESSAGE][PASSED] - Object: 'Object Repository/Web/Index/Page_MyCircutor/a_Head of department' is clicked on

2018-09-05 16:49:19 - [TEST_STEP][PASSED] - callTestCase: Call Test Case 'Test Cases/Web/Lib/Indice/Delay' successfully

2018-09-05 16:49:19 - [TEST_CASE][PASSED] - Test Cases/Web/Lib/Indice/Delay: Test Cases/Web/Lib/Indice/Delay

2018-09-05 16:49:19 - [TEST_STEP][PASSED] - delay: Delayed 2 second(s)

2018-09-05 16:49:21 - [MESSAGE][PASSED] - Delayed 2 second(s)

2018-09-05 16:49:21 - [MESSAGE][PASSED] - Call Test Case 'Test Cases/Web/Lib/Indice/Delay' successfully

2018-09-05 16:49:21 - [TEST_STEP][PASSED] - setEncryptedText: Text ****** has been set on object 'Object Repository/Web/Index/Page_MyCircutor/input_password'

2018-09-05 16:49:21 - [MESSAGE][PASSED] - Text ****** has been set on object 'Object Repository/Web/Index/Page_MyCircutor/input_password'

2018-09-05 16:49:21 - [TEST_STEP][PASSED] - callTestCase: Call Test Case 'Test Cases/Web/Lib/Indice/Delay' successfully

2018-09-05 16:49:21 - [TEST_CASE][PASSED] - Test Cases/Web/Lib/Indice/Delay: Test Cases/Web/Lib/Indice/Delay

2018-09-05 16:49:21 - [TEST_STEP][PASSED] - delay: Delayed 2 second(s)

2018-09-05 16:49:23 - [MESSAGE][PASSED] - Delayed 2 second(s)

2018-09-05 16:49:23 - [MESSAGE][PASSED] - Call Test Case 'Test Cases/Web/Lib/Indice/Delay' successfully

2018-09-05 16:49:23 - [TEST_STEP][PASSED] - setEncryptedText: Text ****** has been set on object 'Object Repository/Web/Index/Page_MyCircutor/input_repeatedPassword'

2018-09-05 16:49:23 - [MESSAGE][PASSED] - Text ****** has been set on object 'Object Repository/Web/Index/Page_MyCircutor/input_repeatedPassword'

2018-09-05 16:49:23 - [TEST_STEP][PASSED] - callTestCase: Call Test Case 'Test Cases/Web/Lib/Indice/Delay' successfully

2018-09-05 16:49:23 - [TEST_CASE][PASSED] - Test Cases/Web/Lib/Indice/Delay: Test Cases/Web/Lib/Indice/Delay

2018-09-05 16:49:23 - [TEST_STEP][PASSED] - delay: Delayed 2 second(s)

2018-09-05 16:49:25 - [MESSAGE][PASSED] - Delayed 2 second(s)

2018-09-05 16:49:25 - [MESSAGE][PASSED] - Call Test Case 'Test Cases/Web/Lib/Indice/Delay' successfully

2018-09-05 16:49:25 - [TEST_STEP][PASSED] - click: Object: 'Object Repository/Web/Index/Page_MyCircutor/label_I want to receive email' is clicked on

2018-09-05 16:49:25 - [MESSAGE][PASSED] - Object: 'Object Repository/Web/Index/Page_MyCircutor/label_I want to receive email' is clicked on

2018-09-05 16:49:25 - [TEST_STEP][PASSED] - callTestCase: Call Test Case 'Test Cases/Web/Lib/Indice/Delay' successfully

2018-09-05 16:49:25 - [TEST_CASE][PASSED] - Test Cases/Web/Lib/Indice/Delay: Test Cases/Web/Lib/Indice/Delay

2018-09-05 16:49:25 - [TEST_STEP][PASSED] - delay: Delayed 2 second(s)

2018-09-05 16:49:27 - [MESSAGE][PASSED] - Delayed 2 second(s)

2018-09-05 16:49:27 - [MESSAGE][PASSED] - Call Test Case 'Test Cases/Web/Lib/Indice/Delay' successfully

2018-09-05 16:49:27 - [TEST_STEP][PASSED] - click: Object: 'Object Repository/Web/Index/Page_MyCircutor/label_I accept the privacy pol' is clicked on

2018-09-05 16:49:28 - [MESSAGE][PASSED] - Object: 'Object Repository/Web/Index/Page_MyCircutor/label_I accept the privacy pol' is clicked on

2018-09-05 16:49:28 - [TEST_STEP][PASSED] - callTestCase: Call Test Case 'Test Cases/Web/Lib/Indice/Delay' successfully

2018-09-05 16:49:28 - [TEST_CASE][PASSED] - Test Cases/Web/Lib/Indice/Delay: Test Cases/Web/Lib/Indice/Delay

2018-09-05 16:49:28 - [TEST_STEP][PASSED] - delay: Delayed 2 second(s)

2018-09-05 16:49:30 - [MESSAGE][PASSED] - Delayed 2 second(s)

2018-09-05 16:49:30 - [MESSAGE][PASSED] - Call Test Case 'Test Cases/Web/Lib/Indice/Delay' successfully

2018-09-05 16:49:30 - [TEST_STEP][NOT_RUN] - click: NOT_RUN: click

2018-09-05 16:49:30 - [MESSAGE][NOT_RUN] - NOT_RUN: click

2018-09-05 16:49:30 - [MESSAGE][PASSED] - Call Test Case 'Test Cases/Web/Lib/Login/NewUser' successfully

2018-09-05 16:49:30 - [TEST_STEP][PASSED] - callTestCase: Call Test Case 'Test Cases/Web/Lib/Indice/CloseBrowser' successfully

2018-09-05 16:49:30 - [TEST_CASE][PASSED] - Test Cases/Web/Lib/Indice/CloseBrowser: Test Cases/Web/Lib/Indice/CloseBrowser

2018-09-05 16:49:30 - [TEST_STEP][PASSED] - closeBrowser: Browser is closed

2018-09-05 16:49:30 - [MESSAGE][PASSED] - Browser is closed

2018-09-05 16:49:30 - [MESSAGE][PASSED] - Call Test Case 'Test Cases/Web/Lib/Indice/CloseBrowser' successfully]]></system-out>
         <system-err><![CDATA[]]></system-err>
      </testcase>
      <system-out><![CDATA[2018-09-05 16:48:05 - [TEST_SUITE][PASSED] - TS_Regression: Test Cases/Web/TC/TC_NewUser]]></system-out>
      <system-err><![CDATA[]]></system-err>
   </testsuite>
</testsuites>
