<?xml version="1.0" encoding="UTF-8"?>
<testsuites name="New Test Suite" time="38" tests="2" failures="0" errors="0">
   <testsuite name="New Test Suite" tests="2" failures="0" errors="0" time="38" timestamp="2018-09-06 09:10:55" hostname="Agato - 172.20.13.209" id="Test Suites/New Test Suite">
      <properties>
         <property name="deviceName" value="samsung SM-G920F (Android 7.0)"/>
         <property name="devicePlatform" value=""/>
         <property name="logFolder" value="C:\\Users\\Agato\\git\\Circutor\\Circutor\\Reports\\New Test Suite\\20180906_091053"/>
         <property name="logFiles" value="C:\\Users\\Agato\\git\\Circutor\\Circutor\\Reports\\New Test Suite\\20180906_091053\\appium.log, C:\\Users\\Agato\\git\\Circutor\\Circutor\\Reports\\New Test Suite\\20180906_091053\\execution0.log"/>
         <property name="attachments" value=""/>
         <property name="hostName" value="Agato - 172.20.13.209"/>
         <property name="os" value="Windows 10 64bit"/>
         <property name="katalonVersion" value="5.6.3.1"/>
         <property name="deviceOS" value="Android"/>
         <property name="appiumVersion" value="1.8.1"/>
         <property name="deviceModel" value="SM-G920F"/>
         <property name="hostAddress" value="172.20.13.209"/>
         <property name="deviceManufacturer" value="samsung"/>
         <property name="deviceId" value="10160a0973263f03"/>
         <property name="deviceName" value="samsung SM-G920F (Android 7.0)"/>
         <property name="deviceOSVersion" value="7.0"/>
      </properties>
      <testcase name="Test Cases/App/Android/TC/PruebaMixta" classname="Test Cases/App/Android/TC/PruebaMixta" status="PASSED">
         <system-out><![CDATA[2018-09-06 09:10:55 - [TEST_CASE][PASSED] - Test Cases/App/Android/TC/PruebaMixta: Test Cases/App/Android/TC/PruebaMixta

2018-09-06 09:10:55 - [TEST_STEP][PASSED] - callTestCase: Call Test Case 'Test Cases/App/Android/Lib/InstallApp' successfully

2018-09-06 09:10:55 - [TEST_CASE][PASSED] - Test Cases/App/Android/Lib/InstallApp: Test Cases/App/Android/Lib/InstallApp

2018-09-06 09:10:55 - [TEST_STEP][PASSED] - startApplication: Started app at: 'C:\Users\Agato\Desktop\agato1\Migracion\ApiDemosApp\ApiDemos-debug.apk'

2018-09-06 09:11:27 - [MESSAGE][PASSED] - Started app at: 'C:\Users\Agato\Desktop\agato1\Migracion\ApiDemosApp\ApiDemos-debug.apk'

2018-09-06 09:11:27 - [MESSAGE][PASSED] - Call Test Case 'Test Cases/App/Android/Lib/InstallApp' successfully

2018-09-06 09:11:27 - [TEST_STEP][PASSED] - callTestCase: Call Test Case 'Test Cases/App/Android/Lib/List1' successfully

2018-09-06 09:11:27 - [TEST_CASE][PASSED] - Test Cases/App/Android/Lib/List1: Test Cases/App/Android/Lib/List1

2018-09-06 09:11:27 - [TEST_STEP][PASSED] - tap: Tapped on element 'Object Repository/App/Android/Indice/android.widget.TextView1 - Accessibility'

2018-09-06 09:11:27 - [MESSAGE][WARNING] - Timeout '0' is invalid. Using default page load timeout: '30'

2018-09-06 09:11:29 - [MESSAGE][PASSED] - Tapped on element 'Object Repository/App/Android/Indice/android.widget.TextView1 - Accessibility'

2018-09-06 09:11:29 - [MESSAGE][PASSED] - Call Test Case 'Test Cases/App/Android/Lib/List1' successfully

2018-09-06 09:11:29 - [TEST_STEP][PASSED] - callTestCase: Call Test Case 'Test Cases/App/Android/Lib/Back' successfully

2018-09-06 09:11:29 - [TEST_CASE][PASSED] - Test Cases/App/Android/Lib/Back: Test Cases/App/Android/Lib/Back

2018-09-06 09:11:29 - [TEST_STEP][PASSED] - pressBack: Press back button successfully

2018-09-06 09:11:30 - [MESSAGE][PASSED] - Press back button successfully

2018-09-06 09:11:30 - [MESSAGE][PASSED] - Call Test Case 'Test Cases/App/Android/Lib/Back' successfully

2018-09-06 09:11:30 - [TEST_STEP][PASSED] - callTestCase: Call Test Case 'Test Cases/Rest/TC/ServiciosRest' successfully

2018-09-06 09:11:30 - [TEST_CASE][PASSED] - Test Cases/Rest/TC/ServiciosRest: Test Cases/Rest/TC/ServiciosRest

2018-09-06 09:11:30 - [TEST_STEP][PASSED] - Statement - response = com.kms.katalon.core.webservice.keyword.WSBuiltInKeywords.sendRequest(com.kms.katalon.core.testobject.ObjectRepository.findTestObject(Rest/GetAllCountries)): Send request successfully

2018-09-06 09:11:31 - [MESSAGE][PASSED] - Send request successfully

2018-09-06 09:11:31 - [TEST_STEP][PASSED] - verifyResponseStatusCode: Verify response status code successfully

2018-09-06 09:11:31 - [MESSAGE][PASSED] - Verify response status code successfully

2018-09-06 09:11:31 - [TEST_STEP][PASSED] - verifyElementPropertyValue: Verify element property value successfully

2018-09-06 09:11:31 - [MESSAGE][PASSED] - Verify element property value successfully

2018-09-06 09:11:31 - [MESSAGE][PASSED] - Call Test Case 'Test Cases/Rest/TC/ServiciosRest' successfully

2018-09-06 09:11:31 - [TEST_STEP][PASSED] - callTestCase: Call Test Case 'Test Cases/App/Android/Lib/CloseApp' successfully

2018-09-06 09:11:31 - [TEST_CASE][PASSED] - Test Cases/App/Android/Lib/CloseApp: Test Cases/App/Android/Lib/CloseApp

2018-09-06 09:11:31 - [TEST_STEP][PASSED] - closeApplication: Close app successfully

2018-09-06 09:11:32 - [MESSAGE][PASSED] - Close app successfully

2018-09-06 09:11:32 - [MESSAGE][PASSED] - Call Test Case 'Test Cases/App/Android/Lib/CloseApp' successfully]]></system-out>
         <system-err><![CDATA[]]></system-err>
      </testcase>
      <testcase name="Test Cases/Rest/TC/ServiciosRest" classname="Test Cases/Rest/TC/ServiciosRest" status="PASSED">
         <system-out><![CDATA[2018-09-06 09:11:32 - [TEST_CASE][PASSED] - Test Cases/Rest/TC/ServiciosRest: Test Cases/Rest/TC/ServiciosRest

2018-09-06 09:11:32 - [TEST_STEP][PASSED] - Statement - response = com.kms.katalon.core.webservice.keyword.WSBuiltInKeywords.sendRequest(com.kms.katalon.core.testobject.ObjectRepository.findTestObject(Rest/GetAllCountries)): Send request successfully

2018-09-06 09:11:33 - [MESSAGE][PASSED] - Send request successfully

2018-09-06 09:11:33 - [TEST_STEP][PASSED] - verifyResponseStatusCode: Verify response status code successfully

2018-09-06 09:11:33 - [MESSAGE][PASSED] - Verify response status code successfully

2018-09-06 09:11:33 - [TEST_STEP][PASSED] - verifyElementPropertyValue: Verify element property value successfully

2018-09-06 09:11:33 - [MESSAGE][PASSED] - Verify element property value successfully]]></system-out>
         <system-err><![CDATA[]]></system-err>
      </testcase>
      <system-out><![CDATA[2018-09-06 09:10:55 - [TEST_SUITE][PASSED] - New Test Suite: Test Cases/Rest/TC/ServiciosRest]]></system-out>
      <system-err><![CDATA[]]></system-err>
   </testsuite>
</testsuites>
