<?xml version="1.0" encoding="UTF-8"?>
<testsuites name="TS_AppRegression" time="77" tests="1" failures="0" errors="0">
   <testsuite name="TS_AppRegression" tests="1" failures="0" errors="0" time="77" timestamp="2018-09-04 17:16:22" hostname="Agato - 172.20.13.209" id="Test Suites/App/TS_AppRegression">
      <properties>
         <property name="deviceName" value="samsung SM-G920F (Android 7.0)"/>
         <property name="devicePlatform" value=""/>
         <property name="logFolder" value="C:\\Users\\Agato\\git\\Circutor\\Circutor\\Reports\\App\\TS_AppRegression\\20180904_171621"/>
         <property name="logFiles" value="C:\\Users\\Agato\\git\\Circutor\\Circutor\\Reports\\App\\TS_AppRegression\\20180904_171621\\appium.log, C:\\Users\\Agato\\git\\Circutor\\Circutor\\Reports\\App\\TS_AppRegression\\20180904_171621\\execution0.log"/>
         <property name="attachments" value=""/>
         <property name="hostName" value="Agato - 172.20.13.209"/>
         <property name="os" value="Windows 10 64bit"/>
         <property name="katalonVersion" value="5.6.3.1"/>
         <property name="deviceOS" value="Android"/>
         <property name="appiumVersion" value="1.8.1"/>
         <property name="deviceModel" value="SM-G920F"/>
         <property name="hostAddress" value="172.20.13.209"/>
         <property name="deviceManufacturer" value="samsung"/>
         <property name="deviceId" value="10160a0973263f03"/>
         <property name="deviceName" value="samsung SM-G920F (Android 7.0)"/>
         <property name="deviceOSVersion" value="7.0"/>
      </properties>
      <testcase name="Test Cases/App/Android/TC/New Test Case" classname="Test Cases/App/Android/TC/New Test Case" status="PASSED">
         <system-out><![CDATA[2018-09-04 17:16:23 - [TEST_CASE][PASSED] - Test Cases/App/Android/TC/New Test Case: Test Cases/App/Android/TC/New Test Case

2018-09-04 17:16:23 - [TEST_STEP][PASSED] - callTestCase: Call Test Case 'Test Cases/App/Android/Lib/InstallApp' successfully

2018-09-04 17:16:23 - [TEST_CASE][PASSED] - Test Cases/App/Android/Lib/InstallApp: Test Cases/App/Android/Lib/InstallApp

2018-09-04 17:16:23 - [TEST_STEP][PASSED] - startApplication: Started app at: 'C:\Users\Agato\Desktop\agato1\Migracion\ApiDemosApp\ApiDemos-debug.apk'

2018-09-04 17:17:00 - [MESSAGE][PASSED] - Started app at: 'C:\Users\Agato\Desktop\agato1\Migracion\ApiDemosApp\ApiDemos-debug.apk'

2018-09-04 17:17:00 - [MESSAGE][PASSED] - Call Test Case 'Test Cases/App/Android/Lib/InstallApp' successfully

2018-09-04 17:17:00 - [TEST_STEP][PASSED] - callTestCase: Call Test Case 'Test Cases/App/Android/Lib/New Test Case' successfully

2018-09-04 17:17:01 - [TEST_CASE][PASSED] - Test Cases/App/Android/Lib/New Test Case: Test Cases/App/Android/Lib/New Test Case

2018-09-04 17:17:01 - [TEST_STEP][PASSED] - tap: Tapped on element 'Object Repository/App/Android/Indice/android.widget.TextView1 - Accessibility'

2018-09-04 17:17:01 - [MESSAGE][WARNING] - Timeout '0' is invalid. Using default page load timeout: '30'

2018-09-04 17:17:03 - [MESSAGE][PASSED] - Tapped on element 'Object Repository/App/Android/Indice/android.widget.TextView1 - Accessibility'

2018-09-04 17:17:03 - [TEST_STEP][PASSED] - pressBack: Press back button successfully

2018-09-04 17:17:03 - [MESSAGE][PASSED] - Press back button successfully

2018-09-04 17:17:03 - [TEST_STEP][PASSED] - tap: Tapped on element 'Object Repository/App/Android/Indice/android.widget.TextView2 - Animation'

2018-09-04 17:17:03 - [MESSAGE][WARNING] - Timeout '0' is invalid. Using default page load timeout: '30'

2018-09-04 17:17:06 - [MESSAGE][PASSED] - Tapped on element 'Object Repository/App/Android/Indice/android.widget.TextView2 - Animation'

2018-09-04 17:17:06 - [TEST_STEP][PASSED] - pressBack: Press back button successfully

2018-09-04 17:17:06 - [MESSAGE][PASSED] - Press back button successfully

2018-09-04 17:17:06 - [TEST_STEP][PASSED] - tap: Tapped on element 'Object Repository/App/Android/Indice/android.widget.TextView3 - App'

2018-09-04 17:17:06 - [MESSAGE][WARNING] - Timeout '0' is invalid. Using default page load timeout: '30'

2018-09-04 17:17:08 - [MESSAGE][PASSED] - Tapped on element 'Object Repository/App/Android/Indice/android.widget.TextView3 - App'

2018-09-04 17:17:08 - [TEST_STEP][PASSED] - pressBack: Press back button successfully

2018-09-04 17:17:09 - [MESSAGE][PASSED] - Press back button successfully

2018-09-04 17:17:09 - [TEST_STEP][PASSED] - tap: Tapped on element 'Object Repository/App/Android/Indice/android.widget.TextView4 - Content'

2018-09-04 17:17:09 - [MESSAGE][WARNING] - Timeout '0' is invalid. Using default page load timeout: '30'

2018-09-04 17:17:12 - [MESSAGE][PASSED] - Tapped on element 'Object Repository/App/Android/Indice/android.widget.TextView4 - Content'

2018-09-04 17:17:12 - [TEST_STEP][PASSED] - pressBack: Press back button successfully

2018-09-04 17:17:12 - [MESSAGE][PASSED] - Press back button successfully

2018-09-04 17:17:12 - [TEST_STEP][PASSED] - tap: Tapped on element 'Object Repository/App/Android/Indice/android.widget.TextView5 - Graphics'

2018-09-04 17:17:12 - [MESSAGE][WARNING] - Timeout '0' is invalid. Using default page load timeout: '30'

2018-09-04 17:17:15 - [MESSAGE][PASSED] - Tapped on element 'Object Repository/App/Android/Indice/android.widget.TextView5 - Graphics'

2018-09-04 17:17:15 - [TEST_STEP][PASSED] - pressBack: Press back button successfully

2018-09-04 17:17:15 - [MESSAGE][PASSED] - Press back button successfully

2018-09-04 17:17:15 - [TEST_STEP][PASSED] - tap: Tapped on element 'Object Repository/App/Android/Indice/android.widget.TextView6 - Media'

2018-09-04 17:17:15 - [MESSAGE][WARNING] - Timeout '0' is invalid. Using default page load timeout: '30'

2018-09-04 17:17:18 - [MESSAGE][PASSED] - Tapped on element 'Object Repository/App/Android/Indice/android.widget.TextView6 - Media'

2018-09-04 17:17:18 - [TEST_STEP][PASSED] - pressBack: Press back button successfully

2018-09-04 17:17:18 - [MESSAGE][PASSED] - Press back button successfully

2018-09-04 17:17:18 - [TEST_STEP][PASSED] - tap: Tapped on element 'Object Repository/App/Android/Indice/android.widget.TextView7 - NFC'

2018-09-04 17:17:18 - [MESSAGE][WARNING] - Timeout '0' is invalid. Using default page load timeout: '30'

2018-09-04 17:17:21 - [MESSAGE][PASSED] - Tapped on element 'Object Repository/App/Android/Indice/android.widget.TextView7 - NFC'

2018-09-04 17:17:21 - [TEST_STEP][PASSED] - pressBack: Press back button successfully

2018-09-04 17:17:21 - [MESSAGE][PASSED] - Press back button successfully

2018-09-04 17:17:21 - [TEST_STEP][PASSED] - tap: Tapped on element 'Object Repository/App/Android/Indice/android.widget.TextView8 - OS'

2018-09-04 17:17:21 - [MESSAGE][WARNING] - Timeout '0' is invalid. Using default page load timeout: '30'

2018-09-04 17:17:24 - [MESSAGE][PASSED] - Tapped on element 'Object Repository/App/Android/Indice/android.widget.TextView8 - OS'

2018-09-04 17:17:24 - [TEST_STEP][PASSED] - pressBack: Press back button successfully

2018-09-04 17:17:24 - [MESSAGE][PASSED] - Press back button successfully

2018-09-04 17:17:24 - [TEST_STEP][PASSED] - tap: Tapped on element 'Object Repository/App/Android/Indice/android.widget.TextView9 - Preference'

2018-09-04 17:17:24 - [MESSAGE][WARNING] - Timeout '0' is invalid. Using default page load timeout: '30'

2018-09-04 17:17:27 - [MESSAGE][PASSED] - Tapped on element 'Object Repository/App/Android/Indice/android.widget.TextView9 - Preference'

2018-09-04 17:17:27 - [TEST_STEP][PASSED] - pressBack: Press back button successfully

2018-09-04 17:17:27 - [MESSAGE][PASSED] - Press back button successfully

2018-09-04 17:17:27 - [TEST_STEP][PASSED] - tap: Tapped on element 'Object Repository/App/Android/Indice/android.widget.TextView9 - Preference'

2018-09-04 17:17:27 - [MESSAGE][WARNING] - Timeout '0' is invalid. Using default page load timeout: '30'

2018-09-04 17:17:30 - [MESSAGE][PASSED] - Tapped on element 'Object Repository/App/Android/Indice/android.widget.TextView9 - Preference'

2018-09-04 17:17:30 - [TEST_STEP][PASSED] - pressBack: Press back button successfully

2018-09-04 17:17:30 - [MESSAGE][PASSED] - Press back button successfully

2018-09-04 17:17:30 - [TEST_STEP][PASSED] - tap: Tapped on element 'Object Repository/App/Android/Indice/android.widget.TextView10 - Text'

2018-09-04 17:17:30 - [MESSAGE][WARNING] - Timeout '0' is invalid. Using default page load timeout: '30'

2018-09-04 17:17:32 - [MESSAGE][PASSED] - Tapped on element 'Object Repository/App/Android/Indice/android.widget.TextView10 - Text'

2018-09-04 17:17:32 - [TEST_STEP][PASSED] - pressBack: Press back button successfully

2018-09-04 17:17:33 - [MESSAGE][PASSED] - Press back button successfully

2018-09-04 17:17:33 - [TEST_STEP][PASSED] - tap: Tapped on element 'Object Repository/App/Android/Indice/android.widget.TextView11 - Views'

2018-09-04 17:17:33 - [MESSAGE][WARNING] - Timeout '0' is invalid. Using default page load timeout: '30'

2018-09-04 17:17:35 - [MESSAGE][PASSED] - Tapped on element 'Object Repository/App/Android/Indice/android.widget.TextView11 - Views'

2018-09-04 17:17:35 - [TEST_STEP][PASSED] - pressBack: Press back button successfully

2018-09-04 17:17:36 - [MESSAGE][PASSED] - Press back button successfully

2018-09-04 17:17:36 - [MESSAGE][PASSED] - Call Test Case 'Test Cases/App/Android/Lib/New Test Case' successfully

2018-09-04 17:17:36 - [TEST_STEP][PASSED] - callTestCase: Call Test Case 'Test Cases/App/Android/Lib/CloseApp' successfully

2018-09-04 17:17:36 - [TEST_CASE][PASSED] - Test Cases/App/Android/Lib/CloseApp: Test Cases/App/Android/Lib/CloseApp

2018-09-04 17:17:36 - [TEST_STEP][PASSED] - closeApplication: Close app successfully

2018-09-04 17:17:40 - [MESSAGE][PASSED] - Close app successfully

2018-09-04 17:17:40 - [MESSAGE][PASSED] - Call Test Case 'Test Cases/App/Android/Lib/CloseApp' successfully]]></system-out>
         <system-err><![CDATA[]]></system-err>
      </testcase>
      <system-out><![CDATA[2018-09-04 17:16:22 - [TEST_SUITE][PASSED] - TS_AppRegression: Test Cases/App/Android/TC/New Test Case]]></system-out>
      <system-err><![CDATA[]]></system-err>
   </testsuite>
</testsuites>
