<?xml version="1.0" encoding="UTF-8"?>
<testsuites name="TS_AppRegression" time="71" tests="1" failures="0" errors="0">
   <testsuite name="TS_AppRegression" tests="1" failures="0" errors="0" time="71" timestamp="2018-09-05 15:32:11" hostname="Agato - 172.20.13.209" id="Test Suites/Web/TS_AppRegression">
      <properties>
         <property name="deviceName" value="samsung SM-G920F (Android 7.0)"/>
         <property name="devicePlatform" value=""/>
         <property name="logFolder" value="C:\\Users\\Agato\\git\\Circutor\\Circutor\\Reports\\Web\\TS_AppRegression\\20180905_153208"/>
         <property name="logFiles" value="C:\\Users\\Agato\\git\\Circutor\\Circutor\\Reports\\Web\\TS_AppRegression\\20180905_153208\\appium.log, C:\\Users\\Agato\\git\\Circutor\\Circutor\\Reports\\Web\\TS_AppRegression\\20180905_153208\\execution0.log"/>
         <property name="attachments" value=""/>
         <property name="hostName" value="Agato - 172.20.13.209"/>
         <property name="os" value="Windows 10 64bit"/>
         <property name="katalonVersion" value="5.6.3.1"/>
         <property name="deviceOS" value="Android"/>
         <property name="appiumVersion" value="1.8.1"/>
         <property name="deviceModel" value="SM-G920F"/>
         <property name="hostAddress" value="172.20.13.209"/>
         <property name="deviceManufacturer" value="samsung"/>
         <property name="deviceId" value="10160a0973263f03"/>
         <property name="deviceName" value="samsung SM-G920F (Android 7.0)"/>
         <property name="deviceOSVersion" value="7.0"/>
      </properties>
      <testcase name="Test Cases/App/Android/TC/TC__ExploratoryWF1" classname="Test Cases/App/Android/TC/TC__ExploratoryWF1" status="PASSED">
         <system-out><![CDATA[2018-09-05 15:32:12 - [TEST_CASE][PASSED] - Test Cases/App/Android/TC/TC__ExploratoryWF1: Test Cases/App/Android/TC/TC__ExploratoryWF1

2018-09-05 15:32:12 - [TEST_STEP][PASSED] - callTestCase: Call Test Case 'Test Cases/App/Android/Lib/InstallApp' successfully

2018-09-05 15:32:12 - [TEST_CASE][PASSED] - Test Cases/App/Android/Lib/InstallApp: Test Cases/App/Android/Lib/InstallApp

2018-09-05 15:32:12 - [TEST_STEP][PASSED] - startApplication: Started app at: 'C:\Users\Agato\Desktop\agato1\Migracion\ApiDemosApp\ApiDemos-debug.apk'

2018-09-05 15:32:46 - [MESSAGE][PASSED] - Started app at: 'C:\Users\Agato\Desktop\agato1\Migracion\ApiDemosApp\ApiDemos-debug.apk'

2018-09-05 15:32:46 - [MESSAGE][PASSED] - Call Test Case 'Test Cases/App/Android/Lib/InstallApp' successfully

2018-09-05 15:32:46 - [TEST_STEP][PASSED] - callTestCase: Call Test Case 'Test Cases/App/Android/Lib/FirstExploratory' successfully

2018-09-05 15:32:46 - [TEST_CASE][PASSED] - Test Cases/App/Android/Lib/FirstExploratory: Test Cases/App/Android/Lib/FirstExploratory

2018-09-05 15:32:46 - [TEST_STEP][PASSED] - tap: Tapped on element 'Object Repository/App/Android/Indice/android.widget.TextView1 - Accessibility'

2018-09-05 15:32:46 - [MESSAGE][WARNING] - Timeout '0' is invalid. Using default page load timeout: '30'

2018-09-05 15:32:48 - [MESSAGE][PASSED] - Tapped on element 'Object Repository/App/Android/Indice/android.widget.TextView1 - Accessibility'

2018-09-05 15:32:48 - [TEST_STEP][PASSED] - pressBack: Press back button successfully

2018-09-05 15:32:48 - [MESSAGE][PASSED] - Press back button successfully

2018-09-05 15:32:48 - [TEST_STEP][PASSED] - tap: Tapped on element 'Object Repository/App/Android/Indice/android.widget.TextView2 - Animation'

2018-09-05 15:32:48 - [MESSAGE][WARNING] - Timeout '0' is invalid. Using default page load timeout: '30'

2018-09-05 15:32:51 - [MESSAGE][PASSED] - Tapped on element 'Object Repository/App/Android/Indice/android.widget.TextView2 - Animation'

2018-09-05 15:32:51 - [TEST_STEP][PASSED] - pressBack: Press back button successfully

2018-09-05 15:32:51 - [MESSAGE][PASSED] - Press back button successfully

2018-09-05 15:32:51 - [TEST_STEP][PASSED] - tap: Tapped on element 'Object Repository/App/Android/Indice/android.widget.TextView3 - App'

2018-09-05 15:32:51 - [MESSAGE][WARNING] - Timeout '0' is invalid. Using default page load timeout: '30'

2018-09-05 15:32:54 - [MESSAGE][PASSED] - Tapped on element 'Object Repository/App/Android/Indice/android.widget.TextView3 - App'

2018-09-05 15:32:54 - [TEST_STEP][PASSED] - pressBack: Press back button successfully

2018-09-05 15:32:54 - [MESSAGE][PASSED] - Press back button successfully

2018-09-05 15:32:54 - [TEST_STEP][PASSED] - tap: Tapped on element 'Object Repository/App/Android/Indice/android.widget.TextView4 - Content'

2018-09-05 15:32:54 - [MESSAGE][WARNING] - Timeout '0' is invalid. Using default page load timeout: '30'

2018-09-05 15:32:56 - [MESSAGE][PASSED] - Tapped on element 'Object Repository/App/Android/Indice/android.widget.TextView4 - Content'

2018-09-05 15:32:56 - [TEST_STEP][PASSED] - pressBack: Press back button successfully

2018-09-05 15:32:57 - [MESSAGE][PASSED] - Press back button successfully

2018-09-05 15:32:57 - [TEST_STEP][PASSED] - tap: Tapped on element 'Object Repository/App/Android/Indice/android.widget.TextView5 - Graphics'

2018-09-05 15:32:57 - [MESSAGE][WARNING] - Timeout '0' is invalid. Using default page load timeout: '30'

2018-09-05 15:32:59 - [MESSAGE][PASSED] - Tapped on element 'Object Repository/App/Android/Indice/android.widget.TextView5 - Graphics'

2018-09-05 15:32:59 - [TEST_STEP][PASSED] - pressBack: Press back button successfully

2018-09-05 15:32:59 - [MESSAGE][PASSED] - Press back button successfully

2018-09-05 15:32:59 - [TEST_STEP][PASSED] - tap: Tapped on element 'Object Repository/App/Android/Indice/android.widget.TextView6 - Media'

2018-09-05 15:32:59 - [MESSAGE][WARNING] - Timeout '0' is invalid. Using default page load timeout: '30'

2018-09-05 15:33:03 - [MESSAGE][PASSED] - Tapped on element 'Object Repository/App/Android/Indice/android.widget.TextView6 - Media'

2018-09-05 15:33:03 - [TEST_STEP][PASSED] - pressBack: Press back button successfully

2018-09-05 15:33:03 - [MESSAGE][PASSED] - Press back button successfully

2018-09-05 15:33:03 - [TEST_STEP][PASSED] - tap: Tapped on element 'Object Repository/App/Android/Indice/android.widget.TextView7 - NFC'

2018-09-05 15:33:03 - [MESSAGE][WARNING] - Timeout '0' is invalid. Using default page load timeout: '30'

2018-09-05 15:33:05 - [MESSAGE][PASSED] - Tapped on element 'Object Repository/App/Android/Indice/android.widget.TextView7 - NFC'

2018-09-05 15:33:05 - [TEST_STEP][PASSED] - pressBack: Press back button successfully

2018-09-05 15:33:06 - [MESSAGE][PASSED] - Press back button successfully

2018-09-05 15:33:06 - [TEST_STEP][PASSED] - tap: Tapped on element 'Object Repository/App/Android/Indice/android.widget.TextView8 - OS'

2018-09-05 15:33:06 - [MESSAGE][WARNING] - Timeout '0' is invalid. Using default page load timeout: '30'

2018-09-05 15:33:08 - [MESSAGE][PASSED] - Tapped on element 'Object Repository/App/Android/Indice/android.widget.TextView8 - OS'

2018-09-05 15:33:08 - [TEST_STEP][PASSED] - pressBack: Press back button successfully

2018-09-05 15:33:09 - [MESSAGE][PASSED] - Press back button successfully

2018-09-05 15:33:09 - [TEST_STEP][PASSED] - tap: Tapped on element 'Object Repository/App/Android/Indice/android.widget.TextView9 - Preference'

2018-09-05 15:33:09 - [MESSAGE][WARNING] - Timeout '0' is invalid. Using default page load timeout: '30'

2018-09-05 15:33:11 - [MESSAGE][PASSED] - Tapped on element 'Object Repository/App/Android/Indice/android.widget.TextView9 - Preference'

2018-09-05 15:33:11 - [TEST_STEP][PASSED] - pressBack: Press back button successfully

2018-09-05 15:33:11 - [MESSAGE][PASSED] - Press back button successfully

2018-09-05 15:33:11 - [TEST_STEP][PASSED] - tap: Tapped on element 'Object Repository/App/Android/Indice/android.widget.TextView9 - Preference'

2018-09-05 15:33:11 - [MESSAGE][WARNING] - Timeout '0' is invalid. Using default page load timeout: '30'

2018-09-05 15:33:14 - [MESSAGE][PASSED] - Tapped on element 'Object Repository/App/Android/Indice/android.widget.TextView9 - Preference'

2018-09-05 15:33:14 - [TEST_STEP][PASSED] - pressBack: Press back button successfully

2018-09-05 15:33:14 - [MESSAGE][PASSED] - Press back button successfully

2018-09-05 15:33:14 - [TEST_STEP][PASSED] - tap: Tapped on element 'Object Repository/App/Android/Indice/android.widget.TextView10 - Text'

2018-09-05 15:33:14 - [MESSAGE][WARNING] - Timeout '0' is invalid. Using default page load timeout: '30'

2018-09-05 15:33:17 - [MESSAGE][PASSED] - Tapped on element 'Object Repository/App/Android/Indice/android.widget.TextView10 - Text'

2018-09-05 15:33:17 - [TEST_STEP][PASSED] - pressBack: Press back button successfully

2018-09-05 15:33:17 - [MESSAGE][PASSED] - Press back button successfully

2018-09-05 15:33:17 - [TEST_STEP][PASSED] - tap: Tapped on element 'Object Repository/App/Android/Indice/android.widget.TextView11 - Views'

2018-09-05 15:33:17 - [MESSAGE][WARNING] - Timeout '0' is invalid. Using default page load timeout: '30'

2018-09-05 15:33:19 - [MESSAGE][PASSED] - Tapped on element 'Object Repository/App/Android/Indice/android.widget.TextView11 - Views'

2018-09-05 15:33:19 - [TEST_STEP][PASSED] - pressBack: Press back button successfully

2018-09-05 15:33:20 - [MESSAGE][PASSED] - Press back button successfully

2018-09-05 15:33:20 - [MESSAGE][PASSED] - Call Test Case 'Test Cases/App/Android/Lib/FirstExploratory' successfully

2018-09-05 15:33:20 - [TEST_STEP][PASSED] - callTestCase: Call Test Case 'Test Cases/App/Android/Lib/CloseApp' successfully

2018-09-05 15:33:20 - [TEST_CASE][PASSED] - Test Cases/App/Android/Lib/CloseApp: Test Cases/App/Android/Lib/CloseApp

2018-09-05 15:33:20 - [TEST_STEP][PASSED] - closeApplication: Close app successfully

2018-09-05 15:33:23 - [MESSAGE][PASSED] - Close app successfully

2018-09-05 15:33:23 - [MESSAGE][PASSED] - Call Test Case 'Test Cases/App/Android/Lib/CloseApp' successfully]]></system-out>
         <system-err><![CDATA[]]></system-err>
      </testcase>
      <system-out><![CDATA[2018-09-05 15:32:11 - [TEST_SUITE][PASSED] - TS_AppRegression: Test Cases/App/Android/TC/TC__ExploratoryWF1]]></system-out>
      <system-err><![CDATA[]]></system-err>
   </testsuite>
</testsuites>
